#
# There is insufficient memory for the Java Runtime Environment to continue.
# Native memory allocation (mmap) failed to map 41943040 bytes for G1 virtual space
# Possible reasons:
#   The system is out of physical RAM or swap space
#   The process is running with CompressedOops enabled, and the Java Heap may be blocking the growth of the native heap
# Possible solutions:
#   Reduce memory load on the system
#   Increase physical memory or swap space
#   Check if swap backing store is full
#   Decrease Java heap size (-Xmx/-Xms)
#   Decrease number of Java threads
#   Decrease Java thread stack sizes (-Xss)
#   Set larger code cache with -XX:ReservedCodeCacheSize=
#   JVM is running with Unscaled Compressed Oops mode in which the Java heap is
#     placed in the first 4GB address space. The Java Heap base address is the
#     maximum limit for the native heap growth. Please use -XX:HeapBaseMinAddress
#     to set the Java Heap base and to place the Java Heap above 4GB virtual address.
# This output file may be truncated or incomplete.
#
#  Out of Memory Error (os_windows.cpp:3600), pid=27584, tid=35388
#
# JRE version: Java(TM) SE Runtime Environment (21.0.1+12) (build 21.0.1+12-LTS-29)
# Java VM: Java HotSpot(TM) 64-Bit Server VM (21.0.1+12-LTS-29, mixed mode, sharing, tiered, compressed oops, compressed class ptrs, g1 gc, windows-amd64)
# No core dump will be written. Minidumps are not enabled by default on client versions of Windows
#

---------------  S U M M A R Y ------------

Command Line: --add-opens=java.base/java.util=ALL-UNNAMED --add-opens=java.base/java.lang=ALL-UNNAMED --add-opens=java.base/java.lang.invoke=ALL-UNNAMED --add-opens=java.prefs/java.util.prefs=ALL-UNNAMED --add-opens=java.base/java.nio.charset=ALL-UNNAMED --add-opens=java.base/java.net=ALL-UNNAMED --add-opens=java.base/java.util.concurrent.atomic=ALL-UNNAMED -Xmx2048m -Dfile.encoding=UTF-8 -Duser.country=IN -Duser.language=en -Duser.variant -javaagent:C:\Users\B NISHIDA\.gradle\wrapper\dists\gradle-8.7-bin\bhs2wmbdwecv87pi65oeuq5iu\gradle-8.7\lib\agents\gradle-instrumentation-agent-8.7.jar org.gradle.launcher.daemon.bootstrap.GradleDaemon 8.7

Host: AMD Ryzen 5 5500U with Radeon Graphics         , 12 cores, 5G,  Windows 11 , 64 bit Build 22621 (10.0.22621.5415)
Time: Sat Jan  3 10:00:42 2026 India Standard Time elapsed time: 23.575988 seconds (0d 0h 0m 23s)

---------------  T H R E A D  ---------------

Current thread (0x0000020fe559f500):  VMThread "VM Thread"          [id=35388, stack(0x000000ac69900000,0x000000ac69a00000) (1024K)]

Stack: [0x000000ac69900000,0x000000ac69a00000]
Native frames: (J=compiled Java code, j=interpreted, Vv=VM code, C=native code)
V  [jvm.dll+0x6c9029]
V  [jvm.dll+0x854b81]
V  [jvm.dll+0x856e5e]
V  [jvm.dll+0x857543]
V  [jvm.dll+0x280c06]
V  [jvm.dll+0x6c5715]
V  [jvm.dll+0x6ba10a]
V  [jvm.dll+0x3557ea]
V  [jvm.dll+0x35d436]
V  [jvm.dll+0x3ae1be]
V  [jvm.dll+0x3ae468]
V  [jvm.dll+0x3291fc]
V  [jvm.dll+0x329287]
V  [jvm.dll+0x36db3c]
V  [jvm.dll+0x36c33d]
V  [jvm.dll+0x328971]
V  [jvm.dll+0x36ba4a]
V  [jvm.dll+0x85d048]
V  [jvm.dll+0x85e144]
V  [jvm.dll+0x85e680]
V  [jvm.dll+0x85e923]
V  [jvm.dll+0x7fd728]
V  [jvm.dll+0x6c777d]
C  [ucrtbase.dll+0x29333]
C  [KERNEL32.DLL+0x1259d]
C  [ntdll.dll+0x5af78]

VM_Operation (0x000000ac6fffb6d0): G1CollectForAllocation, mode: safepoint, requested by thread 0x0000020fee4899c0


---------------  P R O C E S S  ---------------

Threads class SMR info:
_java_thread_list=0x0000020fec0f1520, length=92, elements={
0x0000020fc65f31c0, 0x0000020fe55bc110, 0x0000020fe55bccd0, 0x0000020fe55bef80,
0x0000020fe55bf9e0, 0x0000020fe55c0440, 0x0000020fe55c4ca0, 0x0000020fe55c7a40,
0x0000020fe55d02c0, 0x0000020fe579c710, 0x0000020fe5948390, 0x0000020feb5a6e40,
0x0000020feb4c2fc0, 0x0000020feb976680, 0x0000020feb921d90, 0x0000020feb9510e0,
0x0000020feb822da0, 0x0000020feb823410, 0x0000020feb81e8b0, 0x0000020feb925560,
0x0000020feb924840, 0x0000020feb924ed0, 0x0000020feb926910, 0x0000020feb923490,
0x0000020feb9241b0, 0x0000020feb925bf0, 0x0000020feb926280, 0x0000020febfee010,
0x0000020febfed980, 0x0000020febfee6a0, 0x0000020febff00e0, 0x0000020febff1490,
0x0000020febff0770, 0x0000020febfea500, 0x0000020febfecc60, 0x0000020febfeab90,
0x0000020febfeb220, 0x0000020febfeb8b0, 0x0000020febfec5d0, 0x0000020febfed2f0,
0x0000020fede1e530, 0x0000020fede1f250, 0x0000020fede1ebc0, 0x0000020fede19d00,
0x0000020fede1d180, 0x0000020fede1d810, 0x0000020fede1f8e0, 0x0000020fede1ff70,
0x0000020fede1dea0, 0x0000020fede1aa20, 0x0000020fede20600, 0x0000020fede19670,
0x0000020fede20c90, 0x0000020fede1a390, 0x0000020fede1b0b0, 0x0000020fee7cea40,
0x0000020fee7ce3b0, 0x0000020fee7c94f0, 0x0000020fee7caf30, 0x0000020fee7cd690,
0x0000020fee7ca210, 0x0000020fee7d0b10, 0x0000020fee7c9b80, 0x0000020fee7ca8a0,
0x0000020fee7cb5c0, 0x0000020fee7cbc50, 0x0000020fee7cc2e0, 0x0000020fee7cdd20,
0x0000020fee7cf0d0, 0x0000020fee7cf760, 0x0000020fef3e1880, 0x0000020fef3df120,
0x0000020fef3dea90, 0x0000020fef3e1f10, 0x0000020fef3df7b0, 0x0000020fef3dc9c0,
0x0000020fef3dd050, 0x0000020fef3e11f0, 0x0000020fef3dfe40, 0x0000020fef3e04d0,
0x0000020fef3e25a0, 0x0000020fee484b00, 0x0000020fee485eb0, 0x0000020fee489330,
0x0000020fee487260, 0x0000020fee482a30, 0x0000020fee488610, 0x0000020fee485190,
0x0000020fee486540, 0x0000020fee486bd0, 0x0000020fee4878f0, 0x0000020fee4899c0
}

Java Threads: ( => current thread )
  0x0000020fc65f31c0 JavaThread "main"                              [_thread_blocked, id=34776, stack(0x000000ac69200000,0x000000ac69300000) (1024K)]
  0x0000020fe55bc110 JavaThread "Reference Handler"          daemon [_thread_blocked, id=3236, stack(0x000000ac69a00000,0x000000ac69b00000) (1024K)]
  0x0000020fe55bccd0 JavaThread "Finalizer"                  daemon [_thread_blocked, id=2276, stack(0x000000ac69b00000,0x000000ac69c00000) (1024K)]
  0x0000020fe55bef80 JavaThread "Signal Dispatcher"          daemon [_thread_blocked, id=30336, stack(0x000000ac69c00000,0x000000ac69d00000) (1024K)]
  0x0000020fe55bf9e0 JavaThread "Attach Listener"            daemon [_thread_blocked, id=31664, stack(0x000000ac69d00000,0x000000ac69e00000) (1024K)]
  0x0000020fe55c0440 JavaThread "Service Thread"             daemon [_thread_blocked, id=34600, stack(0x000000ac69e00000,0x000000ac69f00000) (1024K)]
  0x0000020fe55c4ca0 JavaThread "Monitor Deflation Thread"   daemon [_thread_blocked, id=30808, stack(0x000000ac69f00000,0x000000ac6a000000) (1024K)]
  0x0000020fe55c7a40 JavaThread "C2 CompilerThread0"         daemon [_thread_blocked, id=11840, stack(0x000000ac6a000000,0x000000ac6a100000) (1024K)]
  0x0000020fe55d02c0 JavaThread "C1 CompilerThread0"         daemon [_thread_blocked, id=32748, stack(0x000000ac6a100000,0x000000ac6a200000) (1024K)]
  0x0000020fe579c710 JavaThread "Common-Cleaner"             daemon [_thread_blocked, id=2064, stack(0x000000ac6a200000,0x000000ac6a300000) (1024K)]
  0x0000020fe5948390 JavaThread "Notification Thread"        daemon [_thread_blocked, id=8260, stack(0x000000ac6a300000,0x000000ac6a400000) (1024K)]
  0x0000020feb5a6e40 JavaThread "Daemon health stats"               [_thread_blocked, id=14716, stack(0x000000ac6a400000,0x000000ac6a500000) (1024K)]
  0x0000020feb4c2fc0 JavaThread "Incoming local TCP Connector on port 59390"        [_thread_in_native, id=2912, stack(0x000000ac6a900000,0x000000ac6aa00000) (1024K)]
  0x0000020feb976680 JavaThread "Daemon periodic checks"            [_thread_blocked, id=13212, stack(0x000000ac6aa00000,0x000000ac6ab00000) (1024K)]
  0x0000020feb921d90 JavaThread "Daemon"                            [_thread_blocked, id=24776, stack(0x000000ac6ab00000,0x000000ac6ac00000) (1024K)]
  0x0000020feb9510e0 JavaThread "Handler for socket connection from /127.0.0.1:59390 to /127.0.0.1:59391"        [_thread_in_native, id=34504, stack(0x000000ac6ac00000,0x000000ac6ad00000) (1024K)]
  0x0000020feb822da0 JavaThread "Cancel handler"                    [_thread_blocked, id=25276, stack(0x000000ac6ad00000,0x000000ac6ae00000) (1024K)]
  0x0000020feb823410 JavaThread "Daemon worker"                     [_thread_blocked, id=2200, stack(0x000000ac6ae00000,0x000000ac6af00000) (1024K)]
  0x0000020feb81e8b0 JavaThread "Asynchronous log dispatcher for DefaultDaemonConnection: socket connection from /127.0.0.1:59390 to /127.0.0.1:59391"        [_thread_blocked, id=21508, stack(0x000000ac6af00000,0x000000ac6b000000) (1024K)]
  0x0000020feb925560 JavaThread "Stdin handler"                     [_thread_blocked, id=22192, stack(0x000000ac6b000000,0x000000ac6b100000) (1024K)]
  0x0000020feb924840 JavaThread "Daemon client event forwarder"        [_thread_blocked, id=23592, stack(0x000000ac6b100000,0x000000ac6b200000) (1024K)]
  0x0000020feb924ed0 JavaThread "Cache worker for journal cache (C:\Users\B NISHIDA\.gradle\caches\journal-1)"        [_thread_blocked, id=21556, stack(0x000000ac6b700000,0x000000ac6b800000) (1024K)]
  0x0000020feb926910 JavaThread "File lock request listener"        [_thread_in_native, id=16604, stack(0x000000ac6b800000,0x000000ac6b900000) (1024K)]
  0x0000020feb923490 JavaThread "Cache worker for file hash cache (C:\Users\B NISHIDA\.gradle\caches\8.7\fileHashes)"        [_thread_blocked, id=35548, stack(0x000000ac6b900000,0x000000ac6ba00000) (1024K)]
  0x0000020feb9241b0 JavaThread "Cache worker for file hash cache (C:\Users\B NISHIDA\AndroidStudioProjects\MyApplication3\.gradle\8.7\fileHashes)"        [_thread_blocked, id=33288, stack(0x000000ac6ba00000,0x000000ac6bb00000) (1024K)]
  0x0000020feb925bf0 JavaThread "File watcher server"        daemon [_thread_blocked, id=24632, stack(0x000000ac6bd00000,0x000000ac6be00000) (1024K)]
  0x0000020feb926280 JavaThread "File watcher consumer"      daemon [_thread_blocked, id=19756, stack(0x000000ac6be00000,0x000000ac6bf00000) (1024K)]
  0x0000020febfee010 JavaThread "Cache worker for checksums cache (C:\Users\B NISHIDA\AndroidStudioProjects\MyApplication3\.gradle\8.7\checksums)"        [_thread_blocked, id=13952, stack(0x000000ac6bf00000,0x000000ac6c000000) (1024K)]
  0x0000020febfed980 JavaThread "Cache worker for cache directory md-supplier (C:\Users\B NISHIDA\.gradle\caches\8.7\md-supplier)"        [_thread_blocked, id=33892, stack(0x000000ac6c000000,0x000000ac6c100000) (1024K)]
  0x0000020febfee6a0 JavaThread "Cache worker for cache directory md-rule (C:\Users\B NISHIDA\.gradle\caches\8.7\md-rule)"        [_thread_blocked, id=25332, stack(0x000000ac6c100000,0x000000ac6c200000) (1024K)]
  0x0000020febff00e0 JavaThread "Cache worker for file content cache (C:\Users\B NISHIDA\.gradle\caches\8.7\fileContent)"        [_thread_blocked, id=31108, stack(0x000000ac6c200000,0x000000ac6c300000) (1024K)]
  0x0000020febff1490 JavaThread "Cache worker for Build Output Cleanup Cache (C:\Users\B NISHIDA\AndroidStudioProjects\MyApplication3\.gradle\buildOutputCleanup)"        [_thread_blocked, id=5276, stack(0x000000ac6c400000,0x000000ac6c500000) (1024K)]
  0x0000020febff0770 JavaThread "Unconstrained build operations"        [_thread_blocked, id=29896, stack(0x000000ac6c500000,0x000000ac6c600000) (1024K)]
  0x0000020febfea500 JavaThread "Unconstrained build operations Thread 2"        [_thread_blocked, id=18456, stack(0x000000ac6c600000,0x000000ac6c700000) (1024K)]
  0x0000020febfecc60 JavaThread "Unconstrained build operations Thread 3"        [_thread_blocked, id=25176, stack(0x000000ac6c700000,0x000000ac6c800000) (1024K)]
  0x0000020febfeab90 JavaThread "Unconstrained build operations Thread 4"        [_thread_blocked, id=4084, stack(0x000000ac6c800000,0x000000ac6c900000) (1024K)]
  0x0000020febfeb220 JavaThread "Unconstrained build operations Thread 5"        [_thread_blocked, id=332, stack(0x000000ac6c900000,0x000000ac6ca00000) (1024K)]
  0x0000020febfeb8b0 JavaThread "Unconstrained build operations Thread 6"        [_thread_blocked, id=19636, stack(0x000000ac6ca00000,0x000000ac6cb00000) (1024K)]
  0x0000020febfec5d0 JavaThread "Unconstrained build operations Thread 7"        [_thread_blocked, id=13008, stack(0x000000ac6cb00000,0x000000ac6cc00000) (1024K)]
  0x0000020febfed2f0 JavaThread "Unconstrained build operations Thread 8"        [_thread_blocked, id=31224, stack(0x000000ac6cc00000,0x000000ac6cd00000) (1024K)]
  0x0000020fede1e530 JavaThread "Unconstrained build operations Thread 9"        [_thread_blocked, id=25920, stack(0x000000ac6cd00000,0x000000ac6ce00000) (1024K)]
  0x0000020fede1f250 JavaThread "Unconstrained build operations Thread 10"        [_thread_blocked, id=11276, stack(0x000000ac6ce00000,0x000000ac6cf00000) (1024K)]
  0x0000020fede1ebc0 JavaThread "Unconstrained build operations Thread 11"        [_thread_blocked, id=29024, stack(0x000000ac6cf00000,0x000000ac6d000000) (1024K)]
  0x0000020fede19d00 JavaThread "Unconstrained build operations Thread 12"        [_thread_blocked, id=16400, stack(0x000000ac6d000000,0x000000ac6d100000) (1024K)]
  0x0000020fede1d180 JavaThread "Unconstrained build operations Thread 13"        [_thread_blocked, id=26364, stack(0x000000ac6d100000,0x000000ac6d200000) (1024K)]
  0x0000020fede1d810 JavaThread "Unconstrained build operations Thread 14"        [_thread_blocked, id=7380, stack(0x000000ac6d200000,0x000000ac6d300000) (1024K)]
  0x0000020fede1f8e0 JavaThread "Unconstrained build operations Thread 15"        [_thread_blocked, id=1264, stack(0x000000ac6d300000,0x000000ac6d400000) (1024K)]
  0x0000020fede1ff70 JavaThread "Unconstrained build operations Thread 16"        [_thread_blocked, id=28592, stack(0x000000ac6d400000,0x000000ac6d500000) (1024K)]
  0x0000020fede1dea0 JavaThread "Unconstrained build operations Thread 17"        [_thread_blocked, id=25560, stack(0x000000ac6d500000,0x000000ac6d600000) (1024K)]
  0x0000020fede1aa20 JavaThread "Unconstrained build operations Thread 18"        [_thread_blocked, id=27924, stack(0x000000ac6d600000,0x000000ac6d700000) (1024K)]
  0x0000020fede20600 JavaThread "Unconstrained build operations Thread 19"        [_thread_blocked, id=12204, stack(0x000000ac6d700000,0x000000ac6d800000) (1024K)]
  0x0000020fede19670 JavaThread "Unconstrained build operations Thread 20"        [_thread_blocked, id=28160, stack(0x000000ac6d800000,0x000000ac6d900000) (1024K)]
  0x0000020fede20c90 JavaThread "Unconstrained build operations Thread 21"        [_thread_blocked, id=15780, stack(0x000000ac6d900000,0x000000ac6da00000) (1024K)]
  0x0000020fede1a390 JavaThread "Unconstrained build operations Thread 22"        [_thread_blocked, id=34844, stack(0x000000ac6da00000,0x000000ac6db00000) (1024K)]
  0x0000020fede1b0b0 JavaThread "Memory manager"                    [_thread_blocked, id=7068, stack(0x000000ac6c300000,0x000000ac6c400000) (1024K)]
  0x0000020fee7cea40 JavaThread "pool-3-thread-1"                   [_thread_blocked, id=16312, stack(0x000000ac6db00000,0x000000ac6dc00000) (1024K)]
  0x0000020fee7ce3b0 JavaThread "build event listener"              [_thread_blocked, id=12452, stack(0x000000ac6dc00000,0x000000ac6dd00000) (1024K)]
  0x0000020fee7c94f0 JavaThread "included builds"                   [_thread_blocked, id=20252, stack(0x000000ac6dd00000,0x000000ac6de00000) (1024K)]
  0x0000020fee7caf30 JavaThread "Execution worker"                  [_thread_blocked, id=16344, stack(0x000000ac6de00000,0x000000ac6df00000) (1024K)]
  0x0000020fee7cd690 JavaThread "Execution worker Thread 2"         [_thread_blocked, id=26656, stack(0x000000ac6df00000,0x000000ac6e000000) (1024K)]
  0x0000020fee7ca210 JavaThread "Execution worker Thread 3"         [_thread_blocked, id=18136, stack(0x000000ac6e000000,0x000000ac6e100000) (1024K)]
  0x0000020fee7d0b10 JavaThread "Execution worker Thread 4"         [_thread_blocked, id=21548, stack(0x000000ac6e100000,0x000000ac6e200000) (1024K)]
  0x0000020fee7c9b80 JavaThread "Execution worker Thread 5"         [_thread_blocked, id=19556, stack(0x000000ac6e200000,0x000000ac6e300000) (1024K)]
  0x0000020fee7ca8a0 JavaThread "Execution worker Thread 6"         [_thread_blocked, id=25344, stack(0x000000ac6e300000,0x000000ac6e400000) (1024K)]
  0x0000020fee7cb5c0 JavaThread "Execution worker Thread 7"         [_thread_blocked, id=32616, stack(0x000000ac6e400000,0x000000ac6e500000) (1024K)]
  0x0000020fee7cbc50 JavaThread "Execution worker Thread 8"         [_thread_blocked, id=20164, stack(0x000000ac6e500000,0x000000ac6e600000) (1024K)]
  0x0000020fee7cc2e0 JavaThread "Execution worker Thread 9"         [_thread_blocked, id=13324, stack(0x000000ac6e600000,0x000000ac6e700000) (1024K)]
  0x0000020fee7cdd20 JavaThread "Execution worker Thread 10"        [_thread_blocked, id=34520, stack(0x000000ac6e700000,0x000000ac6e800000) (1024K)]
  0x0000020fee7cf0d0 JavaThread "Execution worker Thread 11"        [_thread_blocked, id=12008, stack(0x000000ac6e800000,0x000000ac6e900000) (1024K)]
  0x0000020fee7cf760 JavaThread "Cache worker for execution history cache (C:\Users\B NISHIDA\AndroidStudioProjects\MyApplication3\.gradle\8.7\executionHistory)"        [_thread_blocked, id=24620, stack(0x000000ac6e900000,0x000000ac6ea00000) (1024K)]
  0x0000020fef3e1880 JavaThread "Unconstrained build operations Thread 23"        [_thread_blocked, id=25508, stack(0x000000ac6ea00000,0x000000ac6eb00000) (1024K)]
  0x0000020fef3df120 JavaThread "Unconstrained build operations Thread 24"        [_thread_blocked, id=27296, stack(0x000000ac6eb00000,0x000000ac6ec00000) (1024K)]
  0x0000020fef3dea90 JavaThread "Unconstrained build operations Thread 25"        [_thread_blocked, id=8952, stack(0x000000ac6ec00000,0x000000ac6ed00000) (1024K)]
  0x0000020fef3e1f10 JavaThread "Unconstrained build operations Thread 26"        [_thread_blocked, id=2960, stack(0x000000ac6ed00000,0x000000ac6ee00000) (1024K)]
  0x0000020fef3df7b0 JavaThread "Unconstrained build operations Thread 27"        [_thread_blocked, id=31176, stack(0x000000ac6ee00000,0x000000ac6ef00000) (1024K)]
  0x0000020fef3dc9c0 JavaThread "Unconstrained build operations Thread 28"        [_thread_blocked, id=28860, stack(0x000000ac6ef00000,0x000000ac6f000000) (1024K)]
  0x0000020fef3dd050 JavaThread "Unconstrained build operations Thread 29"        [_thread_blocked, id=8924, stack(0x000000ac6f000000,0x000000ac6f100000) (1024K)]
  0x0000020fef3e11f0 JavaThread "Unconstrained build operations Thread 30"        [_thread_blocked, id=5776, stack(0x000000ac6f100000,0x000000ac6f200000) (1024K)]
  0x0000020fef3dfe40 JavaThread "Unconstrained build operations Thread 31"        [_thread_blocked, id=31992, stack(0x000000ac6f200000,0x000000ac6f300000) (1024K)]
  0x0000020fef3e04d0 JavaThread "Unconstrained build operations Thread 32"        [_thread_blocked, id=23680, stack(0x000000ac6f300000,0x000000ac6f400000) (1024K)]
  0x0000020fef3e25a0 JavaThread "Unconstrained build operations Thread 33"        [_thread_blocked, id=34056, stack(0x000000ac6f400000,0x000000ac6f500000) (1024K)]
  0x0000020fee484b00 JavaThread "WorkerExecutor Queue"              [_thread_blocked, id=27240, stack(0x000000ac6f500000,0x000000ac6f600000) (1024K)]
  0x0000020fee485eb0 JavaThread "WorkerExecutor Queue Thread 2"        [_thread_blocked, id=2460, stack(0x000000ac6f600000,0x000000ac6f700000) (1024K)]
  0x0000020fee489330 JavaThread "WorkerExecutor Queue Thread 3"        [_thread_blocked, id=29528, stack(0x000000ac6f700000,0x000000ac6f800000) (1024K)]
  0x0000020fee487260 JavaThread "WorkerExecutor Queue Thread 4"        [_thread_blocked, id=22148, stack(0x000000ac6f800000,0x000000ac6f900000) (1024K)]
  0x0000020fee482a30 JavaThread "WorkerExecutor Queue Thread 5"        [_thread_blocked, id=3620, stack(0x000000ac6f900000,0x000000ac6fa00000) (1024K)]
  0x0000020fee488610 JavaThread "WorkerExecutor Queue Thread 6"        [_thread_blocked, id=16088, stack(0x000000ac6fa00000,0x000000ac6fb00000) (1024K)]
  0x0000020fee485190 JavaThread "WorkerExecutor Queue Thread 7"        [_thread_blocked, id=34696, stack(0x000000ac6fb00000,0x000000ac6fc00000) (1024K)]
  0x0000020fee486540 JavaThread "WorkerExecutor Queue Thread 8"        [_thread_blocked, id=10004, stack(0x000000ac6fc00000,0x000000ac6fd00000) (1024K)]
  0x0000020fee486bd0 JavaThread "WorkerExecutor Queue Thread 9"        [_thread_blocked, id=15796, stack(0x000000ac6fd00000,0x000000ac6fe00000) (1024K)]
  0x0000020fee4878f0 JavaThread "WorkerExecutor Queue Thread 10"        [_thread_blocked, id=25752, stack(0x000000ac6fe00000,0x000000ac6ff00000) (1024K)]
  0x0000020fee4899c0 JavaThread "WorkerExecutor Queue Thread 11"        [_thread_blocked, id=15080, stack(0x000000ac6ff00000,0x000000ac70000000) (1024K)]
Total: 92

Other Threads:
=>0x0000020fe559f500 VMThread "VM Thread"                           [id=35388, stack(0x000000ac69900000,0x000000ac69a00000) (1024K)]
  0x0000020fe558a720 WatcherThread "VM Periodic Task Thread"        [id=23100, stack(0x000000ac69800000,0x000000ac69900000) (1024K)]
  0x0000020fc8814560 WorkerThread "GC Thread#0"                     [id=18416, stack(0x000000ac69300000,0x000000ac69400000) (1024K)]
  0x0000020fea7df390 WorkerThread "GC Thread#1"                     [id=27180, stack(0x000000ac6a500000,0x000000ac6a600000) (1024K)]
  0x0000020fea950a40 WorkerThread "GC Thread#2"                     [id=11664, stack(0x000000ac6a600000,0x000000ac6a700000) (1024K)]
  0x0000020fea90f120 WorkerThread "GC Thread#3"                     [id=6616, stack(0x000000ac6a700000,0x000000ac6a800000) (1024K)]
  0x0000020fea90f4c0 WorkerThread "GC Thread#4"                     [id=33912, stack(0x000000ac6a800000,0x000000ac6a900000) (1024K)]
  0x0000020feb634770 WorkerThread "GC Thread#5"                     [id=19404, stack(0x000000ac6b200000,0x000000ac6b300000) (1024K)]
  0x0000020fe5b1cb60 WorkerThread "GC Thread#6"                     [id=28852, stack(0x000000ac6b300000,0x000000ac6b400000) (1024K)]
  0x0000020fe5b1eb70 WorkerThread "GC Thread#7"                     [id=28032, stack(0x000000ac6b400000,0x000000ac6b500000) (1024K)]
  0x0000020feb645130 WorkerThread "GC Thread#8"                     [id=1512, stack(0x000000ac6b500000,0x000000ac6b600000) (1024K)]
  0x0000020feb6385b0 WorkerThread "GC Thread#9"                     [id=10428, stack(0x000000ac6b600000,0x000000ac6b700000) (1024K)]
  0x0000020fc8826610 ConcurrentGCThread "G1 Main Marker"            [id=34456, stack(0x000000ac69400000,0x000000ac69500000) (1024K)]
  0x0000020fc88277c0 WorkerThread "G1 Conc#0"                       [id=18840, stack(0x000000ac69500000,0x000000ac69600000) (1024K)]
  0x0000020feb637730 WorkerThread "G1 Conc#1"                       [id=19468, stack(0x000000ac6bb00000,0x000000ac6bc00000) (1024K)]
  0x0000020feb637ad0 WorkerThread "G1 Conc#2"                       [id=35672, stack(0x000000ac6bc00000,0x000000ac6bd00000) (1024K)]
  0x0000020fe545dbd0 ConcurrentGCThread "G1 Refine#0"               [id=13536, stack(0x000000ac69600000,0x000000ac69700000) (1024K)]
  0x0000020fe545e650 ConcurrentGCThread "G1 Service"                [id=10816, stack(0x000000ac69700000,0x000000ac69800000) (1024K)]
Total: 18

Threads with active compile tasks:
C2 CompilerThread0    23633 11431       4       com.android.utils.XmlUtils::append (597 bytes)
C1 CompilerThread0    23633 11724   !   2       jdk.internal.reflect.GeneratedSerializationConstructorAccessor35::newInstance (49 bytes)
Total: 2

VM state: at safepoint (normal execution)

VM Mutex/Monitor currently owned by a thread:  ([mutex/lock_event])
[0x00007ffc1f72a5f8] Threads_lock - owner thread: 0x0000020fe559f500
[0x00007ffc1f72a6f8] Heap_lock - owner thread: 0x0000020fee4899c0

Heap address: 0x0000000080000000, size: 2048 MB, Compressed Oops mode: 32-bit

CDS archive(s) mapped at: [0x0000020f80000000-0x0000020f80c90000-0x0000020f80c90000), size 13172736, SharedBaseAddress: 0x0000020f80000000, ArchiveRelocationMode: 1.
Compressed class space mapped at: 0x0000020f81000000-0x0000020fc1000000, reserved size: 1073741824
Narrow klass base: 0x0000020f80000000, Narrow klass shift: 0, Narrow klass range: 0x100000000

GC Precious Log:
 CardTable entry size: 512
 Card Set container configuration: InlinePtr #cards 5 size 8 Array Of Cards #cards 12 size 40 Howl #buckets 4 coarsen threshold 1843 Howl Bitmap #cards 512 size 80 coarsen threshold 460 Card regions per heap region 1 cards per card region 2048
 CPUs: 12 total, 12 available
 Memory: 6005M
 Large Page Support: Disabled
 NUMA Support: Disabled
 Compressed Oops: Enabled (32-bit)
 Heap Region Size: 1M
 Heap Min Capacity: 8M
 Heap Initial Capacity: 94M
 Heap Max Capacity: 2G
 Pre-touch: Disabled
 Parallel Workers: 10
 Concurrent Workers: 3
 Concurrent Refinement Workers: 10
 Periodic GC: Disabled

Heap:
 garbage-first heap   total 201728K, used 120880K [0x0000000080000000, 0x0000000100000000)
  region size 1024K, 8 young (8192K), 8 survivors (8192K)
 Metaspace       used 87369K, committed 89472K, reserved 1179648K
  class space    used 12065K, committed 13120K, reserved 1048576K

Heap Regions: E=young(eden), S=young(survivor), O=old, HS=humongous(starts), HC=humongous(continues), CS=collection set, F=free, TAMS=top-at-mark-start, PB=parsable bottom
|   0|0x0000000080000000, 0x0000000080100000, 0x0000000080100000|100%|HS|  |TAMS 0x0000000080000000| PB 0x0000000080000000| Complete 
|   1|0x0000000080100000, 0x0000000080200000, 0x0000000080200000|100%|HC|  |TAMS 0x0000000080100000| PB 0x0000000080100000| Complete 
|   2|0x0000000080200000, 0x0000000080300000, 0x0000000080300000|100%|HC|  |TAMS 0x0000000080200000| PB 0x0000000080200000| Complete 
|   3|0x0000000080300000, 0x0000000080400000, 0x0000000080400000|100%|HC|  |TAMS 0x0000000080300000| PB 0x0000000080300000| Complete 
|   4|0x0000000080400000, 0x0000000080500000, 0x0000000080500000|100%| O|  |TAMS 0x0000000080400000| PB 0x0000000080400000| Untracked 
|   5|0x0000000080500000, 0x0000000080600000, 0x0000000080600000|100%| O|  |TAMS 0x0000000080500000| PB 0x0000000080500000| Untracked 
|   6|0x0000000080600000, 0x0000000080700000, 0x0000000080700000|100%| O|  |TAMS 0x0000000080600000| PB 0x0000000080600000| Untracked 
|   7|0x0000000080700000, 0x0000000080800000, 0x0000000080800000|100%| O|  |TAMS 0x0000000080700000| PB 0x0000000080700000| Untracked 
|   8|0x0000000080800000, 0x0000000080900000, 0x0000000080900000|100%| O|  |TAMS 0x0000000080800000| PB 0x0000000080800000| Untracked 
|   9|0x0000000080900000, 0x0000000080a00000, 0x0000000080a00000|100%| O|  |TAMS 0x0000000080900000| PB 0x0000000080900000| Untracked 
|  10|0x0000000080a00000, 0x0000000080b00000, 0x0000000080b00000|100%| O|  |TAMS 0x0000000080a00000| PB 0x0000000080a00000| Untracked 
|  11|0x0000000080b00000, 0x0000000080c00000, 0x0000000080c00000|100%| O|  |TAMS 0x0000000080b00000| PB 0x0000000080b00000| Untracked 
|  12|0x0000000080c00000, 0x0000000080d00000, 0x0000000080d00000|100%| O|  |TAMS 0x0000000080c00000| PB 0x0000000080c00000| Untracked 
|  13|0x0000000080d00000, 0x0000000080e00000, 0x0000000080e00000|100%| O|  |TAMS 0x0000000080d00000| PB 0x0000000080d00000| Untracked 
|  14|0x0000000080e00000, 0x0000000080f00000, 0x0000000080f00000|100%| O|  |TAMS 0x0000000080e00000| PB 0x0000000080e00000| Untracked 
|  15|0x0000000080f00000, 0x0000000081000000, 0x0000000081000000|100%| O|  |TAMS 0x0000000080f00000| PB 0x0000000080f00000| Untracked 
|  16|0x0000000081000000, 0x0000000081100000, 0x0000000081100000|100%| O|  |TAMS 0x0000000081000000| PB 0x0000000081000000| Untracked 
|  17|0x0000000081100000, 0x0000000081200000, 0x0000000081200000|100%| O|  |TAMS 0x0000000081100000| PB 0x0000000081100000| Untracked 
|  18|0x0000000081200000, 0x0000000081300000, 0x0000000081300000|100%| O|  |TAMS 0x0000000081200000| PB 0x0000000081200000| Untracked 
|  19|0x0000000081300000, 0x0000000081400000, 0x0000000081400000|100%| O|  |TAMS 0x0000000081300000| PB 0x0000000081300000| Untracked 
|  20|0x0000000081400000, 0x0000000081500000, 0x0000000081500000|100%| O|  |TAMS 0x0000000081400000| PB 0x0000000081400000| Untracked 
|  21|0x0000000081500000, 0x0000000081600000, 0x0000000081600000|100%| O|  |TAMS 0x0000000081500000| PB 0x0000000081500000| Untracked 
|  22|0x0000000081600000, 0x0000000081700000, 0x0000000081700000|100%| O|  |TAMS 0x0000000081600000| PB 0x0000000081600000| Untracked 
|  23|0x0000000081700000, 0x0000000081800000, 0x0000000081800000|100%| O|  |TAMS 0x0000000081700000| PB 0x0000000081700000| Untracked 
|  24|0x0000000081800000, 0x0000000081900000, 0x0000000081900000|100%| O|  |TAMS 0x0000000081800000| PB 0x0000000081800000| Untracked 
|  25|0x0000000081900000, 0x0000000081a00000, 0x0000000081a00000|100%| O|  |TAMS 0x0000000081900000| PB 0x0000000081900000| Untracked 
|  26|0x0000000081a00000, 0x0000000081b00000, 0x0000000081b00000|100%| O|  |TAMS 0x0000000081a00000| PB 0x0000000081a00000| Untracked 
|  27|0x0000000081b00000, 0x0000000081c00000, 0x0000000081c00000|100%| O|  |TAMS 0x0000000081b00000| PB 0x0000000081b00000| Untracked 
|  28|0x0000000081c00000, 0x0000000081d00000, 0x0000000081d00000|100%| O|  |TAMS 0x0000000081c00000| PB 0x0000000081c00000| Untracked 
|  29|0x0000000081d00000, 0x0000000081e00000, 0x0000000081e00000|100%| O|  |TAMS 0x0000000081d00000| PB 0x0000000081d00000| Untracked 
|  30|0x0000000081e00000, 0x0000000081f00000, 0x0000000081f00000|100%| O|  |TAMS 0x0000000081e00000| PB 0x0000000081e00000| Untracked 
|  31|0x0000000081f00000, 0x0000000082000000, 0x0000000082000000|100%| O|  |TAMS 0x0000000081f00000| PB 0x0000000081f00000| Untracked 
|  32|0x0000000082000000, 0x0000000082100000, 0x0000000082100000|100%| O|  |TAMS 0x0000000082000000| PB 0x0000000082000000| Untracked 
|  33|0x0000000082100000, 0x0000000082200000, 0x0000000082200000|100%| O|  |TAMS 0x0000000082100000| PB 0x0000000082100000| Untracked 
|  34|0x0000000082200000, 0x0000000082300000, 0x0000000082300000|100%|HS|  |TAMS 0x0000000082200000| PB 0x0000000082200000| Complete 
|  35|0x0000000082300000, 0x0000000082400000, 0x0000000082400000|100%|HS|  |TAMS 0x0000000082300000| PB 0x0000000082300000| Complete 
|  36|0x0000000082400000, 0x0000000082500000, 0x0000000082500000|100%|HS|  |TAMS 0x0000000082400000| PB 0x0000000082400000| Complete 
|  37|0x0000000082500000, 0x0000000082600000, 0x0000000082600000|100%|HS|  |TAMS 0x0000000082500000| PB 0x0000000082500000| Complete 
|  38|0x0000000082600000, 0x0000000082700000, 0x0000000082700000|100%| O|  |TAMS 0x0000000082600000| PB 0x0000000082600000| Untracked 
|  39|0x0000000082700000, 0x0000000082800000, 0x0000000082800000|100%|HS|  |TAMS 0x0000000082700000| PB 0x0000000082700000| Complete 
|  40|0x0000000082800000, 0x0000000082900000, 0x0000000082900000|100%|HS|  |TAMS 0x0000000082800000| PB 0x0000000082800000| Complete 
|  41|0x0000000082900000, 0x0000000082a00000, 0x0000000082a00000|100%| O|  |TAMS 0x0000000082900000| PB 0x0000000082900000| Untracked 
|  42|0x0000000082a00000, 0x0000000082b00000, 0x0000000082b00000|100%| O|  |TAMS 0x0000000082a00000| PB 0x0000000082a00000| Untracked 
|  43|0x0000000082b00000, 0x0000000082c00000, 0x0000000082c00000|100%| O|  |TAMS 0x0000000082b00000| PB 0x0000000082b00000| Untracked 
|  44|0x0000000082c00000, 0x0000000082d00000, 0x0000000082d00000|100%| O|  |TAMS 0x0000000082c00000| PB 0x0000000082c00000| Untracked 
|  45|0x0000000082d00000, 0x0000000082e00000, 0x0000000082e00000|100%| O|  |TAMS 0x0000000082d00000| PB 0x0000000082d00000| Untracked 
|  46|0x0000000082e00000, 0x0000000082f00000, 0x0000000082f00000|100%| O|  |TAMS 0x0000000082e00000| PB 0x0000000082e00000| Untracked 
|  47|0x0000000082f00000, 0x0000000083000000, 0x0000000083000000|100%| O|  |TAMS 0x0000000082f00000| PB 0x0000000082f00000| Untracked 
|  48|0x0000000083000000, 0x0000000083100000, 0x0000000083100000|100%| O|  |TAMS 0x0000000083000000| PB 0x0000000083000000| Untracked 
|  49|0x0000000083100000, 0x0000000083200000, 0x0000000083200000|100%| O|  |TAMS 0x0000000083100000| PB 0x0000000083100000| Untracked 
|  50|0x0000000083200000, 0x0000000083300000, 0x0000000083300000|100%| O|  |TAMS 0x0000000083200000| PB 0x0000000083200000| Untracked 
|  51|0x0000000083300000, 0x0000000083400000, 0x0000000083400000|100%| O|  |TAMS 0x0000000083300000| PB 0x0000000083300000| Untracked 
|  52|0x0000000083400000, 0x0000000083500000, 0x0000000083500000|100%| O|  |TAMS 0x0000000083400000| PB 0x0000000083400000| Untracked 
|  53|0x0000000083500000, 0x0000000083600000, 0x0000000083600000|100%| O|  |TAMS 0x0000000083500000| PB 0x0000000083500000| Untracked 
|  54|0x0000000083600000, 0x0000000083700000, 0x0000000083700000|100%| O|  |TAMS 0x0000000083600000| PB 0x0000000083600000| Untracked 
|  55|0x0000000083700000, 0x0000000083800000, 0x0000000083800000|100%| O|  |TAMS 0x0000000083700000| PB 0x0000000083700000| Untracked 
|  56|0x0000000083800000, 0x0000000083900000, 0x0000000083900000|100%| O|  |TAMS 0x0000000083800000| PB 0x0000000083800000| Untracked 
|  57|0x0000000083900000, 0x0000000083a00000, 0x0000000083a00000|100%| O|  |TAMS 0x0000000083900000| PB 0x0000000083900000| Untracked 
|  58|0x0000000083a00000, 0x0000000083b00000, 0x0000000083b00000|100%|HS|  |TAMS 0x0000000083a00000| PB 0x0000000083a00000| Complete 
|  59|0x0000000083b00000, 0x0000000083c00000, 0x0000000083c00000|100%| O|  |TAMS 0x0000000083b00000| PB 0x0000000083b00000| Untracked 
|  60|0x0000000083c00000, 0x0000000083d00000, 0x0000000083d00000|100%| O|  |TAMS 0x0000000083c00000| PB 0x0000000083c00000| Untracked 
|  61|0x0000000083d00000, 0x0000000083e00000, 0x0000000083e00000|100%| O|  |TAMS 0x0000000083d00000| PB 0x0000000083d00000| Untracked 
|  62|0x0000000083e00000, 0x0000000083e00000, 0x0000000083f00000|  0%| F|  |TAMS 0x0000000083e00000| PB 0x0000000083e00000| Untracked 
|  63|0x0000000083f00000, 0x0000000084000000, 0x0000000084000000|100%| O|  |TAMS 0x0000000083f00000| PB 0x0000000083f00000| Untracked 
|  64|0x0000000084000000, 0x0000000084100000, 0x0000000084100000|100%| O|  |TAMS 0x0000000084000000| PB 0x0000000084000000| Untracked 
|  65|0x0000000084100000, 0x0000000084200000, 0x0000000084200000|100%| O|  |TAMS 0x0000000084100000| PB 0x0000000084100000| Untracked 
|  66|0x0000000084200000, 0x0000000084300000, 0x0000000084300000|100%| O|  |TAMS 0x0000000084200000| PB 0x0000000084200000| Untracked 
|  67|0x0000000084300000, 0x0000000084400000, 0x0000000084400000|100%| O|  |TAMS 0x0000000084300000| PB 0x0000000084300000| Untracked 
|  68|0x0000000084400000, 0x0000000084500000, 0x0000000084500000|100%| O|  |TAMS 0x0000000084400000| PB 0x0000000084400000| Untracked 
|  69|0x0000000084500000, 0x0000000084600000, 0x0000000084600000|100%| O|  |TAMS 0x0000000084500000| PB 0x0000000084500000| Untracked 
|  70|0x0000000084600000, 0x0000000084700000, 0x0000000084700000|100%| O|  |TAMS 0x0000000084600000| PB 0x0000000084600000| Untracked 
|  71|0x0000000084700000, 0x0000000084800000, 0x0000000084800000|100%| O|  |TAMS 0x0000000084700000| PB 0x0000000084700000| Untracked 
|  72|0x0000000084800000, 0x0000000084900000, 0x0000000084900000|100%| O|  |TAMS 0x0000000084800000| PB 0x0000000084800000| Untracked 
|  73|0x0000000084900000, 0x0000000084a00000, 0x0000000084a00000|100%| O|  |TAMS 0x0000000084900000| PB 0x0000000084900000| Untracked 
|  74|0x0000000084a00000, 0x0000000084b00000, 0x0000000084b00000|100%| O|  |TAMS 0x0000000084a00000| PB 0x0000000084a00000| Untracked 
|  75|0x0000000084b00000, 0x0000000084c00000, 0x0000000084c00000|100%| O|  |TAMS 0x0000000084b00000| PB 0x0000000084b00000| Untracked 
|  76|0x0000000084c00000, 0x0000000084d00000, 0x0000000084d00000|100%| O|  |TAMS 0x0000000084c00000| PB 0x0000000084c00000| Untracked 
|  77|0x0000000084d00000, 0x0000000084e00000, 0x0000000084e00000|100%| O|  |TAMS 0x0000000084d00000| PB 0x0000000084d00000| Untracked 
|  78|0x0000000084e00000, 0x0000000084f00000, 0x0000000084f00000|100%| O|  |TAMS 0x0000000084e00000| PB 0x0000000084e00000| Untracked 
|  79|0x0000000084f00000, 0x0000000085000000, 0x0000000085000000|100%| O|  |TAMS 0x0000000084f00000| PB 0x0000000084f00000| Untracked 
|  80|0x0000000085000000, 0x0000000085100000, 0x0000000085100000|100%| O|  |TAMS 0x0000000085000000| PB 0x0000000085000000| Untracked 
|  81|0x0000000085100000, 0x0000000085200000, 0x0000000085200000|100%| O|  |TAMS 0x0000000085100000| PB 0x0000000085100000| Untracked 
|  82|0x0000000085200000, 0x0000000085300000, 0x0000000085300000|100%| O|  |TAMS 0x0000000085200000| PB 0x0000000085200000| Untracked 
|  83|0x0000000085300000, 0x0000000085400000, 0x0000000085400000|100%| O|  |TAMS 0x0000000085300000| PB 0x0000000085300000| Untracked 
|  84|0x0000000085400000, 0x0000000085500000, 0x0000000085500000|100%| O|  |TAMS 0x0000000085400000| PB 0x0000000085400000| Untracked 
|  85|0x0000000085500000, 0x0000000085500000, 0x0000000085600000|  0%| F|  |TAMS 0x0000000085500000| PB 0x0000000085500000| Untracked 
|  86|0x0000000085600000, 0x0000000085700000, 0x0000000085700000|100%|HS|  |TAMS 0x0000000085600000| PB 0x0000000085600000| Complete 
|  87|0x0000000085700000, 0x0000000085800000, 0x0000000085800000|100%|HC|  |TAMS 0x0000000085700000| PB 0x0000000085700000| Complete 
|  88|0x0000000085800000, 0x0000000085900000, 0x0000000085900000|100%| O|  |TAMS 0x0000000085800000| PB 0x0000000085800000| Untracked 
|  89|0x0000000085900000, 0x0000000085900000, 0x0000000085a00000|  0%| F|  |TAMS 0x0000000085900000| PB 0x0000000085900000| Untracked 
|  90|0x0000000085a00000, 0x0000000085a00000, 0x0000000085b00000|  0%| F|  |TAMS 0x0000000085a00000| PB 0x0000000085a00000| Untracked 
|  91|0x0000000085b00000, 0x0000000085b00000, 0x0000000085c00000|  0%| F|  |TAMS 0x0000000085b00000| PB 0x0000000085b00000| Untracked 
|  92|0x0000000085c00000, 0x0000000085c00000, 0x0000000085d00000|  0%| F|  |TAMS 0x0000000085c00000| PB 0x0000000085c00000| Untracked 
|  93|0x0000000085d00000, 0x0000000085d00000, 0x0000000085e00000|  0%| F|  |TAMS 0x0000000085d00000| PB 0x0000000085d00000| Untracked 
|  94|0x0000000085e00000, 0x0000000085e00000, 0x0000000085f00000|  0%| F|  |TAMS 0x0000000085e00000| PB 0x0000000085e00000| Untracked 
|  95|0x0000000085f00000, 0x0000000086000000, 0x0000000086000000|100%| O|  |TAMS 0x0000000085f00000| PB 0x0000000085f00000| Untracked 
|  96|0x0000000086000000, 0x0000000086000000, 0x0000000086100000|  0%| F|  |TAMS 0x0000000086000000| PB 0x0000000086000000| Untracked 
|  97|0x0000000086100000, 0x0000000086100000, 0x0000000086200000|  0%| F|  |TAMS 0x0000000086100000| PB 0x0000000086100000| Untracked 
|  98|0x0000000086200000, 0x0000000086200000, 0x0000000086300000|  0%| F|  |TAMS 0x0000000086200000| PB 0x0000000086200000| Untracked 
|  99|0x0000000086300000, 0x0000000086300000, 0x0000000086400000|  0%| F|  |TAMS 0x0000000086300000| PB 0x0000000086300000| Untracked 
| 100|0x0000000086400000, 0x0000000086400000, 0x0000000086500000|  0%| F|  |TAMS 0x0000000086400000| PB 0x0000000086400000| Untracked 
| 101|0x0000000086500000, 0x0000000086500000, 0x0000000086600000|  0%| F|  |TAMS 0x0000000086500000| PB 0x0000000086500000| Untracked 
| 102|0x0000000086600000, 0x0000000086600000, 0x0000000086700000|  0%| F|  |TAMS 0x0000000086600000| PB 0x0000000086600000| Untracked 
| 103|0x0000000086700000, 0x0000000086700000, 0x0000000086800000|  0%| F|  |TAMS 0x0000000086700000| PB 0x0000000086700000| Untracked 
| 104|0x0000000086800000, 0x0000000086900000, 0x0000000086900000|100%| O|  |TAMS 0x0000000086800000| PB 0x0000000086800000| Untracked 
| 105|0x0000000086900000, 0x0000000086a00000, 0x0000000086a00000|100%| O|  |TAMS 0x0000000086900000| PB 0x0000000086900000| Untracked 
| 106|0x0000000086a00000, 0x0000000086b00000, 0x0000000086b00000|100%| O|  |TAMS 0x0000000086a00000| PB 0x0000000086a00000| Untracked 
| 107|0x0000000086b00000, 0x0000000086c00000, 0x0000000086c00000|100%| O|  |TAMS 0x0000000086b00000| PB 0x0000000086b00000| Untracked 
| 108|0x0000000086c00000, 0x0000000086c0c320, 0x0000000086d00000|  4%| O|  |TAMS 0x0000000086c00000| PB 0x0000000086c00000| Untracked 
| 109|0x0000000086d00000, 0x0000000086d00000, 0x0000000086e00000|  0%| F|  |TAMS 0x0000000086d00000| PB 0x0000000086d00000| Untracked 
| 110|0x0000000086e00000, 0x0000000086e00000, 0x0000000086f00000|  0%| F|  |TAMS 0x0000000086e00000| PB 0x0000000086e00000| Untracked 
| 111|0x0000000086f00000, 0x0000000086f00000, 0x0000000087000000|  0%| F|  |TAMS 0x0000000086f00000| PB 0x0000000086f00000| Untracked 
| 112|0x0000000087000000, 0x0000000087100000, 0x0000000087100000|100%| S|CS|TAMS 0x0000000087000000| PB 0x0000000087000000| Complete 
| 113|0x0000000087100000, 0x0000000087200000, 0x0000000087200000|100%| S|CS|TAMS 0x0000000087100000| PB 0x0000000087100000| Complete 
| 114|0x0000000087200000, 0x0000000087300000, 0x0000000087300000|100%| S|CS|TAMS 0x0000000087200000| PB 0x0000000087200000| Complete 
| 115|0x0000000087300000, 0x0000000087400000, 0x0000000087400000|100%| S|CS|TAMS 0x0000000087300000| PB 0x0000000087300000| Complete 
| 116|0x0000000087400000, 0x0000000087500000, 0x0000000087500000|100%| S|CS|TAMS 0x0000000087400000| PB 0x0000000087400000| Complete 
| 117|0x0000000087500000, 0x0000000087600000, 0x0000000087600000|100%| S|CS|TAMS 0x0000000087500000| PB 0x0000000087500000| Complete 
| 118|0x0000000087600000, 0x0000000087700000, 0x0000000087700000|100%| S|CS|TAMS 0x0000000087600000| PB 0x0000000087600000| Complete 
| 119|0x0000000087700000, 0x0000000087800000, 0x0000000087800000|100%| S|CS|TAMS 0x0000000087700000| PB 0x0000000087700000| Complete 
| 120|0x0000000087800000, 0x0000000087800000, 0x0000000087900000|  0%| F|  |TAMS 0x0000000087800000| PB 0x0000000087800000| Untracked 
| 121|0x0000000087900000, 0x0000000087900000, 0x0000000087a00000|  0%| F|  |TAMS 0x0000000087900000| PB 0x0000000087900000| Untracked 
| 122|0x0000000087a00000, 0x0000000087a00000, 0x0000000087b00000|  0%| F|  |TAMS 0x0000000087a00000| PB 0x0000000087a00000| Untracked 
| 123|0x0000000087b00000, 0x0000000087b00000, 0x0000000087c00000|  0%| F|  |TAMS 0x0000000087b00000| PB 0x0000000087b00000| Untracked 
| 124|0x0000000087c00000, 0x0000000087c00000, 0x0000000087d00000|  0%| F|  |TAMS 0x0000000087c00000| PB 0x0000000087c00000| Untracked 
| 125|0x0000000087d00000, 0x0000000087d00000, 0x0000000087e00000|  0%| F|  |TAMS 0x0000000087d00000| PB 0x0000000087d00000| Untracked 
| 126|0x0000000087e00000, 0x0000000087e00000, 0x0000000087f00000|  0%| F|  |TAMS 0x0000000087e00000| PB 0x0000000087e00000| Untracked 
| 127|0x0000000087f00000, 0x0000000087f00000, 0x0000000088000000|  0%| F|  |TAMS 0x0000000087f00000| PB 0x0000000087f00000| Untracked 
| 128|0x0000000088000000, 0x0000000088000000, 0x0000000088100000|  0%| F|  |TAMS 0x0000000088000000| PB 0x0000000088000000| Untracked 
| 129|0x0000000088100000, 0x0000000088100000, 0x0000000088200000|  0%| F|  |TAMS 0x0000000088100000| PB 0x0000000088100000| Untracked 
| 130|0x0000000088200000, 0x0000000088200000, 0x0000000088300000|  0%| F|  |TAMS 0x0000000088200000| PB 0x0000000088200000| Untracked 
| 131|0x0000000088300000, 0x0000000088300000, 0x0000000088400000|  0%| F|  |TAMS 0x0000000088300000| PB 0x0000000088300000| Untracked 
| 132|0x0000000088400000, 0x0000000088400000, 0x0000000088500000|  0%| F|  |TAMS 0x0000000088400000| PB 0x0000000088400000| Untracked 
| 133|0x0000000088500000, 0x0000000088500000, 0x0000000088600000|  0%| F|  |TAMS 0x0000000088500000| PB 0x0000000088500000| Untracked 
| 134|0x0000000088600000, 0x0000000088600000, 0x0000000088700000|  0%| F|  |TAMS 0x0000000088600000| PB 0x0000000088600000| Untracked 
| 135|0x0000000088700000, 0x0000000088700000, 0x0000000088800000|  0%| F|  |TAMS 0x0000000088700000| PB 0x0000000088700000| Untracked 
| 136|0x0000000088800000, 0x0000000088800000, 0x0000000088900000|  0%| F|  |TAMS 0x0000000088800000| PB 0x0000000088800000| Untracked 
| 137|0x0000000088900000, 0x0000000088900000, 0x0000000088a00000|  0%| F|  |TAMS 0x0000000088900000| PB 0x0000000088900000| Untracked 
| 138|0x0000000088a00000, 0x0000000088a00000, 0x0000000088b00000|  0%| F|  |TAMS 0x0000000088a00000| PB 0x0000000088a00000| Untracked 
| 139|0x0000000088b00000, 0x0000000088b00000, 0x0000000088c00000|  0%| F|  |TAMS 0x0000000088b00000| PB 0x0000000088b00000| Untracked 
| 140|0x0000000088c00000, 0x0000000088c00000, 0x0000000088d00000|  0%| F|  |TAMS 0x0000000088c00000| PB 0x0000000088c00000| Untracked 
| 141|0x0000000088d00000, 0x0000000088d00000, 0x0000000088e00000|  0%| F|  |TAMS 0x0000000088d00000| PB 0x0000000088d00000| Untracked 
| 142|0x0000000088e00000, 0x0000000088e00000, 0x0000000088f00000|  0%| F|  |TAMS 0x0000000088e00000| PB 0x0000000088e00000| Untracked 
| 143|0x0000000088f00000, 0x0000000088f00000, 0x0000000089000000|  0%| F|  |TAMS 0x0000000088f00000| PB 0x0000000088f00000| Untracked 
| 144|0x0000000089000000, 0x0000000089000000, 0x0000000089100000|  0%| F|  |TAMS 0x0000000089000000| PB 0x0000000089000000| Untracked 
| 145|0x0000000089100000, 0x0000000089100000, 0x0000000089200000|  0%| F|  |TAMS 0x0000000089100000| PB 0x0000000089100000| Untracked 
| 146|0x0000000089200000, 0x0000000089200000, 0x0000000089300000|  0%| F|  |TAMS 0x0000000089200000| PB 0x0000000089200000| Untracked 
| 147|0x0000000089300000, 0x0000000089300000, 0x0000000089400000|  0%| F|  |TAMS 0x0000000089300000| PB 0x0000000089300000| Untracked 
| 148|0x0000000089400000, 0x0000000089400000, 0x0000000089500000|  0%| F|  |TAMS 0x0000000089400000| PB 0x0000000089400000| Untracked 
| 149|0x0000000089500000, 0x0000000089500000, 0x0000000089600000|  0%| F|  |TAMS 0x0000000089500000| PB 0x0000000089500000| Untracked 
| 150|0x0000000089600000, 0x0000000089600000, 0x0000000089700000|  0%| F|  |TAMS 0x0000000089600000| PB 0x0000000089600000| Untracked 
| 151|0x0000000089700000, 0x0000000089700000, 0x0000000089800000|  0%| F|  |TAMS 0x0000000089700000| PB 0x0000000089700000| Untracked 
| 152|0x0000000089800000, 0x0000000089800000, 0x0000000089900000|  0%| F|  |TAMS 0x0000000089800000| PB 0x0000000089800000| Untracked 
| 153|0x0000000089900000, 0x0000000089900000, 0x0000000089a00000|  0%| F|  |TAMS 0x0000000089900000| PB 0x0000000089900000| Untracked 
| 154|0x0000000089a00000, 0x0000000089a00000, 0x0000000089b00000|  0%| F|  |TAMS 0x0000000089a00000| PB 0x0000000089a00000| Untracked 
| 155|0x0000000089b00000, 0x0000000089b00000, 0x0000000089c00000|  0%| F|  |TAMS 0x0000000089b00000| PB 0x0000000089b00000| Untracked 
| 156|0x0000000089c00000, 0x0000000089c00000, 0x0000000089d00000|  0%| F|  |TAMS 0x0000000089c00000| PB 0x0000000089c00000| Untracked 
| 157|0x0000000089d00000, 0x0000000089d00000, 0x0000000089e00000|  0%| F|  |TAMS 0x0000000089d00000| PB 0x0000000089d00000| Untracked 
| 158|0x0000000089e00000, 0x0000000089e00000, 0x0000000089f00000|  0%| F|  |TAMS 0x0000000089e00000| PB 0x0000000089e00000| Untracked 
| 159|0x0000000089f00000, 0x0000000089f00000, 0x000000008a000000|  0%| F|  |TAMS 0x0000000089f00000| PB 0x0000000089f00000| Untracked 
| 160|0x000000008a000000, 0x000000008a000000, 0x000000008a100000|  0%| F|  |TAMS 0x000000008a000000| PB 0x000000008a000000| Untracked 
| 161|0x000000008a100000, 0x000000008a100000, 0x000000008a200000|  0%| F|  |TAMS 0x000000008a100000| PB 0x000000008a100000| Untracked 
| 162|0x000000008a200000, 0x000000008a200000, 0x000000008a300000|  0%| F|  |TAMS 0x000000008a200000| PB 0x000000008a200000| Untracked 
| 163|0x000000008a300000, 0x000000008a300000, 0x000000008a400000|  0%| F|  |TAMS 0x000000008a300000| PB 0x000000008a300000| Untracked 
| 164|0x000000008a400000, 0x000000008a400000, 0x000000008a500000|  0%| F|  |TAMS 0x000000008a400000| PB 0x000000008a400000| Untracked 
| 165|0x000000008a500000, 0x000000008a500000, 0x000000008a600000|  0%| F|  |TAMS 0x000000008a500000| PB 0x000000008a500000| Untracked 
| 166|0x000000008a600000, 0x000000008a600000, 0x000000008a700000|  0%| F|  |TAMS 0x000000008a600000| PB 0x000000008a600000| Untracked 
| 167|0x000000008a700000, 0x000000008a700000, 0x000000008a800000|  0%| F|  |TAMS 0x000000008a700000| PB 0x000000008a700000| Untracked 
| 168|0x000000008a800000, 0x000000008a800000, 0x000000008a900000|  0%| F|  |TAMS 0x000000008a800000| PB 0x000000008a800000| Untracked 
| 169|0x000000008a900000, 0x000000008a900000, 0x000000008aa00000|  0%| F|  |TAMS 0x000000008a900000| PB 0x000000008a900000| Untracked 
| 170|0x000000008aa00000, 0x000000008aa00000, 0x000000008ab00000|  0%| F|  |TAMS 0x000000008aa00000| PB 0x000000008aa00000| Untracked 
| 171|0x000000008ab00000, 0x000000008ab00000, 0x000000008ac00000|  0%| F|  |TAMS 0x000000008ab00000| PB 0x000000008ab00000| Untracked 
| 172|0x000000008ac00000, 0x000000008ac00000, 0x000000008ad00000|  0%| F|  |TAMS 0x000000008ac00000| PB 0x000000008ac00000| Untracked 
| 173|0x000000008ad00000, 0x000000008ad00000, 0x000000008ae00000|  0%| F|  |TAMS 0x000000008ad00000| PB 0x000000008ad00000| Untracked 
| 174|0x000000008ae00000, 0x000000008ae00000, 0x000000008af00000|  0%| F|  |TAMS 0x000000008ae00000| PB 0x000000008ae00000| Untracked 
| 175|0x000000008af00000, 0x000000008af00000, 0x000000008b000000|  0%| F|  |TAMS 0x000000008af00000| PB 0x000000008af00000| Untracked 
| 176|0x000000008b000000, 0x000000008b000000, 0x000000008b100000|  0%| F|  |TAMS 0x000000008b000000| PB 0x000000008b000000| Untracked 
|2028|0x00000000fec00000, 0x00000000fec00000, 0x00000000fed00000|  0%| F|  |TAMS 0x00000000fec00000| PB 0x00000000fec00000| Untracked 
|2029|0x00000000fed00000, 0x00000000fed00000, 0x00000000fee00000|  0%| F|  |TAMS 0x00000000fed00000| PB 0x00000000fed00000| Untracked 
|2030|0x00000000fee00000, 0x00000000fef00000, 0x00000000fef00000|100%| O|  |TAMS 0x00000000fee00000| PB 0x00000000fee00000| Untracked 
|2031|0x00000000fef00000, 0x00000000ff000000, 0x00000000ff000000|100%| O|  |TAMS 0x00000000fef00000| PB 0x00000000fef00000| Untracked 
|2032|0x00000000ff000000, 0x00000000ff100000, 0x00000000ff100000|100%| O|  |TAMS 0x00000000ff000000| PB 0x00000000ff000000| Untracked 
|2033|0x00000000ff100000, 0x00000000ff200000, 0x00000000ff200000|100%| O|  |TAMS 0x00000000ff100000| PB 0x00000000ff100000| Untracked 
|2034|0x00000000ff200000, 0x00000000ff300000, 0x00000000ff300000|100%| O|  |TAMS 0x00000000ff200000| PB 0x00000000ff200000| Untracked 
|2035|0x00000000ff300000, 0x00000000ff400000, 0x00000000ff400000|100%| O|  |TAMS 0x00000000ff300000| PB 0x00000000ff300000| Untracked 
|2036|0x00000000ff400000, 0x00000000ff500000, 0x00000000ff500000|100%| O|  |TAMS 0x00000000ff400000| PB 0x00000000ff400000| Untracked 
|2037|0x00000000ff500000, 0x00000000ff600000, 0x00000000ff600000|100%| O|  |TAMS 0x00000000ff500000| PB 0x00000000ff500000| Untracked 
|2038|0x00000000ff600000, 0x00000000ff700000, 0x00000000ff700000|100%| O|  |TAMS 0x00000000ff600000| PB 0x00000000ff600000| Untracked 
|2039|0x00000000ff700000, 0x00000000ff800000, 0x00000000ff800000|100%| O|  |TAMS 0x00000000ff700000| PB 0x00000000ff700000| Untracked 
|2040|0x00000000ff800000, 0x00000000ff900000, 0x00000000ff900000|100%| O|  |TAMS 0x00000000ff800000| PB 0x00000000ff800000| Untracked 
|2041|0x00000000ff900000, 0x00000000ffa00000, 0x00000000ffa00000|100%| O|  |TAMS 0x00000000ff900000| PB 0x00000000ff900000| Untracked 
|2042|0x00000000ffa00000, 0x00000000ffb00000, 0x00000000ffb00000|100%| O|  |TAMS 0x00000000ffa00000| PB 0x00000000ffa00000| Untracked 
|2043|0x00000000ffb00000, 0x00000000ffc00000, 0x00000000ffc00000|100%| O|  |TAMS 0x00000000ffb00000| PB 0x00000000ffb00000| Untracked 
|2044|0x00000000ffc00000, 0x00000000ffd00000, 0x00000000ffd00000|100%| O|  |TAMS 0x00000000ffc00000| PB 0x00000000ffc00000| Untracked 
|2045|0x00000000ffd00000, 0x00000000ffe00000, 0x00000000ffe00000|100%| O|  |TAMS 0x00000000ffd00000| PB 0x00000000ffd00000| Untracked 
|2046|0x00000000ffe00000, 0x00000000fff00000, 0x00000000fff00000|100%| O|  |TAMS 0x00000000ffe00000| PB 0x00000000ffe00000| Untracked 
|2047|0x00000000fff00000, 0x0000000100000000, 0x0000000100000000|100%| O|  |TAMS 0x00000000fff00000| PB 0x00000000fff00000| Untracked 

Card table byte_map: [0x0000020fe0570000,0x0000020fe0970000] _byte_map_base: 0x0000020fe0170000

Marking Bits: (CMBitMap*) 0x0000020fc8814b70
 Bits: [0x0000020fe0970000, 0x0000020fe2970000)

Polling page: 0x0000020fc6770000

Metaspace:

Usage:
  Non-class:     73.54 MB used.
      Class:     11.78 MB used.
       Both:     85.32 MB used.

Virtual space:
  Non-class space:      128.00 MB reserved,      74.56 MB ( 58%) committed,  2 nodes.
      Class space:        1.00 GB reserved,      12.81 MB (  1%) committed,  1 nodes.
             Both:        1.12 GB reserved,      87.38 MB (  8%) committed. 

Chunk freelists:
   Non-Class:  4.51 MB
       Class:  3.05 MB
        Both:  7.56 MB

MaxMetaspaceSize: unlimited
CompressedClassSpaceSize: 1.00 GB
Initial GC threshold: 21.00 MB
Current GC threshold: 143.75 MB
CDS: on
 - commit_granule_bytes: 65536.
 - commit_granule_words: 8192.
 - virtual_space_node_default_size: 8388608.
 - enlarge_chunks_in_place: 1.
 - use_allocation_guard: 0.


Internal statistics:

num_allocs_failed_limit: 6.
num_arena_births: 3890.
num_arena_deaths: 2.
num_vsnodes_births: 3.
num_vsnodes_deaths: 0.
num_space_committed: 1397.
num_space_uncommitted: 0.
num_chunks_returned_to_freelist: 9.
num_chunks_taken_from_freelist: 7869.
num_chunk_merges: 6.
num_chunk_splits: 5159.
num_chunks_enlarged: 3225.
num_inconsistent_stats: 0.

CodeHeap 'non-profiled nmethods': size=120000Kb used=5382Kb max_used=5382Kb free=114618Kb
 bounds [0x0000020fd86e0000, 0x0000020fd8c30000, 0x0000020fdfc10000]
CodeHeap 'profiled nmethods': size=120000Kb used=19457Kb max_used=19457Kb free=100542Kb
 bounds [0x0000020fd0c10000, 0x0000020fd1f20000, 0x0000020fd8140000]
CodeHeap 'non-nmethods': size=5760Kb used=2091Kb max_used=2124Kb free=3668Kb
 bounds [0x0000020fd8140000, 0x0000020fd83b0000, 0x0000020fd86e0000]
 total_blobs=10916 nmethods=10095 adapters=725
 compilation: enabled
              stopped_count=0, restarted_count=0
 full_count=0

Compilation events (20 events):
Event: 23.547 Thread 0x0000020fe55d02c0 nmethod 11712 0x0000020fd1f0c310 code [0x0000020fd1f0c4a0, 0x0000020fd1f0c5e0]
Event: 23.547 Thread 0x0000020fe55d02c0 11711       2       java.lang.invoke.VarHandleByteArrayAsChars$ArrayHandle::get (36 bytes)
Event: 23.547 Thread 0x0000020fe55d02c0 nmethod 11711 0x0000020fd1f0c690 code [0x0000020fd1f0c840, 0x0000020fd1f0ca28]
Event: 23.547 Thread 0x0000020fe55d02c0 11716       2       java.io.ObjectOutputStream::writeInt (9 bytes)
Event: 23.547 Thread 0x0000020fe55d02c0 nmethod 11716 0x0000020fd1f0cb90 code [0x0000020fd1f0cd40, 0x0000020fd1f0ce68]
Event: 23.547 Thread 0x0000020fe55d02c0 11714       2       java.io.ObjectInputStream$BlockDataInputStream::read (9 bytes)
Event: 23.547 Thread 0x0000020fe55d02c0 nmethod 11714 0x0000020fd1f0cf10 code [0x0000020fd1f0d0c0, 0x0000020fd1f0d1f0]
Event: 23.547 Thread 0x0000020fe55d02c0 11715       2       java.io.ObjectStreamClass::getField (84 bytes)
Event: 23.548 Thread 0x0000020fe55d02c0 nmethod 11715 0x0000020fd1f0d290 code [0x0000020fd1f0d4a0, 0x0000020fd1f0d918]
Event: 23.548 Thread 0x0000020fe55d02c0 11717       2       com.google.common.base.Preconditions::checkNotNull (30 bytes)
Event: 23.549 Thread 0x0000020fe55d02c0 nmethod 11717 0x0000020fd1f0dc10 code [0x0000020fd1f0dde0, 0x0000020fd1f0e1e8]
Event: 23.549 Thread 0x0000020fe55d02c0 11718       2       org.slf4j.LoggerFactory::getLogger (12 bytes)
Event: 23.549 Thread 0x0000020fe55d02c0 nmethod 11718 0x0000020fd1f0e390 code [0x0000020fd1f0e540, 0x0000020fd1f0e680]
Event: 23.549 Thread 0x0000020fe55d02c0 11719       2       org.gradle.internal.logging.slf4j.OutputEventListenerBackedLoggerContext::getLogger (69 bytes)
Event: 23.549 Thread 0x0000020fe55d02c0 nmethod 11719 0x0000020fd1f0e790 code [0x0000020fd1f0e980, 0x0000020fd1f0ee18]
Event: 23.553 Thread 0x0000020fe55d02c0 11722       2       java.io.ObjectInputStream::readFields (71 bytes)
Event: 23.554 Thread 0x0000020fe55d02c0 nmethod 11722 0x0000020fd1f0ef90 code [0x0000020fd1f0f1a0, 0x0000020fd1f0f620]
Event: 23.554 Thread 0x0000020fe55d02c0 11723       2       java.io.ObjectInputStream$FieldValues::getFieldOffset (72 bytes)
Event: 23.556 Thread 0x0000020fe55d02c0 nmethod 11723 0x0000020fd1f0f890 code [0x0000020fd1f0fb00, 0x0000020fd1f100c8]
Event: 23.556 Thread 0x0000020fe55d02c0 11724   !   2       jdk.internal.reflect.GeneratedSerializationConstructorAccessor35::newInstance (49 bytes)

GC Heap History (20 events):
Event: 15.751 GC heap after
{Heap after GC invocations=28 (full 0):
 garbage-first heap   total 119808K, used 70453K [0x0000000080000000, 0x0000000100000000)
  region size 1024K, 2 young (2048K), 2 survivors (2048K)
 Metaspace       used 71681K, committed 73664K, reserved 1114112K
  class space    used 9959K, committed 10944K, reserved 1048576K
}
Event: 16.497 GC heap before
{Heap before GC invocations=28 (full 0):
 garbage-first heap   total 119808K, used 108341K [0x0000000080000000, 0x0000000100000000)
  region size 1024K, 39 young (39936K), 2 survivors (2048K)
 Metaspace       used 74494K, committed 76416K, reserved 1179648K
  class space    used 10519K, committed 11456K, reserved 1048576K
}
Event: 16.499 GC heap after
{Heap after GC invocations=29 (full 0):
 garbage-first heap   total 119808K, used 70161K [0x0000000080000000, 0x0000000100000000)
  region size 1024K, 3 young (3072K), 3 survivors (3072K)
 Metaspace       used 74494K, committed 76416K, reserved 1179648K
  class space    used 10519K, committed 11456K, reserved 1048576K
}
Event: 17.152 GC heap before
{Heap before GC invocations=29 (full 0):
 garbage-first heap   total 119808K, used 108049K [0x0000000080000000, 0x0000000100000000)
  region size 1024K, 40 young (40960K), 3 survivors (3072K)
 Metaspace       used 77361K, committed 79360K, reserved 1179648K
  class space    used 10926K, committed 11904K, reserved 1048576K
}
Event: 17.156 GC heap after
{Heap after GC invocations=30 (full 0):
 garbage-first heap   total 119808K, used 71910K [0x0000000080000000, 0x0000000100000000)
  region size 1024K, 4 young (4096K), 4 survivors (4096K)
 Metaspace       used 77361K, committed 79360K, reserved 1179648K
  class space    used 10926K, committed 11904K, reserved 1048576K
}
Event: 17.735 GC heap before
{Heap before GC invocations=31 (full 0):
 garbage-first heap   total 124928K, used 111846K [0x0000000080000000, 0x0000000100000000)
  region size 1024K, 39 young (39936K), 4 survivors (4096K)
 Metaspace       used 80652K, committed 82688K, reserved 1179648K
  class space    used 11282K, committed 12288K, reserved 1048576K
}
Event: 17.742 GC heap after
{Heap after GC invocations=32 (full 0):
 garbage-first heap   total 124928K, used 76178K [0x0000000080000000, 0x0000000100000000)
  region size 1024K, 5 young (5120K), 5 survivors (5120K)
 Metaspace       used 80652K, committed 82688K, reserved 1179648K
  class space    used 11282K, committed 12288K, reserved 1048576K
}
Event: 18.489 GC heap before
{Heap before GC invocations=32 (full 0):
 garbage-first heap   total 124928K, used 110994K [0x0000000080000000, 0x0000000100000000)
  region size 1024K, 40 young (40960K), 5 survivors (5120K)
 Metaspace       used 82580K, committed 84608K, reserved 1179648K
  class space    used 11609K, committed 12608K, reserved 1048576K
}
Event: 18.497 GC heap after
{Heap after GC invocations=33 (full 0):
 garbage-first heap   total 124928K, used 80896K [0x0000000080000000, 0x0000000100000000)
  region size 1024K, 5 young (5120K), 5 survivors (5120K)
 Metaspace       used 82580K, committed 84608K, reserved 1179648K
  class space    used 11609K, committed 12608K, reserved 1048576K
}
Event: 18.630 GC heap before
{Heap before GC invocations=33 (full 0):
 garbage-first heap   total 124928K, used 111616K [0x0000000080000000, 0x0000000100000000)
  region size 1024K, 36 young (36864K), 5 survivors (5120K)
 Metaspace       used 82622K, committed 84672K, reserved 1179648K
  class space    used 11610K, committed 12608K, reserved 1048576K
}
Event: 18.634 GC heap after
{Heap after GC invocations=34 (full 0):
 garbage-first heap   total 124928K, used 82941K [0x0000000080000000, 0x0000000100000000)
  region size 1024K, 4 young (4096K), 4 survivors (4096K)
 Metaspace       used 82622K, committed 84672K, reserved 1179648K
  class space    used 11610K, committed 12608K, reserved 1048576K
}
Event: 20.125 GC heap before
{Heap before GC invocations=35 (full 0):
 garbage-first heap   total 150528K, used 110589K [0x0000000080000000, 0x0000000100000000)
  region size 1024K, 32 young (32768K), 4 survivors (4096K)
 Metaspace       used 85592K, committed 87616K, reserved 1179648K
  class space    used 11930K, committed 12928K, reserved 1048576K
}
Event: 20.130 GC heap after
{Heap after GC invocations=36 (full 0):
 garbage-first heap   total 150528K, used 85000K [0x0000000080000000, 0x0000000100000000)
  region size 1024K, 4 young (4096K), 4 survivors (4096K)
 Metaspace       used 85592K, committed 87616K, reserved 1179648K
  class space    used 11930K, committed 12928K, reserved 1048576K
}
Event: 21.131 GC heap before
{Heap before GC invocations=36 (full 0):
 garbage-first heap   total 150528K, used 140296K [0x0000000080000000, 0x0000000100000000)
  region size 1024K, 50 young (51200K), 4 survivors (4096K)
 Metaspace       used 85775K, committed 87872K, reserved 1179648K
  class space    used 11931K, committed 12928K, reserved 1048576K
}
Event: 21.146 GC heap after
{Heap after GC invocations=37 (full 0):
 garbage-first heap   total 169984K, used 108316K [0x0000000080000000, 0x0000000100000000)
  region size 1024K, 7 young (7168K), 7 survivors (7168K)
 Metaspace       used 85775K, committed 87872K, reserved 1179648K
  class space    used 11931K, committed 12928K, reserved 1048576K
}
Event: 21.530 GC heap before
{Heap before GC invocations=37 (full 0):
 garbage-first heap   total 169984K, used 122652K [0x0000000080000000, 0x0000000100000000)
  region size 1024K, 23 young (23552K), 7 survivors (7168K)
 Metaspace       used 86247K, committed 88320K, reserved 1179648K
  class space    used 11978K, committed 12992K, reserved 1048576K
}
Event: 21.538 GC heap after
{Heap after GC invocations=38 (full 0):
 garbage-first heap   total 169984K, used 112397K [0x0000000080000000, 0x0000000100000000)
  region size 1024K, 3 young (3072K), 3 survivors (3072K)
 Metaspace       used 86247K, committed 88320K, reserved 1179648K
  class space    used 11978K, committed 12992K, reserved 1048576K
}
Event: 22.826 GC heap before
{Heap before GC invocations=39 (full 0):
 garbage-first heap   total 201728K, used 151309K [0x0000000080000000, 0x0000000100000000)
  region size 1024K, 34 young (34816K), 3 survivors (3072K)
 Metaspace       used 86468K, committed 88512K, reserved 1179648K
  class space    used 11994K, committed 12992K, reserved 1048576K
}
Event: 22.877 GC heap after
{Heap after GC invocations=40 (full 0):
 garbage-first heap   total 201728K, used 115892K [0x0000000080000000, 0x0000000100000000)
  region size 1024K, 5 young (5120K), 5 survivors (5120K)
 Metaspace       used 86468K, committed 88512K, reserved 1179648K
  class space    used 11994K, committed 12992K, reserved 1048576K
}
Event: 23.557 GC heap before
{Heap before GC invocations=40 (full 0):
 garbage-first heap   total 201728K, used 183476K [0x0000000080000000, 0x0000000100000000)
  region size 1024K, 57 young (58368K), 5 survivors (5120K)
 Metaspace       used 87369K, committed 89472K, reserved 1179648K
  class space    used 12065K, committed 13120K, reserved 1048576K
}

Dll operation events (15 events):
Event: 0.022 Loaded shared library C:\Program Files\Java\jdk-21\bin\java.dll
Event: 0.095 Loaded shared library C:\Program Files\Java\jdk-21\bin\jsvml.dll
Event: 0.169 Loaded shared library C:\Program Files\Java\jdk-21\bin\zip.dll
Event: 0.178 Loaded shared library C:\Program Files\Java\jdk-21\bin\instrument.dll
Event: 0.190 Loaded shared library C:\Program Files\Java\jdk-21\bin\net.dll
Event: 0.195 Loaded shared library C:\Program Files\Java\jdk-21\bin\nio.dll
Event: 0.201 Loaded shared library C:\Program Files\Java\jdk-21\bin\zip.dll
Event: 0.575 Loaded shared library C:\Program Files\Java\jdk-21\bin\jimage.dll
Event: 0.684 Loaded shared library C:\Program Files\Java\jdk-21\bin\verify.dll
Event: 0.917 Loaded shared library C:\Users\B NISHIDA\.gradle\native\c067742578af261105cb4f569cf0c3c89f3d7b1fecec35dd04571415982c5e48\windows-amd64\native-platform.dll
Event: 0.932 Loaded shared library C:\Users\B NISHIDA\.gradle\native\38dada09dfb8b06ba9b0570ebf7e218e3eb74d4ef43ca46872605cf95ebc2f47\windows-amd64\native-platform-file-events.dll
Event: 2.793 Loaded shared library C:\Program Files\Java\jdk-21\bin\management.dll
Event: 2.797 Loaded shared library C:\Program Files\Java\jdk-21\bin\management_ext.dll
Event: 3.157 Loaded shared library C:\Program Files\Java\jdk-21\bin\extnet.dll
Event: 3.433 Loaded shared library C:\Program Files\Java\jdk-21\bin\sunmscapi.dll

Deoptimization events (20 events):
Event: 23.119 Thread 0x0000020fee7c94f0 DEOPT PACKING pc=0x0000020fd8af2b54 sp=0x000000ac6ddf9520
Event: 23.119 Thread 0x0000020fee7c94f0 DEOPT UNPACKING pc=0x0000020fd81946a2 sp=0x000000ac6ddf9498 mode 2
Event: 23.119 Thread 0x0000020fee7c94f0 Uncommon trap: trap_request=0xffffff45 fr.pc=0x0000020fd8ae27c8 relative=0x0000000000000548
Event: 23.119 Thread 0x0000020fee7c94f0 Uncommon trap: reason=unstable_if action=reinterpret pc=0x0000020fd8ae27c8 method=com.android.utils.XmlUtils.toXmlAttributeValue(Ljava/lang/String;)Ljava/lang/String; @ 33 c2
Event: 23.119 Thread 0x0000020fee7c94f0 DEOPT PACKING pc=0x0000020fd8ae27c8 sp=0x000000ac6ddf94f0
Event: 23.119 Thread 0x0000020fee7c94f0 DEOPT UNPACKING pc=0x0000020fd81946a2 sp=0x000000ac6ddf9498 mode 2
Event: 23.158 Thread 0x0000020fee7c94f0 Uncommon trap: trap_request=0xffffff45 fr.pc=0x0000020fd8af4fd0 relative=0x0000000000005e70
Event: 23.158 Thread 0x0000020fee7c94f0 Uncommon trap: reason=unstable_if action=reinterpret pc=0x0000020fd8af4fd0 method=com.android.utils.XmlUtils.append(Lcom/android/utils/XmlUtils$PositionAwareStringBuilder;Lorg/w3c/dom/Node;Ljava/util/Map;Ljava/util/Set;)V @ 516 c2
Event: 23.158 Thread 0x0000020fee7c94f0 DEOPT PACKING pc=0x0000020fd8af4fd0 sp=0x000000ac6ddf9630
Event: 23.158 Thread 0x0000020fee7c94f0 DEOPT UNPACKING pc=0x0000020fd81946a2 sp=0x000000ac6ddf9638 mode 2
Event: 23.226 Thread 0x0000020fee7c94f0 Uncommon trap: trap_request=0xffffff45 fr.pc=0x0000020fd87e7f60 relative=0x00000000000000c0
Event: 23.226 Thread 0x0000020fee7c94f0 Uncommon trap: reason=unstable_if action=reinterpret pc=0x0000020fd87e7f60 method=java.lang.CharacterDataLatin1.digit(II)I @ 12 c2
Event: 23.226 Thread 0x0000020fee7c94f0 DEOPT PACKING pc=0x0000020fd87e7f60 sp=0x000000ac6ddf9500
Event: 23.226 Thread 0x0000020fee7c94f0 DEOPT UNPACKING pc=0x0000020fd81946a2 sp=0x000000ac6ddf9478 mode 2
Event: 23.305 Thread 0x0000020fee7c94f0 DEOPT PACKING pc=0x0000020fd0c5a840 sp=0x000000ac6ddf8d90
Event: 23.305 Thread 0x0000020fee7c94f0 DEOPT UNPACKING pc=0x0000020fd8194e42 sp=0x000000ac6ddf82b0 mode 0
Event: 23.344 Thread 0x0000020feb976680 DEOPT PACKING pc=0x0000020fd132deb9 sp=0x000000ac6aafe820
Event: 23.344 Thread 0x0000020feb976680 DEOPT UNPACKING pc=0x0000020fd8194e42 sp=0x000000ac6aafdd60 mode 0
Event: 23.462 Thread 0x0000020fee7c94f0 DEOPT PACKING pc=0x0000020fd1ea98f7 sp=0x000000ac6ddf7da0
Event: 23.462 Thread 0x0000020fee7c94f0 DEOPT UNPACKING pc=0x0000020fd8194e42 sp=0x000000ac6ddf7248 mode 0

Classes loaded (20 events):
Event: 21.417 Loading class com/sun/org/apache/xerces/internal/dom/CoreDOMImplementationImpl done
Event: 21.417 Loading class com/sun/org/apache/xerces/internal/dom/DOMImplementationImpl done
Event: 21.417 Loading class com/sun/org/apache/xerces/internal/dom/DeferredDOMImplementationImpl
Event: 21.419 Loading class com/sun/org/apache/xerces/internal/dom/DeferredDOMImplementationImpl done
Event: 23.547 Loading class javax/xml/stream/XMLInputFactory
Event: 23.548 Loading class javax/xml/stream/XMLInputFactory done
Event: 23.548 Loading class com/sun/xml/internal/stream/XMLInputFactoryImpl
Event: 23.549 Loading class com/sun/xml/internal/stream/XMLInputFactoryImpl done
Event: 23.550 Loading class com/sun/org/apache/xerces/internal/impl/PropertyManager
Event: 23.550 Loading class com/sun/org/apache/xerces/internal/impl/PropertyManager done
Event: 23.552 Loading class com/sun/xml/internal/stream/XMLEventReaderImpl
Event: 23.552 Loading class javax/xml/stream/XMLEventReader
Event: 23.553 Loading class javax/xml/stream/XMLEventReader done
Event: 23.553 Loading class com/sun/xml/internal/stream/XMLEventReaderImpl done
Event: 23.553 Loading class com/sun/org/apache/xerces/internal/impl/XMLStreamReaderImpl
Event: 23.555 Loading class javax/xml/stream/XMLStreamReader
Event: 23.555 Loading class javax/xml/stream/XMLStreamConstants
Event: 23.556 Loading class javax/xml/stream/XMLStreamConstants done
Event: 23.556 Loading class javax/xml/stream/XMLStreamReader done
Event: 23.556 Loading class com/sun/org/apache/xerces/internal/impl/XMLStreamReaderImpl done

Classes unloaded (1 events):
Event: 21.614 Thread 0x0000020fe559f500 Unloading class 0x0000020f81c48c00 'java/lang/invoke/LambdaForm$DMH+0x0000020f81c48c00'

Classes redefined (0 events):
No events

Internal exceptions (20 events):
Event: 17.626 Thread 0x0000020feb823410 Exception <a 'java/lang/NoSuchMethodError'{0x0000000085c4d888}: static Lcom/android/build/gradle/internal/profile/TaskMetadata;.<clinit>()V> (0x0000000085c4d888) 
thrown [s\open\src\hotspot\share\prims\jni.cpp, line 1106]
Event: 17.664 Thread 0x0000020feb823410 Exception <a 'sun/nio/fs/WindowsException'{0x0000000085aea7b8}> (0x0000000085aea7b8) 
thrown [s\open\src\hotspot\share\prims\jni.cpp, line 520]
Event: 17.696 Thread 0x0000020feb823410 Implicit null exception at 0x0000020fd8ad32ca to 0x0000020fd8ad3b94
Event: 17.743 Thread 0x0000020fee7c9b80 Implicit null exception at 0x0000020fd887703e to 0x0000020fd8877258
Event: 17.743 Thread 0x0000020fee7d0b10 Implicit null exception at 0x0000020fd887703e to 0x0000020fd8877258
Event: 17.791 Thread 0x0000020fee7caf30 Exception <a 'java/lang/NoSuchMethodError'{0x000000008754c3b0}: 'java.lang.Object java.lang.invoke.DirectMethodHandle$Holder.invokeVirtual(java.lang.Object, java.lang.Object, java.lang.Object, java.lang.Object, java.lang.Object, java.lang.Object, java.lang.Object, java.lang.Object, java.lang.Object, java.lang.Object, java.lang.Object, java.lang.Object, java.lang.Object, java.lang.Object, java.lang.Object, java.lang.Object, java.lang.Object, java.lang.Object, java.lang.Object)'> (0x000000008754c3b0) 
thrown
Event: 17.815 Thread 0x0000020fee7c94f0 Exception <a 'java/lang/NoSuchMethodError'{0x00000000874f6a28}: 'void java.lang.invoke.DirectMethodHandle$Holder.invokeSpecial(java.lang.Object, java.lang.Object, java.lang.Object, java.lang.Object, int, java.lang.Object, java.lang.Object)'> (0x00000000874f6a28) 
thrown [s\open\src\hotspot\share\interpreter\linkResolver.cpp, line 773]
Event: 17.848 Thread 0x0000020fee7c94f0 Exception <a 'java/lang/IncompatibleClassChangeError'{0x0000000087176208}: Found class java.lang.Object, but interface was expected> (0x0000000087176208) 
thrown [s\open\src\hotspot\share\interpreter\linkResolver.cpp, line 840]
Event: 17.867 Thread 0x0000020fee7c94f0 Exception <a 'java/lang/NoSuchMethodError'{0x0000000087070640}: 'int java.lang.invoke.DirectMethodHandle$Holder.invokeStaticInit(java.lang.Object, java.lang.Object, java.lang.Object, java.lang.Object, java.lang.Object)'> (0x0000000087070640) 
thrown [s\open\src\hotspot\share\interpreter\linkResolver.cpp, line 773]
Event: 18.435 Thread 0x0000020fef3e1880 Exception <a 'java/lang/NoSuchMethodError'{0x00000000861a1d20}: 'java.lang.Object java.lang.invoke.DirectMethodHandle$Holder.invokeSpecialIFC(java.lang.Object, java.lang.Object, java.lang.Object)'> (0x00000000861a1d20) 
thrown [s\open\src\hotspot\share\interpreter\linkResolver.cpp, line 773]
Event: 18.435 Thread 0x0000020fef3dea90 Exception <a 'java/lang/NoSuchMethodError'{0x00000000861cb5a8}: 'java.lang.Object java.lang.invoke.DirectMethodHandle$Holder.invokeSpecialIFC(java.lang.Object, java.lang.Object, java.lang.Object)'> (0x00000000861cb5a8) 
thrown [s\open\src\hotspot\share\interpreter\linkResolver.cpp, line 773]
Event: 18.438 Thread 0x0000020fef3df120 Implicit null exception at 0x0000020fd8828569 to 0x0000020fd88290f4
Event: 21.420 Thread 0x0000020fee7c94f0 Exception <a 'java/lang/NoSuchMethodError'{0x00000000885a2768}: 'java.lang.Object java.lang.invoke.DirectMethodHandle$Holder.newInvokeSpecial(java.lang.Object, java.lang.Object, int, java.lang.Object, java.lang.Object)'> (0x00000000885a2768) 
thrown [s\open\src\hotspot\share\interpreter\linkResolver.cpp, line 773]
Event: 23.158 Thread 0x0000020fee7c94f0 Implicit null exception at 0x0000020fd8af0db4 to 0x0000020fd8af4fbc
Event: 23.327 Thread 0x0000020fee7c94f0 Exception <a 'java/lang/NoSuchMethodError'{0x000000008a219d20}: 'long java.lang.invoke.DirectMethodHandle$Holder.invokeSpecial(java.lang.Object, java.lang.Object, java.lang.Object, java.lang.Object, int)'> (0x000000008a219d20) 
thrown [s\open\src\hotspot\share\interpreter\linkResolver.cpp, line 773]
Event: 23.334 Thread 0x0000020fee7c94f0 Exception <a 'java/lang/NoSuchMethodError'{0x000000008a2549e0}: static Lcom/android/ide/common/resources/CompileResourceRequest;.<clinit>()V> (0x000000008a2549e0) 
thrown [s\open\src\hotspot\share\prims\jni.cpp, line 1106]
Event: 23.337 Thread 0x0000020fee7c94f0 Exception <a 'java/lang/NoSuchMethodError'{0x000000008a27f4e8}: static Ljava/lang/Object;.<clinit>()V> (0x000000008a27f4e8) 
thrown [s\open\src\hotspot\share\prims\jni.cpp, line 1106]
Event: 23.339 Thread 0x0000020fee7c94f0 Exception <a 'java/lang/NoSuchMethodError'{0x000000008a292e48}: static Ljava/lang/Object;.<clinit>()V> (0x000000008a292e48) 
thrown [s\open\src\hotspot\share\prims\jni.cpp, line 1106]
Event: 23.340 Thread 0x0000020fee7c94f0 Exception <a 'java/lang/NoSuchMethodError'{0x000000008a2a66d8}: static Ljava/lang/Object;.<clinit>()V> (0x000000008a2a66d8) 
thrown [s\open\src\hotspot\share\prims\jni.cpp, line 1106]
Event: 23.370 Thread 0x0000020fee7c94f0 Exception <a 'java/lang/NoSuchMethodError'{0x000000008a1d0988}: static Lkotlin/InitializedLazyImpl;.<clinit>()V> (0x000000008a1d0988) 
thrown [s\open\src\hotspot\share\prims\jni.cpp, line 1106]

ZGC Phase Switch (0 events):
No events

VM Operations (20 events):
Event: 20.130 Executing VM operation: G1CollectForAllocation (G1 Evacuation Pause) done
Event: 20.213 Executing VM operation: HandshakeAllThreads (Deoptimize)
Event: 20.213 Executing VM operation: HandshakeAllThreads (Deoptimize) done
Event: 21.131 Executing VM operation: G1CollectForAllocation (G1 Evacuation Pause)
Event: 21.146 Executing VM operation: G1CollectForAllocation (G1 Evacuation Pause) done
Event: 21.361 Executing VM operation: HandshakeAllThreads (Deoptimize)
Event: 21.362 Executing VM operation: HandshakeAllThreads (Deoptimize) done
Event: 21.413 Executing VM operation: HandshakeAllThreads (Deoptimize)
Event: 21.413 Executing VM operation: HandshakeAllThreads (Deoptimize) done
Event: 21.530 Executing VM operation: G1TryInitiateConcMark (G1 Humongous Allocation)
Event: 21.538 Executing VM operation: G1TryInitiateConcMark (G1 Humongous Allocation) done
Event: 21.613 Executing VM operation: G1PauseRemark
Event: 21.631 Executing VM operation: G1PauseRemark done
Event: 21.669 Executing VM operation: G1PauseCleanup
Event: 21.669 Executing VM operation: G1PauseCleanup done
Event: 22.680 Executing VM operation: Cleanup
Event: 22.680 Executing VM operation: Cleanup done
Event: 22.826 Executing VM operation: G1CollectForAllocation (G1 Evacuation Pause)
Event: 22.877 Executing VM operation: G1CollectForAllocation (G1 Evacuation Pause) done
Event: 23.556 Executing VM operation: G1CollectForAllocation (G1 Evacuation Pause)

Events (20 events):
Event: 21.630 Thread 0x0000020fe559f500 flushing nmethod 0x0000020fd8827c90
Event: 21.630 Thread 0x0000020fe559f500 flushing nmethod 0x0000020fd8831810
Event: 21.630 Thread 0x0000020fe559f500 flushing nmethod 0x0000020fd87caa10
Event: 21.630 Thread 0x0000020fe559f500 flushing nmethod 0x0000020fd879c710
Event: 21.630 Thread 0x0000020fe559f500 flushing nmethod 0x0000020fd8774490
Event: 21.630 Thread 0x0000020fe559f500 flushing nmethod 0x0000020fd8751c90
Event: 21.630 Thread 0x0000020fe559f500 flushing nmethod 0x0000020fd8707690
Event: 21.630 Thread 0x0000020fe559f500 flushing nmethod 0x0000020fd8712390
Event: 21.630 Thread 0x0000020fe559f500 flushing nmethod 0x0000020fd870f610
Event: 23.424 Thread 0x0000020fee484b00 Thread added: 0x0000020fee484b00
Event: 23.430 Thread 0x0000020fee485eb0 Thread added: 0x0000020fee485eb0
Event: 23.439 Thread 0x0000020fee489330 Thread added: 0x0000020fee489330
Event: 23.447 Thread 0x0000020fee487260 Thread added: 0x0000020fee487260
Event: 23.458 Thread 0x0000020fee482a30 Thread added: 0x0000020fee482a30
Event: 23.472 Thread 0x0000020fee488610 Thread added: 0x0000020fee488610
Event: 23.488 Thread 0x0000020fee485190 Thread added: 0x0000020fee485190
Event: 23.503 Thread 0x0000020fee486540 Thread added: 0x0000020fee486540
Event: 23.515 Thread 0x0000020fee486bd0 Thread added: 0x0000020fee486bd0
Event: 23.528 Thread 0x0000020fee4878f0 Thread added: 0x0000020fee4878f0
Event: 23.540 Thread 0x0000020fee4899c0 Thread added: 0x0000020fee4899c0


Dynamic libraries:
0x00007ff60a140000 - 0x00007ff60a150000 	C:\Program Files\Java\jdk-21\bin\java.exe
0x00007ffcd5830000 - 0x00007ffcd5a48000 	C:\WINDOWS\SYSTEM32\ntdll.dll
0x00007ffcd43d0000 - 0x00007ffcd4494000 	C:\WINDOWS\System32\KERNEL32.DLL
0x00007ffcd2b00000 - 0x00007ffcd2ed3000 	C:\WINDOWS\System32\KERNELBASE.dll
0x00007ffcd2930000 - 0x00007ffcd2a41000 	C:\WINDOWS\System32\ucrtbase.dll
0x00007ffc99ae0000 - 0x00007ffc99afb000 	C:\Program Files\Java\jdk-21\bin\VCRUNTIME140.dll
0x00007ffc99a60000 - 0x00007ffc99a79000 	C:\Program Files\Java\jdk-21\bin\jli.dll
0x00007ffcd5730000 - 0x00007ffcd57e1000 	C:\WINDOWS\System32\ADVAPI32.dll
0x00007ffcd4110000 - 0x00007ffcd41b7000 	C:\WINDOWS\System32\msvcrt.dll
0x00007ffcd42e0000 - 0x00007ffcd4388000 	C:\WINDOWS\System32\sechost.dll
0x00007ffcd3340000 - 0x00007ffcd3368000 	C:\WINDOWS\System32\bcrypt.dll
0x00007ffcd3820000 - 0x00007ffcd3938000 	C:\WINDOWS\System32\RPCRT4.dll
0x00007ffcd3660000 - 0x00007ffcd3812000 	C:\WINDOWS\System32\USER32.dll
0x00007ffcd2ad0000 - 0x00007ffcd2af6000 	C:\WINDOWS\System32\win32u.dll
0x00007ffcbf7d0000 - 0x00007ffcbfa6c000 	C:\WINDOWS\WinSxS\amd64_microsoft.windows.common-controls_6595b64144ccf1df_6.0.22621.6060_none_2712eda17382d24b\COMCTL32.dll
0x00007ffcd4600000 - 0x00007ffcd4629000 	C:\WINDOWS\System32\GDI32.dll
0x00007ffcd3210000 - 0x00007ffcd3333000 	C:\WINDOWS\System32\gdi32full.dll
0x00007ffcd3430000 - 0x00007ffcd34ca000 	C:\WINDOWS\System32\msvcp_win.dll
0x00007ffcc8650000 - 0x00007ffcc865a000 	C:\WINDOWS\SYSTEM32\VERSION.dll
0x00007ffcd3ed0000 - 0x00007ffcd3f01000 	C:\WINDOWS\System32\IMM32.DLL
0x00007ffcc1970000 - 0x00007ffcc197c000 	C:\Program Files\Java\jdk-21\bin\vcruntime140_1.dll
0x00007ffc92de0000 - 0x00007ffc92e6e000 	C:\Program Files\Java\jdk-21\bin\msvcp140.dll
0x00007ffc1eaf0000 - 0x00007ffc1f805000 	C:\Program Files\Java\jdk-21\bin\server\jvm.dll
0x00007ffcd4080000 - 0x00007ffcd40f1000 	C:\WINDOWS\System32\WS2_32.dll
0x00007ffcd2800000 - 0x00007ffcd284d000 	C:\WINDOWS\SYSTEM32\POWRPROF.dll
0x00007ffccb2f0000 - 0x00007ffccb324000 	C:\WINDOWS\SYSTEM32\WINMM.dll
0x00007ffcd27e0000 - 0x00007ffcd27f3000 	C:\WINDOWS\SYSTEM32\UMPDC.dll
0x00007ffcd1900000 - 0x00007ffcd1918000 	C:\WINDOWS\SYSTEM32\kernel.appcore.dll
0x00007ffcae820000 - 0x00007ffcae82a000 	C:\Program Files\Java\jdk-21\bin\jimage.dll
0x00007ffcd0440000 - 0x00007ffcd0673000 	C:\WINDOWS\SYSTEM32\DBGHELP.DLL
0x00007ffcd4630000 - 0x00007ffcd49c2000 	C:\WINDOWS\System32\combase.dll
0x00007ffcd4bb0000 - 0x00007ffcd4c88000 	C:\WINDOWS\System32\OLEAUT32.dll
0x00007ffcc8b60000 - 0x00007ffcc8b92000 	C:\WINDOWS\SYSTEM32\dbgcore.DLL
0x00007ffcd2a50000 - 0x00007ffcd2acb000 	C:\WINDOWS\System32\bcryptPrimitives.dll
0x00007ffc99ca0000 - 0x00007ffc99caf000 	C:\Program Files\Java\jdk-21\bin\instrument.dll
0x00007ffc99860000 - 0x00007ffc9987f000 	C:\Program Files\Java\jdk-21\bin\java.dll
0x00007ffcd4e80000 - 0x00007ffcd571e000 	C:\WINDOWS\System32\SHELL32.dll
0x00007ffcd30d0000 - 0x00007ffcd320f000 	C:\WINDOWS\System32\wintypes.dll
0x00007ffcd0810000 - 0x00007ffcd1128000 	C:\WINDOWS\SYSTEM32\windows.storage.dll
0x00007ffcd3550000 - 0x00007ffcd3654000 	C:\WINDOWS\System32\SHCORE.dll
0x00007ffcd41c0000 - 0x00007ffcd4229000 	C:\WINDOWS\System32\shlwapi.dll
0x00007ffcd2860000 - 0x00007ffcd2885000 	C:\WINDOWS\SYSTEM32\profapi.dll
0x00007ffc7f6b0000 - 0x00007ffc7f787000 	C:\Program Files\Java\jdk-21\bin\jsvml.dll
0x00007ffc99780000 - 0x00007ffc99798000 	C:\Program Files\Java\jdk-21\bin\zip.dll
0x00007ffca5860000 - 0x00007ffca5870000 	C:\Program Files\Java\jdk-21\bin\net.dll
0x00007ffccda10000 - 0x00007ffccdb3c000 	C:\WINDOWS\SYSTEM32\WINHTTP.dll
0x00007ffcd1de0000 - 0x00007ffcd1e49000 	C:\WINDOWS\system32\mswsock.dll
0x00007ffc99840000 - 0x00007ffc99856000 	C:\Program Files\Java\jdk-21\bin\nio.dll
0x00007ffc9b590000 - 0x00007ffc9b5a0000 	C:\Program Files\Java\jdk-21\bin\verify.dll
0x00007ffcac520000 - 0x00007ffcac547000 	C:\Users\B NISHIDA\.gradle\native\c067742578af261105cb4f569cf0c3c89f3d7b1fecec35dd04571415982c5e48\windows-amd64\native-platform.dll
0x00007ffc6a630000 - 0x00007ffc6a774000 	C:\Users\B NISHIDA\.gradle\native\38dada09dfb8b06ba9b0570ebf7e218e3eb74d4ef43ca46872605cf95ebc2f47\windows-amd64\native-platform-file-events.dll
0x00007ffc9a040000 - 0x00007ffc9a04a000 	C:\Program Files\Java\jdk-21\bin\management.dll
0x00007ffc99fd0000 - 0x00007ffc99fdb000 	C:\Program Files\Java\jdk-21\bin\management_ext.dll
0x00007ffcd39d0000 - 0x00007ffcd39d8000 	C:\WINDOWS\System32\PSAPI.DLL
0x00007ffcd2040000 - 0x00007ffcd205b000 	C:\WINDOWS\SYSTEM32\CRYPTSP.dll
0x00007ffcd1860000 - 0x00007ffcd1897000 	C:\WINDOWS\system32\rsaenh.dll
0x00007ffcd1ed0000 - 0x00007ffcd1ef8000 	C:\WINDOWS\SYSTEM32\USERENV.dll
0x00007ffcd2030000 - 0x00007ffcd203c000 	C:\WINDOWS\SYSTEM32\CRYPTBASE.dll
0x00007ffcd13d0000 - 0x00007ffcd13fd000 	C:\WINDOWS\SYSTEM32\IPHLPAPI.DLL
0x00007ffcd4100000 - 0x00007ffcd4109000 	C:\WINDOWS\System32\NSI.dll
0x00007ffc99a50000 - 0x00007ffc99a57000 	C:\Program Files\Java\jdk-21\bin\extnet.dll
0x00007ffc99770000 - 0x00007ffc9977e000 	C:\Program Files\Java\jdk-21\bin\sunmscapi.dll
0x00007ffcd2f60000 - 0x00007ffcd30c8000 	C:\WINDOWS\System32\CRYPT32.dll
0x00007ffcd21f0000 - 0x00007ffcd221e000 	C:\WINDOWS\SYSTEM32\ncrypt.dll
0x00007ffcd21b0000 - 0x00007ffcd21e7000 	C:\WINDOWS\SYSTEM32\NTASN1.dll
0x00007ffccdc10000 - 0x00007ffccdc18000 	C:\WINDOWS\system32\wshunix.dll

dbghelp: loaded successfully - version: 4.0.5 - missing functions: none
symbol engine: initialized successfully - sym options: 0x614 - pdb path: .;C:\Program Files\Java\jdk-21\bin;C:\WINDOWS\SYSTEM32;C:\WINDOWS\WinSxS\amd64_microsoft.windows.common-controls_6595b64144ccf1df_6.0.22621.6060_none_2712eda17382d24b;C:\Program Files\Java\jdk-21\bin\server;C:\Users\B NISHIDA\.gradle\native\c067742578af261105cb4f569cf0c3c89f3d7b1fecec35dd04571415982c5e48\windows-amd64;C:\Users\B NISHIDA\.gradle\native\38dada09dfb8b06ba9b0570ebf7e218e3eb74d4ef43ca46872605cf95ebc2f47\windows-amd64

VM Arguments:
jvm_args: --add-opens=java.base/java.util=ALL-UNNAMED --add-opens=java.base/java.lang=ALL-UNNAMED --add-opens=java.base/java.lang.invoke=ALL-UNNAMED --add-opens=java.prefs/java.util.prefs=ALL-UNNAMED --add-opens=java.base/java.nio.charset=ALL-UNNAMED --add-opens=java.base/java.net=ALL-UNNAMED --add-opens=java.base/java.util.concurrent.atomic=ALL-UNNAMED -Xmx2048m -Dfile.encoding=UTF-8 -Duser.country=IN -Duser.language=en -Duser.variant -javaagent:C:\Users\B NISHIDA\.gradle\wrapper\dists\gradle-8.7-bin\bhs2wmbdwecv87pi65oeuq5iu\gradle-8.7\lib\agents\gradle-instrumentation-agent-8.7.jar 
java_command: org.gradle.launcher.daemon.bootstrap.GradleDaemon 8.7
java_class_path (initial): C:\Users\B NISHIDA\.gradle\wrapper\dists\gradle-8.7-bin\bhs2wmbdwecv87pi65oeuq5iu\gradle-8.7\lib\gradle-launcher-8.7.jar
Launcher Type: SUN_STANDARD

[Global flags]
     intx CICompilerCount                          = 4                                         {product} {ergonomic}
     uint ConcGCThreads                            = 3                                         {product} {ergonomic}
     uint G1ConcRefinementThreads                  = 10                                        {product} {ergonomic}
   size_t G1HeapRegionSize                         = 1048576                                   {product} {ergonomic}
    uintx GCDrainStackTargetSize                   = 64                                        {product} {ergonomic}
   size_t InitialHeapSize                          = 98566144                                  {product} {ergonomic}
   size_t MarkStackSize                            = 4194304                                   {product} {ergonomic}
   size_t MaxHeapSize                              = 2147483648                                {product} {command line}
   size_t MaxNewSize                               = 1287651328                                {product} {ergonomic}
   size_t MinHeapDeltaBytes                        = 1048576                                   {product} {ergonomic}
   size_t MinHeapSize                              = 8388608                                   {product} {ergonomic}
    uintx NonNMethodCodeHeapSize                   = 5839372                                {pd product} {ergonomic}
    uintx NonProfiledCodeHeapSize                  = 122909434                              {pd product} {ergonomic}
    uintx ProfiledCodeHeapSize                     = 122909434                              {pd product} {ergonomic}
    uintx ReservedCodeCacheSize                    = 251658240                              {pd product} {ergonomic}
     bool SegmentedCodeCache                       = true                                      {product} {ergonomic}
   size_t SoftMaxHeapSize                          = 2147483648                             {manageable} {ergonomic}
     bool UseCompressedOops                        = true                           {product lp64_product} {ergonomic}
     bool UseG1GC                                  = true                                      {product} {ergonomic}
     bool UseLargePagesIndividualAllocation        = false                                  {pd product} {ergonomic}

Logging:
Log output configuration:
 #0: stdout all=warning uptime,level,tags foldmultilines=false
 #1: stderr all=off uptime,level,tags foldmultilines=false

Environment Variables:
JAVA_HOME=C:\Program Files\Java\jdk-21
CLASSPATH=C:\Users\B NISHIDA\AndroidStudioProjects\MyApplication3\\gradle\wrapper\gradle-wrapper.jar
PATH=C:\Program Files\Python312\Scripts\;C:\Program Files\Python312\;C:\Program Files (x86)\VMware\VMware Workstation\bin\;C:\Program Files\Common Files\Oracle\Java\javapath;C:\Program Files (x86)\Common Files\Oracle\Java\javapath;C:\Program Files\Python311\Scripts\;C:\Program Files\Python311\;C:\WINDOWS\system32;C:\WINDOWS;C:\WINDOWS\System32\Wbem;C:\WINDOWS\System32\WindowsPowerShell\v1.0\;C:\WINDOWS\System32\OpenSSH\;C:\Program Files\dotnet\;C:\Program Files\Java\jdk-21\bin;C:\Program Files\Git\cmd;C:\Program Files\Git\mingw64\bin;C:\Program Files\Git\usr\bin;C:\Users\B NISHIDA\AppData\Local\Microsoft\WindowsApps;;C:\intelFPGA\20.1\modelsim_ase\win32aloem;C:\Users\B NISHIDA\AppData\Local\Programs\Microsoft VS Code\bin;C:\Users\B NISHIDA\AppData\Local\Programs\Antigravity\bin
USERNAME=B NISHIDA
OS=Windows_NT
PROCESSOR_IDENTIFIER=AMD64 Family 23 Model 104 Stepping 1, AuthenticAMD
TMP=C:\Users\BNISHI~1\AppData\Local\Temp
TEMP=C:\Users\BNISHI~1\AppData\Local\Temp




Periodic native trim disabled

---------------  S Y S T E M  ---------------

OS:
 Windows 11 , 64 bit Build 22621 (10.0.22621.5415)
OS uptime: 9 days 23:25 hours

CPU: total 12 (initial active 12) (12 cores per cpu, 2 threads per core) family 23 model 104 stepping 1 microcode 0x0, cx8, cmov, fxsr, ht, mmx, 3dnowpref, sse, sse2, sse3, ssse3, sse4a, sse4.1, sse4.2, popcnt, lzcnt, tsc, tscinvbit, avx, avx2, aes, clmul, bmi1, bmi2, adx, sha, fma, vzeroupper, clflush, clflushopt, rdtscp, rdpid, f16c
Processor Information for processor 0
  Max Mhz: 2100, Current Mhz: 2100, Mhz Limit: 2100
Processor Information for processor 1
  Max Mhz: 2100, Current Mhz: 2100, Mhz Limit: 2100
Processor Information for processor 2
  Max Mhz: 2100, Current Mhz: 1988, Mhz Limit: 2100
Processor Information for processor 3
  Max Mhz: 2100, Current Mhz: 2100, Mhz Limit: 2100
Processor Information for processor 4
  Max Mhz: 2100, Current Mhz: 2100, Mhz Limit: 2100
Processor Information for processor 5
  Max Mhz: 2100, Current Mhz: 2100, Mhz Limit: 2100
Processor Information for processor 6
  Max Mhz: 2100, Current Mhz: 2100, Mhz Limit: 2100
Processor Information for processor 7
  Max Mhz: 2100, Current Mhz: 2100, Mhz Limit: 2100
Processor Information for processor 8
  Max Mhz: 2100, Current Mhz: 2100, Mhz Limit: 2100
Processor Information for processor 9
  Max Mhz: 2100, Current Mhz: 1988, Mhz Limit: 2100
Processor Information for processor 10
  Max Mhz: 2100, Current Mhz: 2100, Mhz Limit: 2100
Processor Information for processor 11
  Max Mhz: 2100, Current Mhz: 1988, Mhz Limit: 2100

Memory: 4k page, system-wide physical 6005M (183M free)
TotalPageFile size 24437M (AvailPageFile size 27M)
current process WorkingSet (physical memory assigned to process): 371M, peak: 405M
current process commit charge ("private bytes"): 497M, peak: 539M

vm_info: Java HotSpot(TM) 64-Bit Server VM (21.0.1+12-LTS-29) for windows-amd64 JRE (21.0.1+12-LTS-29), built on 2023-10-05T13:27:09Z by "mach5one" with MS VC++ 17.1 (VS2022)

END.
