#
# There is insufficient memory for the Java Runtime Environment to continue.
# Native memory allocation (malloc) failed to allocate 961680 bytes for Chunk::new
# Possible reasons:
#   The system is out of physical RAM or swap space
#   The process is running with CompressedOops enabled, and the Java Heap may be blocking the growth of the native heap
# Possible solutions:
#   Reduce memory load on the system
#   Increase physical memory or swap space
#   Check if swap backing store is full
#   Decrease Java heap size (-Xmx/-Xms)
#   Decrease number of Java threads
#   Decrease Java thread stack sizes (-Xss)
#   Set larger code cache with -XX:ReservedCodeCacheSize=
#   JVM is running with Unscaled Compressed Oops mode in which the Java heap is
#     placed in the first 4GB address space. The Java Heap base address is the
#     maximum limit for the native heap growth. Please use -XX:HeapBaseMinAddress
#     to set the Java Heap base and to place the Java Heap above 4GB virtual address.
# This output file may be truncated or incomplete.
#
#  Out of Memory Error (arena.cpp:168), pid=11888, tid=20484
#
# JRE version: Java(TM) SE Runtime Environment (21.0.1+12) (build 21.0.1+12-LTS-29)
# Java VM: Java HotSpot(TM) 64-Bit Server VM (21.0.1+12-LTS-29, mixed mode, sharing, tiered, compressed oops, compressed class ptrs, g1 gc, windows-amd64)
# No core dump will be written. Minidumps are not enabled by default on client versions of Windows
#

---------------  S U M M A R Y ------------

Command Line: --add-opens=java.base/java.util=ALL-UNNAMED --add-opens=java.base/java.lang=ALL-UNNAMED --add-opens=java.base/java.lang.invoke=ALL-UNNAMED --add-opens=java.prefs/java.util.prefs=ALL-UNNAMED --add-opens=java.base/java.nio.charset=ALL-UNNAMED --add-opens=java.base/java.net=ALL-UNNAMED --add-opens=java.base/java.util.concurrent.atomic=ALL-UNNAMED -Xmx2048m -Dfile.encoding=UTF-8 -Duser.country=IN -Duser.language=en -Duser.variant -javaagent:C:\Users\B NISHIDA\.gradle\wrapper\dists\gradle-8.7-bin\bhs2wmbdwecv87pi65oeuq5iu\gradle-8.7\lib\agents\gradle-instrumentation-agent-8.7.jar org.gradle.launcher.daemon.bootstrap.GradleDaemon 8.7

Host: AMD Ryzen 5 5500U with Radeon Graphics         , 12 cores, 5G,  Windows 11 , 64 bit Build 22621 (10.0.22621.5415)
Time: Sat Jan  3 09:59:06 2026 India Standard Time elapsed time: 23.468185 seconds (0d 0h 0m 23s)

---------------  T H R E A D  ---------------

Current thread (0x00000229bd031b60):  JavaThread "C2 CompilerThread0" daemon [_thread_in_native, id=20484, stack(0x000000fa83500000,0x000000fa83600000) (1024K)]


Current CompileTask:
C2:  23468 10904   !   4       java.nio.file.FileTreeWalker::next (144 bytes)

Stack: [0x000000fa83500000,0x000000fa83600000]
Native frames: (J=compiled Java code, j=interpreted, Vv=VM code, C=native code)
V  [jvm.dll+0x6c9029]
V  [jvm.dll+0x854b81]
V  [jvm.dll+0x856e5e]
V  [jvm.dll+0x857543]
V  [jvm.dll+0x280c06]
V  [jvm.dll+0xc3ead]
V  [jvm.dll+0xc43c3]
V  [jvm.dll+0x3b576c]
V  [jvm.dll+0x382475]
V  [jvm.dll+0x3818ea]
V  [jvm.dll+0x249ad0]
V  [jvm.dll+0x2490b1]
V  [jvm.dll+0x1c9ca1]
V  [jvm.dll+0x2586b9]
V  [jvm.dll+0x256c9a]
V  [jvm.dll+0x3ef1b6]
V  [jvm.dll+0x7fd728]
V  [jvm.dll+0x6c777d]
C  [ucrtbase.dll+0x29333]
C  [KERNEL32.DLL+0x1259d]
C  [ntdll.dll+0x5af78]


---------------  P R O C E S S  ---------------

Threads class SMR info:
_java_thread_list=0x0000022985c8a630, length=92, elements={
0x000002299e005f80, 0x00000229bd01fb40, 0x00000229bd020960, 0x00000229bd0248a0,
0x00000229bd025430, 0x00000229bd025fc0, 0x00000229bd028b60, 0x00000229bd031b60,
0x00000229bd0344f0, 0x00000229bd20e2d0, 0x00000229bd334770, 0x00000229ff4c17d0,
0x00000229ffd52670, 0x00000229ffd9a030, 0x00000229fff60e90, 0x00000229fff8aa80,
0x00000229ffd6ed00, 0x00000229ffd70fa0, 0x00000229ffe3b8a0, 0x00000229ffe3ed20,
0x00000229ffe3bf30, 0x00000229ffe3e000, 0x00000229ffe3c5c0, 0x00000229ffe3e690,
0x00000229ffe3d2e0, 0x00000229ffe3d970, 0x0000022984453620, 0x0000022984450830,
0x00000229844556f0, 0x0000022984450ec0, 0x0000022984454340, 0x0000022984451550,
0x0000022984455d80, 0x0000022984456410, 0x000002298444f480, 0x0000022984452900,
0x0000022984452f90, 0x0000022985cbd900, 0x0000022985cbdf90, 0x0000022985cbe620,
0x0000022985cc27c0, 0x0000022985cc06f0, 0x0000022985cc0060, 0x0000022985cc34e0,
0x0000022985cc0d80, 0x0000022985cbecb0, 0x0000022985cc2130, 0x0000022985cc2e50,
0x0000022985cbcbe0, 0x0000022985cc3b70, 0x0000022985cc1410, 0x0000022985cbd270,
0x0000022985cbf9d0, 0x0000022985cc1aa0, 0x0000022985cccc10, 0x0000022987ae1350,
0x0000022987ae19e0, 0x0000022987ae2700, 0x0000022987ae3ab0, 0x0000022987ae4140,
0x0000022987ae6210, 0x0000022987ae47d0, 0x0000022987ae68a0, 0x0000022987ae4e60,
0x0000022987ae54f0, 0x0000022987ae5b80, 0x0000022987ae2070, 0x0000022987ae6f30,
0x0000022987adffa0, 0x0000022987ae75c0, 0x000002298814f9e0, 0x0000022988150700,
0x0000022988152e60, 0x00000229881555c0, 0x0000022988150d90, 0x0000022988152140,
0x0000022988151420, 0x0000022988150070, 0x0000022988154210, 0x0000022988151ab0,
0x00000229881548a0, 0x00000229885157b0, 0x00000229885171f0, 0x0000022988519950,
0x00000229885129c0, 0x0000022988519fe0, 0x0000022988515e40, 0x0000022988514400,
0x0000022988513050, 0x0000022988514a90, 0x00000229885136e0, 0x0000022988517880
}
_to_delete_list=0x0000022985c89d60, length=91, elements={
0x000002299e005f80, 0x00000229bd01fb40, 0x00000229bd020960, 0x00000229bd0248a0,
0x00000229bd025430, 0x00000229bd025fc0, 0x00000229bd028b60, 0x00000229bd031b60,
0x00000229bd0344f0, 0x00000229bd20e2d0, 0x00000229bd334770, 0x00000229ff4c17d0,
0x00000229ffd52670, 0x00000229ffd9a030, 0x00000229fff60e90, 0x00000229fff8aa80,
0x00000229ffd6ed00, 0x00000229ffd70fa0, 0x00000229ffe3b8a0, 0x00000229ffe3ed20,
0x00000229ffe3bf30, 0x00000229ffe3e000, 0x00000229ffe3c5c0, 0x00000229ffe3e690,
0x00000229ffe3d2e0, 0x00000229ffe3d970, 0x0000022984453620, 0x0000022984450830,
0x00000229844556f0, 0x0000022984450ec0, 0x0000022984454340, 0x0000022984451550,
0x0000022984455d80, 0x0000022984456410, 0x000002298444f480, 0x0000022984452900,
0x0000022984452f90, 0x0000022985cbd900, 0x0000022985cbdf90, 0x0000022985cbe620,
0x0000022985cc27c0, 0x0000022985cc06f0, 0x0000022985cc0060, 0x0000022985cc34e0,
0x0000022985cc0d80, 0x0000022985cbecb0, 0x0000022985cc2130, 0x0000022985cc2e50,
0x0000022985cbcbe0, 0x0000022985cc3b70, 0x0000022985cc1410, 0x0000022985cbd270,
0x0000022985cbf9d0, 0x0000022985cc1aa0, 0x0000022985cccc10, 0x0000022987ae1350,
0x0000022987ae19e0, 0x0000022987ae2700, 0x0000022987ae3ab0, 0x0000022987ae4140,
0x0000022987ae6210, 0x0000022987ae47d0, 0x0000022987ae68a0, 0x0000022987ae4e60,
0x0000022987ae54f0, 0x0000022987ae5b80, 0x0000022987ae2070, 0x0000022987ae6f30,
0x0000022987adffa0, 0x0000022987ae75c0, 0x000002298814f9e0, 0x0000022988150700,
0x0000022988152e60, 0x00000229881555c0, 0x0000022988150d90, 0x0000022988152140,
0x0000022988151420, 0x0000022988150070, 0x0000022988154210, 0x0000022988151ab0,
0x00000229881548a0, 0x00000229885157b0, 0x00000229885171f0, 0x0000022988519950,
0x00000229885129c0, 0x0000022988519fe0, 0x0000022988515e40, 0x0000022988514400,
0x0000022988513050, 0x0000022988514a90, 0x00000229885136e0
}

Java Threads: ( => current thread )
  0x000002299e005f80 JavaThread "main"                              [_thread_blocked, id=6428, stack(0x000000fa82700000,0x000000fa82800000) (1024K)]
  0x00000229bd01fb40 JavaThread "Reference Handler"          daemon [_thread_blocked, id=11560, stack(0x000000fa82f00000,0x000000fa83000000) (1024K)]
  0x00000229bd020960 JavaThread "Finalizer"                  daemon [_thread_blocked, id=24828, stack(0x000000fa83000000,0x000000fa83100000) (1024K)]
  0x00000229bd0248a0 JavaThread "Signal Dispatcher"          daemon [_thread_blocked, id=20072, stack(0x000000fa83100000,0x000000fa83200000) (1024K)]
  0x00000229bd025430 JavaThread "Attach Listener"            daemon [_thread_blocked, id=32540, stack(0x000000fa83200000,0x000000fa83300000) (1024K)]
  0x00000229bd025fc0 JavaThread "Service Thread"             daemon [_thread_blocked, id=26804, stack(0x000000fa83300000,0x000000fa83400000) (1024K)]
  0x00000229bd028b60 JavaThread "Monitor Deflation Thread"   daemon [_thread_blocked, id=30124, stack(0x000000fa83400000,0x000000fa83500000) (1024K)]
=>0x00000229bd031b60 JavaThread "C2 CompilerThread0"         daemon [_thread_in_native, id=20484, stack(0x000000fa83500000,0x000000fa83600000) (1024K)]
  0x00000229bd0344f0 JavaThread "C1 CompilerThread0"         daemon [_thread_blocked, id=31956, stack(0x000000fa83600000,0x000000fa83700000) (1024K)]
  0x00000229bd20e2d0 JavaThread "Common-Cleaner"             daemon [_thread_blocked, id=18336, stack(0x000000fa83700000,0x000000fa83800000) (1024K)]
  0x00000229bd334770 JavaThread "Notification Thread"        daemon [_thread_blocked, id=3636, stack(0x000000fa83800000,0x000000fa83900000) (1024K)]
  0x00000229ff4c17d0 JavaThread "Daemon health stats"               [_thread_blocked, id=32512, stack(0x000000fa83d00000,0x000000fa83e00000) (1024K)]
  0x00000229ffd52670 JavaThread "Incoming local TCP Connector on port 52234"        [_thread_in_native, id=28692, stack(0x000000fa83e00000,0x000000fa83f00000) (1024K)]
  0x00000229ffd9a030 JavaThread "Daemon periodic checks"            [_thread_blocked, id=28388, stack(0x000000fa83f00000,0x000000fa84000000) (1024K)]
  0x00000229fff60e90 JavaThread "Daemon"                            [_thread_blocked, id=27604, stack(0x000000fa84000000,0x000000fa84100000) (1024K)]
  0x00000229fff8aa80 JavaThread "Handler for socket connection from /127.0.0.1:52234 to /127.0.0.1:52235"        [_thread_in_native, id=23912, stack(0x000000fa84100000,0x000000fa84200000) (1024K)]
  0x00000229ffd6ed00 JavaThread "Cancel handler"                    [_thread_blocked, id=21276, stack(0x000000fa84200000,0x000000fa84300000) (1024K)]
  0x00000229ffd70fa0 JavaThread "Daemon worker"                     [_thread_blocked, id=22540, stack(0x000000fa84300000,0x000000fa84400000) (1024K)]
  0x00000229ffe3b8a0 JavaThread "Asynchronous log dispatcher for DefaultDaemonConnection: socket connection from /127.0.0.1:52234 to /127.0.0.1:52235"        [_thread_blocked, id=5712, stack(0x000000fa84400000,0x000000fa84500000) (1024K)]
  0x00000229ffe3ed20 JavaThread "Stdin handler"                     [_thread_blocked, id=23756, stack(0x000000fa84500000,0x000000fa84600000) (1024K)]
  0x00000229ffe3bf30 JavaThread "Daemon client event forwarder"        [_thread_blocked, id=13936, stack(0x000000fa84600000,0x000000fa84700000) (1024K)]
  0x00000229ffe3e000 JavaThread "Cache worker for journal cache (C:\Users\B NISHIDA\.gradle\caches\journal-1)"        [_thread_blocked, id=14400, stack(0x000000fa84c00000,0x000000fa84d00000) (1024K)]
  0x00000229ffe3c5c0 JavaThread "File lock request listener"        [_thread_in_native, id=24012, stack(0x000000fa84d00000,0x000000fa84e00000) (1024K)]
  0x00000229ffe3e690 JavaThread "Cache worker for file hash cache (C:\Users\B NISHIDA\.gradle\caches\8.7\fileHashes)"        [_thread_blocked, id=24180, stack(0x000000fa84e00000,0x000000fa84f00000) (1024K)]
  0x00000229ffe3d2e0 JavaThread "Cache worker for file hash cache (C:\Users\B NISHIDA\AndroidStudioProjects\MyApplication3\.gradle\8.7\fileHashes)"        [_thread_blocked, id=10056, stack(0x000000fa84f00000,0x000000fa85000000) (1024K)]
  0x00000229ffe3d970 JavaThread "File watcher server"        daemon [_thread_in_native, id=10028, stack(0x000000fa85200000,0x000000fa85300000) (1024K)]
  0x0000022984453620 JavaThread "File watcher consumer"      daemon [_thread_blocked, id=16348, stack(0x000000fa85300000,0x000000fa85400000) (1024K)]
  0x0000022984450830 JavaThread "Cache worker for checksums cache (C:\Users\B NISHIDA\AndroidStudioProjects\MyApplication3\.gradle\8.7\checksums)"        [_thread_blocked, id=84, stack(0x000000fa85400000,0x000000fa85500000) (1024K)]
  0x00000229844556f0 JavaThread "Cache worker for cache directory md-supplier (C:\Users\B NISHIDA\.gradle\caches\8.7\md-supplier)"        [_thread_blocked, id=11136, stack(0x000000fa85500000,0x000000fa85600000) (1024K)]
  0x0000022984450ec0 JavaThread "Cache worker for cache directory md-rule (C:\Users\B NISHIDA\.gradle\caches\8.7\md-rule)"        [_thread_blocked, id=26640, stack(0x000000fa85600000,0x000000fa85700000) (1024K)]
  0x0000022984454340 JavaThread "Cache worker for file content cache (C:\Users\B NISHIDA\.gradle\caches\8.7\fileContent)"        [_thread_blocked, id=34980, stack(0x000000fa85700000,0x000000fa85800000) (1024K)]
  0x0000022984451550 JavaThread "Cache worker for Build Output Cleanup Cache (C:\Users\B NISHIDA\AndroidStudioProjects\MyApplication3\.gradle\buildOutputCleanup)"        [_thread_blocked, id=26416, stack(0x000000fa85800000,0x000000fa85900000) (1024K)]
  0x0000022984455d80 JavaThread "Unconstrained build operations"        [_thread_blocked, id=16992, stack(0x000000fa85900000,0x000000fa85a00000) (1024K)]
  0x0000022984456410 JavaThread "Unconstrained build operations Thread 2"        [_thread_blocked, id=31032, stack(0x000000fa85a00000,0x000000fa85b00000) (1024K)]
  0x000002298444f480 JavaThread "Unconstrained build operations Thread 3"        [_thread_blocked, id=6240, stack(0x000000fa85b00000,0x000000fa85c00000) (1024K)]
  0x0000022984452900 JavaThread "Unconstrained build operations Thread 4"        [_thread_blocked, id=15668, stack(0x000000fa85c00000,0x000000fa85d00000) (1024K)]
  0x0000022984452f90 JavaThread "Unconstrained build operations Thread 5"        [_thread_blocked, id=35204, stack(0x000000fa85d00000,0x000000fa85e00000) (1024K)]
  0x0000022985cbd900 JavaThread "Unconstrained build operations Thread 6"        [_thread_blocked, id=32384, stack(0x000000fa85e00000,0x000000fa85f00000) (1024K)]
  0x0000022985cbdf90 JavaThread "Unconstrained build operations Thread 7"        [_thread_blocked, id=25796, stack(0x000000fa85f00000,0x000000fa86000000) (1024K)]
  0x0000022985cbe620 JavaThread "Unconstrained build operations Thread 8"        [_thread_blocked, id=26068, stack(0x000000fa86000000,0x000000fa86100000) (1024K)]
  0x0000022985cc27c0 JavaThread "Unconstrained build operations Thread 9"        [_thread_blocked, id=24104, stack(0x000000fa86100000,0x000000fa86200000) (1024K)]
  0x0000022985cc06f0 JavaThread "Unconstrained build operations Thread 10"        [_thread_blocked, id=22088, stack(0x000000fa86200000,0x000000fa86300000) (1024K)]
  0x0000022985cc0060 JavaThread "Unconstrained build operations Thread 11"        [_thread_blocked, id=15304, stack(0x000000fa86300000,0x000000fa86400000) (1024K)]
  0x0000022985cc34e0 JavaThread "Unconstrained build operations Thread 12"        [_thread_blocked, id=2472, stack(0x000000fa86400000,0x000000fa86500000) (1024K)]
  0x0000022985cc0d80 JavaThread "Unconstrained build operations Thread 13"        [_thread_blocked, id=18372, stack(0x000000fa86500000,0x000000fa86600000) (1024K)]
  0x0000022985cbecb0 JavaThread "Unconstrained build operations Thread 14"        [_thread_blocked, id=22216, stack(0x000000fa86600000,0x000000fa86700000) (1024K)]
  0x0000022985cc2130 JavaThread "Unconstrained build operations Thread 15"        [_thread_blocked, id=22724, stack(0x000000fa86700000,0x000000fa86800000) (1024K)]
  0x0000022985cc2e50 JavaThread "Unconstrained build operations Thread 16"        [_thread_blocked, id=34316, stack(0x000000fa86800000,0x000000fa86900000) (1024K)]
  0x0000022985cbcbe0 JavaThread "Unconstrained build operations Thread 17"        [_thread_blocked, id=7576, stack(0x000000fa86900000,0x000000fa86a00000) (1024K)]
  0x0000022985cc3b70 JavaThread "Unconstrained build operations Thread 18"        [_thread_blocked, id=23136, stack(0x000000fa86a00000,0x000000fa86b00000) (1024K)]
  0x0000022985cc1410 JavaThread "Unconstrained build operations Thread 19"        [_thread_blocked, id=11124, stack(0x000000fa86b00000,0x000000fa86c00000) (1024K)]
  0x0000022985cbd270 JavaThread "Unconstrained build operations Thread 20"        [_thread_blocked, id=16644, stack(0x000000fa86c00000,0x000000fa86d00000) (1024K)]
  0x0000022985cbf9d0 JavaThread "Unconstrained build operations Thread 21"        [_thread_blocked, id=26064, stack(0x000000fa86d00000,0x000000fa86e00000) (1024K)]
  0x0000022985cc1aa0 JavaThread "Unconstrained build operations Thread 22"        [_thread_blocked, id=21360, stack(0x000000fa86e00000,0x000000fa86f00000) (1024K)]
  0x0000022985cccc10 JavaThread "Memory manager"                    [_thread_blocked, id=34004, stack(0x000000fa86f00000,0x000000fa87000000) (1024K)]
  0x0000022987ae1350 JavaThread "pool-3-thread-1"                   [_thread_blocked, id=30232, stack(0x000000fa87000000,0x000000fa87100000) (1024K)]
  0x0000022987ae19e0 JavaThread "build event listener"              [_thread_blocked, id=22980, stack(0x000000fa87100000,0x000000fa87200000) (1024K)]
  0x0000022987ae2700 JavaThread "included builds"                   [_thread_blocked, id=11112, stack(0x000000fa87200000,0x000000fa87300000) (1024K)]
  0x0000022987ae3ab0 JavaThread "Execution worker"                  [_thread_blocked, id=33824, stack(0x000000fa87300000,0x000000fa87400000) (1024K)]
  0x0000022987ae4140 JavaThread "Execution worker Thread 2"         [_thread_blocked, id=23768, stack(0x000000fa87400000,0x000000fa87500000) (1024K)]
  0x0000022987ae6210 JavaThread "Execution worker Thread 3"         [_thread_in_native, id=35764, stack(0x000000fa87500000,0x000000fa87600000) (1024K)]
  0x0000022987ae47d0 JavaThread "Execution worker Thread 4"         [_thread_blocked, id=9664, stack(0x000000fa87600000,0x000000fa87700000) (1024K)]
  0x0000022987ae68a0 JavaThread "Execution worker Thread 5"         [_thread_blocked, id=25336, stack(0x000000fa87700000,0x000000fa87800000) (1024K)]
  0x0000022987ae4e60 JavaThread "Execution worker Thread 6"         [_thread_blocked, id=5420, stack(0x000000fa87800000,0x000000fa87900000) (1024K)]
  0x0000022987ae54f0 JavaThread "Execution worker Thread 7"         [_thread_blocked, id=23160, stack(0x000000fa87900000,0x000000fa87a00000) (1024K)]
  0x0000022987ae5b80 JavaThread "Execution worker Thread 8"         [_thread_blocked, id=26900, stack(0x000000fa87a00000,0x000000fa87b00000) (1024K)]
  0x0000022987ae2070 JavaThread "Execution worker Thread 9"         [_thread_blocked, id=2060, stack(0x000000fa87b00000,0x000000fa87c00000) (1024K)]
  0x0000022987ae6f30 JavaThread "Execution worker Thread 10"        [_thread_blocked, id=10740, stack(0x000000fa87c00000,0x000000fa87d00000) (1024K)]
  0x0000022987adffa0 JavaThread "Execution worker Thread 11"        [_thread_blocked, id=16320, stack(0x000000fa87d00000,0x000000fa87e00000) (1024K)]
  0x0000022987ae75c0 JavaThread "Cache worker for execution history cache (C:\Users\B NISHIDA\AndroidStudioProjects\MyApplication3\.gradle\8.7\executionHistory)"        [_thread_blocked, id=25112, stack(0x000000fa87e00000,0x000000fa87f00000) (1024K)]
  0x000002298814f9e0 JavaThread "Unconstrained build operations Thread 23"        [_thread_blocked, id=9160, stack(0x000000fa87f00000,0x000000fa88000000) (1024K)]
  0x0000022988150700 JavaThread "Unconstrained build operations Thread 24"        [_thread_blocked, id=34080, stack(0x000000fa88000000,0x000000fa88100000) (1024K)]
  0x0000022988152e60 JavaThread "Unconstrained build operations Thread 25"        [_thread_blocked, id=30028, stack(0x000000fa88100000,0x000000fa88200000) (1024K)]
  0x00000229881555c0 JavaThread "Unconstrained build operations Thread 26"        [_thread_blocked, id=34668, stack(0x000000fa88200000,0x000000fa88300000) (1024K)]
  0x0000022988150d90 JavaThread "Unconstrained build operations Thread 27"        [_thread_blocked, id=34252, stack(0x000000fa88300000,0x000000fa88400000) (1024K)]
  0x0000022988152140 JavaThread "Unconstrained build operations Thread 28"        [_thread_blocked, id=24980, stack(0x000000fa88400000,0x000000fa88500000) (1024K)]
  0x0000022988151420 JavaThread "Unconstrained build operations Thread 29"        [_thread_blocked, id=12440, stack(0x000000fa88500000,0x000000fa88600000) (1024K)]
  0x0000022988150070 JavaThread "Unconstrained build operations Thread 30"        [_thread_blocked, id=31624, stack(0x000000fa88600000,0x000000fa88700000) (1024K)]
  0x0000022988154210 JavaThread "Unconstrained build operations Thread 31"        [_thread_blocked, id=3740, stack(0x000000fa88700000,0x000000fa88800000) (1024K)]
  0x0000022988151ab0 JavaThread "Unconstrained build operations Thread 32"        [_thread_blocked, id=29564, stack(0x000000fa88800000,0x000000fa88900000) (1024K)]
  0x00000229881548a0 JavaThread "Unconstrained build operations Thread 33"        [_thread_blocked, id=27804, stack(0x000000fa88900000,0x000000fa88a00000) (1024K)]
  0x00000229885157b0 JavaThread "Unconstrained build operations Thread 34"        [_thread_blocked, id=25164, stack(0x000000fa88a00000,0x000000fa88b00000) (1024K)]
  0x00000229885171f0 JavaThread "Unconstrained build operations Thread 35"        [_thread_blocked, id=21064, stack(0x000000fa88b00000,0x000000fa88c00000) (1024K)]
  0x0000022988519950 JavaThread "Unconstrained build operations Thread 36"        [_thread_blocked, id=29048, stack(0x000000fa88c00000,0x000000fa88d00000) (1024K)]
  0x00000229885129c0 JavaThread "Unconstrained build operations Thread 37"        [_thread_blocked, id=11420, stack(0x000000fa88d00000,0x000000fa88e00000) (1024K)]
  0x0000022988519fe0 JavaThread "Unconstrained build operations Thread 38"        [_thread_blocked, id=35104, stack(0x000000fa88e00000,0x000000fa88f00000) (1024K)]
  0x0000022988515e40 JavaThread "Unconstrained build operations Thread 39"        [_thread_blocked, id=21628, stack(0x000000fa88f00000,0x000000fa89000000) (1024K)]
  0x0000022988514400 JavaThread "Unconstrained build operations Thread 40"        [_thread_blocked, id=18488, stack(0x000000fa89000000,0x000000fa89100000) (1024K)]
  0x0000022988513050 JavaThread "Unconstrained build operations Thread 41"        [_thread_blocked, id=6560, stack(0x000000fa89100000,0x000000fa89200000) (1024K)]
  0x0000022988514a90 JavaThread "Unconstrained build operations Thread 42"        [_thread_blocked, id=16444, stack(0x000000fa89200000,0x000000fa89300000) (1024K)]
  0x00000229885136e0 JavaThread "Unconstrained build operations Thread 43"        [_thread_blocked, id=14504, stack(0x000000fa89300000,0x000000fa89400000) (1024K)]
  0x0000022988517880 JavaThread "Unconstrained build operations Thread 44"        [_thread_blocked, id=32844, stack(0x000000fa89400000,0x000000fa89500000) (1024K)]
Total: 92

Other Threads:
  0x000002299dfdcd70 VMThread "VM Thread"                           [id=6600, stack(0x000000fa82e00000,0x000000fa82f00000) (1024K)]
  0x00000229bcff0ff0 WatcherThread "VM Periodic Task Thread"        [id=2424, stack(0x000000fa82d00000,0x000000fa82e00000) (1024K)]
  0x000002299dfdd4b0 WorkerThread "GC Thread#0"                     [id=30100, stack(0x000000fa82800000,0x000000fa82900000) (1024K)]
  0x000002299dfddf90 WorkerThread "GC Thread#1"                     [id=9520, stack(0x000000fa83900000,0x000000fa83a00000) (1024K)]
  0x000002299dfde330 WorkerThread "GC Thread#2"                     [id=5296, stack(0x000000fa83a00000,0x000000fa83b00000) (1024K)]
  0x00000229bdc9e320 WorkerThread "GC Thread#3"                     [id=23404, stack(0x000000fa83b00000,0x000000fa83c00000) (1024K)]
  0x00000229bdc9d840 WorkerThread "GC Thread#4"                     [id=15840, stack(0x000000fa83c00000,0x000000fa83d00000) (1024K)]
  0x00000229bdc9df80 WorkerThread "GC Thread#5"                     [id=29836, stack(0x000000fa84700000,0x000000fa84800000) (1024K)]
  0x00000229bdc9e6c0 WorkerThread "GC Thread#6"                     [id=14104, stack(0x000000fa84800000,0x000000fa84900000) (1024K)]
  0x00000229bdc9d100 WorkerThread "GC Thread#7"                     [id=28716, stack(0x000000fa84900000,0x000000fa84a00000) (1024K)]
  0x00000229bdc9d4a0 WorkerThread "GC Thread#8"                     [id=23616, stack(0x000000fa84a00000,0x000000fa84b00000) (1024K)]
  0x00000229bdc9f1a0 WorkerThread "GC Thread#9"                     [id=32452, stack(0x000000fa84b00000,0x000000fa84c00000) (1024K)]
  0x000002299e2ba5e0 ConcurrentGCThread "G1 Main Marker"            [id=10916, stack(0x000000fa82900000,0x000000fa82a00000) (1024K)]
  0x000002299dfdd850 WorkerThread "G1 Conc#0"                       [id=27356, stack(0x000000fa82a00000,0x000000fa82b00000) (1024K)]
  0x00000229bdc9c280 WorkerThread "G1 Conc#1"                       [id=20128, stack(0x000000fa85000000,0x000000fa85100000) (1024K)]
  0x00000229bdc9f540 WorkerThread "G1 Conc#2"                       [id=28308, stack(0x000000fa85100000,0x000000fa85200000) (1024K)]
  0x000002299e30e840 ConcurrentGCThread "G1 Refine#0"               [id=17124, stack(0x000000fa82b00000,0x000000fa82c00000) (1024K)]
  0x00000229bcec74f0 ConcurrentGCThread "G1 Service"                [id=19736, stack(0x000000fa82c00000,0x000000fa82d00000) (1024K)]
Total: 18

Threads with active compile tasks:
C2 CompilerThread0    23528 10904   !   4       java.nio.file.FileTreeWalker::next (144 bytes)
Total: 1

VM state: not at safepoint (normal execution)

VM Mutex/Monitor currently owned by a thread: None

Heap address: 0x0000000080000000, size: 2048 MB, Compressed Oops mode: 32-bit

CDS archive(s) mapped at: [0x00000229be000000-0x00000229bec90000-0x00000229bec90000), size 13172736, SharedBaseAddress: 0x00000229be000000, ArchiveRelocationMode: 1.
Compressed class space mapped at: 0x00000229bf000000-0x00000229ff000000, reserved size: 1073741824
Narrow klass base: 0x00000229be000000, Narrow klass shift: 0, Narrow klass range: 0x100000000

GC Precious Log:
 CardTable entry size: 512
 Card Set container configuration: InlinePtr #cards 5 size 8 Array Of Cards #cards 12 size 40 Howl #buckets 4 coarsen threshold 1843 Howl Bitmap #cards 512 size 80 coarsen threshold 460 Card regions per heap region 1 cards per card region 2048
 CPUs: 12 total, 12 available
 Memory: 6005M
 Large Page Support: Disabled
 NUMA Support: Disabled
 Compressed Oops: Enabled (32-bit)
 Heap Region Size: 1M
 Heap Min Capacity: 8M
 Heap Initial Capacity: 94M
 Heap Max Capacity: 2G
 Pre-touch: Disabled
 Parallel Workers: 10
 Concurrent Workers: 3
 Concurrent Refinement Workers: 10
 Periodic GC: Disabled

Heap:
 garbage-first heap   total 152576K, used 88221K [0x0000000080000000, 0x0000000100000000)
  region size 1024K, 6 young (6144K), 5 survivors (5120K)
 Metaspace       used 89640K, committed 91712K, reserved 1179648K
  class space    used 12603K, committed 13632K, reserved 1048576K

Heap Regions: E=young(eden), S=young(survivor), O=old, HS=humongous(starts), HC=humongous(continues), CS=collection set, F=free, TAMS=top-at-mark-start, PB=parsable bottom
|   0|0x0000000080000000, 0x0000000080100000, 0x0000000080100000|100%|HS|  |TAMS 0x0000000080000000| PB 0x0000000080000000| Complete 
|   1|0x0000000080100000, 0x0000000080200000, 0x0000000080200000|100%|HC|  |TAMS 0x0000000080100000| PB 0x0000000080100000| Complete 
|   2|0x0000000080200000, 0x0000000080300000, 0x0000000080300000|100%|HC|  |TAMS 0x0000000080200000| PB 0x0000000080200000| Complete 
|   3|0x0000000080300000, 0x0000000080400000, 0x0000000080400000|100%|HC|  |TAMS 0x0000000080300000| PB 0x0000000080300000| Complete 
|   4|0x0000000080400000, 0x0000000080500000, 0x0000000080500000|100%| O|  |TAMS 0x0000000080400000| PB 0x0000000080400000| Untracked 
|   5|0x0000000080500000, 0x0000000080600000, 0x0000000080600000|100%| O|  |TAMS 0x0000000080500000| PB 0x0000000080500000| Untracked 
|   6|0x0000000080600000, 0x0000000080700000, 0x0000000080700000|100%| O|  |TAMS 0x0000000080600000| PB 0x0000000080600000| Untracked 
|   7|0x0000000080700000, 0x0000000080800000, 0x0000000080800000|100%| O|  |TAMS 0x0000000080700000| PB 0x0000000080700000| Untracked 
|   8|0x0000000080800000, 0x0000000080900000, 0x0000000080900000|100%| O|  |TAMS 0x0000000080800000| PB 0x0000000080800000| Untracked 
|   9|0x0000000080900000, 0x0000000080a00000, 0x0000000080a00000|100%| O|  |TAMS 0x0000000080900000| PB 0x0000000080900000| Untracked 
|  10|0x0000000080a00000, 0x0000000080b00000, 0x0000000080b00000|100%| O|  |TAMS 0x0000000080a00000| PB 0x0000000080a00000| Untracked 
|  11|0x0000000080b00000, 0x0000000080c00000, 0x0000000080c00000|100%| O|  |TAMS 0x0000000080b00000| PB 0x0000000080b00000| Untracked 
|  12|0x0000000080c00000, 0x0000000080d00000, 0x0000000080d00000|100%| O|  |TAMS 0x0000000080c00000| PB 0x0000000080c00000| Untracked 
|  13|0x0000000080d00000, 0x0000000080e00000, 0x0000000080e00000|100%| O|  |TAMS 0x0000000080d00000| PB 0x0000000080d00000| Untracked 
|  14|0x0000000080e00000, 0x0000000080f00000, 0x0000000080f00000|100%| O|  |TAMS 0x0000000080e00000| PB 0x0000000080e00000| Untracked 
|  15|0x0000000080f00000, 0x0000000081000000, 0x0000000081000000|100%| O|  |TAMS 0x0000000080f00000| PB 0x0000000080f00000| Untracked 
|  16|0x0000000081000000, 0x0000000081100000, 0x0000000081100000|100%| O|  |TAMS 0x0000000081000000| PB 0x0000000081000000| Untracked 
|  17|0x0000000081100000, 0x0000000081200000, 0x0000000081200000|100%| O|  |TAMS 0x0000000081100000| PB 0x0000000081100000| Untracked 
|  18|0x0000000081200000, 0x0000000081300000, 0x0000000081300000|100%| O|  |TAMS 0x0000000081200000| PB 0x0000000081200000| Untracked 
|  19|0x0000000081300000, 0x0000000081400000, 0x0000000081400000|100%| O|  |TAMS 0x0000000081300000| PB 0x0000000081300000| Untracked 
|  20|0x0000000081400000, 0x0000000081500000, 0x0000000081500000|100%| O|  |TAMS 0x0000000081400000| PB 0x0000000081400000| Untracked 
|  21|0x0000000081500000, 0x0000000081600000, 0x0000000081600000|100%| O|  |TAMS 0x0000000081500000| PB 0x0000000081500000| Untracked 
|  22|0x0000000081600000, 0x0000000081700000, 0x0000000081700000|100%| O|  |TAMS 0x0000000081600000| PB 0x0000000081600000| Untracked 
|  23|0x0000000081700000, 0x0000000081800000, 0x0000000081800000|100%| O|  |TAMS 0x0000000081700000| PB 0x0000000081700000| Untracked 
|  24|0x0000000081800000, 0x0000000081900000, 0x0000000081900000|100%| O|  |TAMS 0x0000000081800000| PB 0x0000000081800000| Untracked 
|  25|0x0000000081900000, 0x0000000081a00000, 0x0000000081a00000|100%| O|  |TAMS 0x0000000081900000| PB 0x0000000081900000| Untracked 
|  26|0x0000000081a00000, 0x0000000081b00000, 0x0000000081b00000|100%| O|  |TAMS 0x0000000081a00000| PB 0x0000000081a00000| Untracked 
|  27|0x0000000081b00000, 0x0000000081c00000, 0x0000000081c00000|100%| O|  |TAMS 0x0000000081b00000| PB 0x0000000081b00000| Untracked 
|  28|0x0000000081c00000, 0x0000000081d00000, 0x0000000081d00000|100%| O|  |TAMS 0x0000000081c00000| PB 0x0000000081c00000| Untracked 
|  29|0x0000000081d00000, 0x0000000081e00000, 0x0000000081e00000|100%| O|  |TAMS 0x0000000081d00000| PB 0x0000000081d00000| Untracked 
|  30|0x0000000081e00000, 0x0000000081f00000, 0x0000000081f00000|100%| O|  |TAMS 0x0000000081e00000| PB 0x0000000081e00000| Untracked 
|  31|0x0000000081f00000, 0x0000000082000000, 0x0000000082000000|100%| O|  |TAMS 0x0000000081f00000| PB 0x0000000081f00000| Untracked 
|  32|0x0000000082000000, 0x0000000082100000, 0x0000000082100000|100%| O|  |TAMS 0x0000000082000000| PB 0x0000000082000000| Untracked 
|  33|0x0000000082100000, 0x0000000082200000, 0x0000000082200000|100%| O|  |TAMS 0x0000000082100000| PB 0x0000000082100000| Untracked 
|  34|0x0000000082200000, 0x0000000082300000, 0x0000000082300000|100%| O|  |TAMS 0x0000000082200000| PB 0x0000000082200000| Untracked 
|  35|0x0000000082300000, 0x0000000082400000, 0x0000000082400000|100%|HS|  |TAMS 0x0000000082300000| PB 0x0000000082300000| Complete 
|  36|0x0000000082400000, 0x0000000082500000, 0x0000000082500000|100%|HS|  |TAMS 0x0000000082400000| PB 0x0000000082400000| Complete 
|  37|0x0000000082500000, 0x0000000082600000, 0x0000000082600000|100%| O|  |TAMS 0x0000000082500000| PB 0x0000000082500000| Untracked 
|  38|0x0000000082600000, 0x0000000082700000, 0x0000000082700000|100%| O|  |TAMS 0x0000000082600000| PB 0x0000000082600000| Untracked 
|  39|0x0000000082700000, 0x0000000082800000, 0x0000000082800000|100%| O|  |TAMS 0x0000000082700000| PB 0x0000000082700000| Untracked 
|  40|0x0000000082800000, 0x0000000082900000, 0x0000000082900000|100%| O|  |TAMS 0x0000000082800000| PB 0x0000000082800000| Untracked 
|  41|0x0000000082900000, 0x0000000082a00000, 0x0000000082a00000|100%| O|  |TAMS 0x0000000082900000| PB 0x0000000082900000| Untracked 
|  42|0x0000000082a00000, 0x0000000082b00000, 0x0000000082b00000|100%|HS|  |TAMS 0x0000000082a00000| PB 0x0000000082a00000| Complete 
|  43|0x0000000082b00000, 0x0000000082c00000, 0x0000000082c00000|100%| O|  |TAMS 0x0000000082b00000| PB 0x0000000082b00000| Untracked 
|  44|0x0000000082c00000, 0x0000000082d00000, 0x0000000082d00000|100%| O|  |TAMS 0x0000000082c00000| PB 0x0000000082c00000| Untracked 
|  45|0x0000000082d00000, 0x0000000082e00000, 0x0000000082e00000|100%| O|  |TAMS 0x0000000082d00000| PB 0x0000000082d00000| Untracked 
|  46|0x0000000082e00000, 0x0000000082f00000, 0x0000000082f00000|100%| O|  |TAMS 0x0000000082e00000| PB 0x0000000082e00000| Untracked 
|  47|0x0000000082f00000, 0x0000000083000000, 0x0000000083000000|100%|HS|  |TAMS 0x0000000082f00000| PB 0x0000000082f00000| Complete 
|  48|0x0000000083000000, 0x0000000083100000, 0x0000000083100000|100%| O|  |TAMS 0x0000000083000000| PB 0x0000000083000000| Untracked 
|  49|0x0000000083100000, 0x0000000083200000, 0x0000000083200000|100%|HS|  |TAMS 0x0000000083100000| PB 0x0000000083100000| Complete 
|  50|0x0000000083200000, 0x0000000083300000, 0x0000000083300000|100%|HS|  |TAMS 0x0000000083200000| PB 0x0000000083200000| Complete 
|  51|0x0000000083300000, 0x0000000083400000, 0x0000000083400000|100%| O|  |TAMS 0x0000000083300000| PB 0x0000000083300000| Untracked 
|  52|0x0000000083400000, 0x0000000083500000, 0x0000000083500000|100%| O|  |TAMS 0x0000000083400000| PB 0x0000000083400000| Untracked 
|  53|0x0000000083500000, 0x0000000083600000, 0x0000000083600000|100%| O|  |TAMS 0x0000000083500000| PB 0x0000000083500000| Untracked 
|  54|0x0000000083600000, 0x0000000083700000, 0x0000000083700000|100%| O|  |TAMS 0x0000000083600000| PB 0x0000000083600000| Untracked 
|  55|0x0000000083700000, 0x0000000083800000, 0x0000000083800000|100%| O|  |TAMS 0x0000000083700000| PB 0x0000000083700000| Untracked 
|  56|0x0000000083800000, 0x0000000083900000, 0x0000000083900000|100%| O|  |TAMS 0x0000000083800000| PB 0x0000000083800000| Untracked 
|  57|0x0000000083900000, 0x0000000083a00000, 0x0000000083a00000|100%| O|  |TAMS 0x0000000083900000| PB 0x0000000083900000| Untracked 
|  58|0x0000000083a00000, 0x0000000083b00000, 0x0000000083b00000|100%| O|  |TAMS 0x0000000083a00000| PB 0x0000000083a00000| Untracked 
|  59|0x0000000083b00000, 0x0000000083c00000, 0x0000000083c00000|100%| O|  |TAMS 0x0000000083b00000| PB 0x0000000083b00000| Untracked 
|  60|0x0000000083c00000, 0x0000000083d00000, 0x0000000083d00000|100%| O|  |TAMS 0x0000000083c00000| PB 0x0000000083c00000| Untracked 
|  61|0x0000000083d00000, 0x0000000083e00000, 0x0000000083e00000|100%|HS|  |TAMS 0x0000000083d00000| PB 0x0000000083d00000| Complete 
|  62|0x0000000083e00000, 0x0000000083f00000, 0x0000000083f00000|100%| O|  |TAMS 0x0000000083e00000| PB 0x0000000083e00000| Untracked 
|  63|0x0000000083f00000, 0x0000000084000000, 0x0000000084000000|100%| O|  |TAMS 0x0000000083f00000| PB 0x0000000083f00000| Untracked 
|  64|0x0000000084000000, 0x0000000084100000, 0x0000000084100000|100%| O|  |TAMS 0x0000000084000000| PB 0x0000000084000000| Untracked 
|  65|0x0000000084100000, 0x0000000084200000, 0x0000000084200000|100%| O|  |TAMS 0x0000000084100000| PB 0x0000000084100000| Untracked 
|  66|0x0000000084200000, 0x0000000084300000, 0x0000000084300000|100%| O|  |TAMS 0x0000000084200000| PB 0x0000000084200000| Untracked 
|  67|0x0000000084300000, 0x0000000084400000, 0x0000000084400000|100%| O|  |TAMS 0x0000000084300000| PB 0x0000000084300000| Untracked 
|  68|0x0000000084400000, 0x0000000084500000, 0x0000000084500000|100%| O|Cm|TAMS 0x0000000084400000| PB 0x0000000084400000| Complete 
|  69|0x0000000084500000, 0x0000000084600000, 0x0000000084600000|100%| O|Cm|TAMS 0x0000000084500000| PB 0x0000000084500000| Complete 
|  70|0x0000000084600000, 0x0000000084700000, 0x0000000084700000|100%| O|  |TAMS 0x0000000084600000| PB 0x0000000084600000| Untracked 
|  71|0x0000000084700000, 0x0000000084800000, 0x0000000084800000|100%| O|Cm|TAMS 0x0000000084700000| PB 0x0000000084700000| Complete 
|  72|0x0000000084800000, 0x0000000084900000, 0x0000000084900000|100%| O|  |TAMS 0x0000000084800000| PB 0x0000000084800000| Untracked 
|  73|0x0000000084900000, 0x0000000084a00000, 0x0000000084a00000|100%| O|  |TAMS 0x0000000084900000| PB 0x0000000084900000| Untracked 
|  74|0x0000000084a00000, 0x0000000084b00000, 0x0000000084b00000|100%| O|  |TAMS 0x0000000084a00000| PB 0x0000000084a00000| Untracked 
|  75|0x0000000084b00000, 0x0000000084c00000, 0x0000000084c00000|100%| O|  |TAMS 0x0000000084b00000| PB 0x0000000084b00000| Untracked 
|  76|0x0000000084c00000, 0x0000000084c16340, 0x0000000084d00000|  8%| O|  |TAMS 0x0000000084c00000| PB 0x0000000084c00000| Untracked 
|  77|0x0000000084d00000, 0x0000000084e00000, 0x0000000084e00000|100%| O|  |TAMS 0x0000000084d00000| PB 0x0000000084d00000| Untracked 
|  78|0x0000000084e00000, 0x0000000084f00000, 0x0000000084f00000|100%| O|  |TAMS 0x0000000084e00000| PB 0x0000000084e00000| Untracked 
|  79|0x0000000084f00000, 0x0000000085000000, 0x0000000085000000|100%| O|  |TAMS 0x0000000084f00000| PB 0x0000000084f00000| Untracked 
|  80|0x0000000085000000, 0x0000000085100000, 0x0000000085100000|100%| O|  |TAMS 0x0000000085000000| PB 0x0000000085000000| Untracked 
|  81|0x0000000085100000, 0x0000000085200000, 0x0000000085200000|100%| O|  |TAMS 0x0000000085100000| PB 0x0000000085100000| Untracked 
|  82|0x0000000085200000, 0x0000000085200000, 0x0000000085300000|  0%| F|  |TAMS 0x0000000085200000| PB 0x0000000085200000| Untracked 
|  83|0x0000000085300000, 0x0000000085300000, 0x0000000085400000|  0%| F|  |TAMS 0x0000000085300000| PB 0x0000000085300000| Untracked 
|  84|0x0000000085400000, 0x0000000085400000, 0x0000000085500000|  0%| F|  |TAMS 0x0000000085400000| PB 0x0000000085400000| Untracked 
|  85|0x0000000085500000, 0x0000000085500000, 0x0000000085600000|  0%| F|  |TAMS 0x0000000085500000| PB 0x0000000085500000| Untracked 
|  86|0x0000000085600000, 0x0000000085600000, 0x0000000085700000|  0%| F|  |TAMS 0x0000000085600000| PB 0x0000000085600000| Untracked 
|  87|0x0000000085700000, 0x0000000085700000, 0x0000000085800000|  0%| F|  |TAMS 0x0000000085700000| PB 0x0000000085700000| Untracked 
|  88|0x0000000085800000, 0x0000000085800000, 0x0000000085900000|  0%| F|  |TAMS 0x0000000085800000| PB 0x0000000085800000| Untracked 
|  89|0x0000000085900000, 0x0000000085900000, 0x0000000085a00000|  0%| F|  |TAMS 0x0000000085900000| PB 0x0000000085900000| Untracked 
|  90|0x0000000085a00000, 0x0000000085a00000, 0x0000000085b00000|  0%| F|  |TAMS 0x0000000085a00000| PB 0x0000000085a00000| Untracked 
|  91|0x0000000085b00000, 0x0000000085b00000, 0x0000000085c00000|  0%| F|  |TAMS 0x0000000085b00000| PB 0x0000000085b00000| Untracked 
|  92|0x0000000085c00000, 0x0000000085c00000, 0x0000000085d00000|  0%| F|  |TAMS 0x0000000085c00000| PB 0x0000000085c00000| Untracked 
|  93|0x0000000085d00000, 0x0000000085d00000, 0x0000000085e00000|  0%| F|  |TAMS 0x0000000085d00000| PB 0x0000000085d00000| Untracked 
|  94|0x0000000085e00000, 0x0000000085e00000, 0x0000000085f00000|  0%| F|  |TAMS 0x0000000085e00000| PB 0x0000000085e00000| Untracked 
|  95|0x0000000085f00000, 0x0000000085f00000, 0x0000000086000000|  0%| F|  |TAMS 0x0000000085f00000| PB 0x0000000085f00000| Untracked 
|  96|0x0000000086000000, 0x0000000086000000, 0x0000000086100000|  0%| F|  |TAMS 0x0000000086000000| PB 0x0000000086000000| Untracked 
|  97|0x0000000086100000, 0x0000000086100000, 0x0000000086200000|  0%| F|  |TAMS 0x0000000086100000| PB 0x0000000086100000| Untracked 
|  98|0x0000000086200000, 0x0000000086200000, 0x0000000086300000|  0%| F|  |TAMS 0x0000000086200000| PB 0x0000000086200000| Untracked 
|  99|0x0000000086300000, 0x0000000086300000, 0x0000000086400000|  0%| F|  |TAMS 0x0000000086300000| PB 0x0000000086300000| Untracked 
| 100|0x0000000086400000, 0x0000000086400000, 0x0000000086500000|  0%| F|  |TAMS 0x0000000086400000| PB 0x0000000086400000| Untracked 
| 101|0x0000000086500000, 0x0000000086500000, 0x0000000086600000|  0%| F|  |TAMS 0x0000000086500000| PB 0x0000000086500000| Untracked 
| 102|0x0000000086600000, 0x0000000086600000, 0x0000000086700000|  0%| F|  |TAMS 0x0000000086600000| PB 0x0000000086600000| Untracked 
| 103|0x0000000086700000, 0x0000000086700000, 0x0000000086800000|  0%| F|  |TAMS 0x0000000086700000| PB 0x0000000086700000| Untracked 
| 104|0x0000000086800000, 0x0000000086800000, 0x0000000086900000|  0%| F|  |TAMS 0x0000000086800000| PB 0x0000000086800000| Untracked 
| 105|0x0000000086900000, 0x0000000086900000, 0x0000000086a00000|  0%| F|  |TAMS 0x0000000086900000| PB 0x0000000086900000| Untracked 
| 106|0x0000000086a00000, 0x0000000086a00000, 0x0000000086b00000|  0%| F|  |TAMS 0x0000000086a00000| PB 0x0000000086a00000| Untracked 
| 107|0x0000000086b00000, 0x0000000086b00000, 0x0000000086c00000|  0%| F|  |TAMS 0x0000000086b00000| PB 0x0000000086b00000| Untracked 
| 108|0x0000000086c00000, 0x0000000086c00000, 0x0000000086d00000|  0%| F|  |TAMS 0x0000000086c00000| PB 0x0000000086c00000| Untracked 
| 109|0x0000000086d00000, 0x0000000086d00000, 0x0000000086e00000|  0%| F|  |TAMS 0x0000000086d00000| PB 0x0000000086d00000| Untracked 
| 110|0x0000000086e00000, 0x0000000086e111c8, 0x0000000086f00000|  6%| S|CS|TAMS 0x0000000086e00000| PB 0x0000000086e00000| Complete 
| 111|0x0000000086f00000, 0x0000000087000000, 0x0000000087000000|100%| S|CS|TAMS 0x0000000086f00000| PB 0x0000000086f00000| Complete 
| 112|0x0000000087000000, 0x0000000087100000, 0x0000000087100000|100%| S|CS|TAMS 0x0000000087000000| PB 0x0000000087000000| Complete 
| 113|0x0000000087100000, 0x0000000087200000, 0x0000000087200000|100%| S|CS|TAMS 0x0000000087100000| PB 0x0000000087100000| Complete 
| 114|0x0000000087200000, 0x0000000087300000, 0x0000000087300000|100%| S|CS|TAMS 0x0000000087200000| PB 0x0000000087200000| Complete 
| 115|0x0000000087300000, 0x0000000087300000, 0x0000000087400000|  0%| F|  |TAMS 0x0000000087300000| PB 0x0000000087300000| Untracked 
| 116|0x0000000087400000, 0x0000000087400000, 0x0000000087500000|  0%| F|  |TAMS 0x0000000087400000| PB 0x0000000087400000| Untracked 
| 117|0x0000000087500000, 0x0000000087500000, 0x0000000087600000|  0%| F|  |TAMS 0x0000000087500000| PB 0x0000000087500000| Untracked 
| 118|0x0000000087600000, 0x0000000087600000, 0x0000000087700000|  0%| F|  |TAMS 0x0000000087600000| PB 0x0000000087600000| Untracked 
| 119|0x0000000087700000, 0x0000000087700000, 0x0000000087800000|  0%| F|  |TAMS 0x0000000087700000| PB 0x0000000087700000| Untracked 
| 120|0x0000000087800000, 0x0000000087800000, 0x0000000087900000|  0%| F|  |TAMS 0x0000000087800000| PB 0x0000000087800000| Untracked 
| 121|0x0000000087900000, 0x0000000087900000, 0x0000000087a00000|  0%| F|  |TAMS 0x0000000087900000| PB 0x0000000087900000| Untracked 
| 122|0x0000000087a00000, 0x0000000087a00000, 0x0000000087b00000|  0%| F|  |TAMS 0x0000000087a00000| PB 0x0000000087a00000| Untracked 
| 123|0x0000000087b00000, 0x0000000087b00000, 0x0000000087c00000|  0%| F|  |TAMS 0x0000000087b00000| PB 0x0000000087b00000| Untracked 
| 124|0x0000000087c00000, 0x0000000087c00000, 0x0000000087d00000|  0%| F|  |TAMS 0x0000000087c00000| PB 0x0000000087c00000| Untracked 
| 125|0x0000000087d00000, 0x0000000087d00000, 0x0000000087e00000|  0%| F|  |TAMS 0x0000000087d00000| PB 0x0000000087d00000| Untracked 
| 126|0x0000000087e00000, 0x0000000087e00000, 0x0000000087f00000|  0%| F|  |TAMS 0x0000000087e00000| PB 0x0000000087e00000| Untracked 
| 127|0x0000000087f00000, 0x0000000087f00000, 0x0000000088000000|  0%| F|  |TAMS 0x0000000087f00000| PB 0x0000000087f00000| Untracked 
| 128|0x0000000088000000, 0x0000000088000000, 0x0000000088100000|  0%| F|  |TAMS 0x0000000088000000| PB 0x0000000088000000| Untracked 
| 129|0x0000000088100000, 0x0000000088100000, 0x0000000088200000|  0%| F|  |TAMS 0x0000000088100000| PB 0x0000000088100000| Untracked 
| 130|0x0000000088200000, 0x0000000088200000, 0x0000000088300000|  0%| F|  |TAMS 0x0000000088200000| PB 0x0000000088200000| Untracked 
| 131|0x0000000088300000, 0x0000000088300000, 0x0000000088400000|  0%| F|  |TAMS 0x0000000088300000| PB 0x0000000088300000| Untracked 
| 132|0x0000000088400000, 0x0000000088400000, 0x0000000088500000|  0%| F|  |TAMS 0x0000000088400000| PB 0x0000000088400000| Untracked 
| 133|0x0000000088500000, 0x0000000088500000, 0x0000000088600000|  0%| F|  |TAMS 0x0000000088500000| PB 0x0000000088500000| Untracked 
| 134|0x0000000088600000, 0x0000000088600000, 0x0000000088700000|  0%| F|  |TAMS 0x0000000088600000| PB 0x0000000088600000| Untracked 
| 135|0x0000000088700000, 0x0000000088700000, 0x0000000088800000|  0%| F|  |TAMS 0x0000000088700000| PB 0x0000000088700000| Untracked 
| 136|0x0000000088800000, 0x0000000088800000, 0x0000000088900000|  0%| F|  |TAMS 0x0000000088800000| PB 0x0000000088800000| Untracked 
| 137|0x0000000088900000, 0x0000000088900000, 0x0000000088a00000|  0%| F|  |TAMS 0x0000000088900000| PB 0x0000000088900000| Untracked 
| 138|0x0000000088a00000, 0x0000000088a00000, 0x0000000088b00000|  0%| F|  |TAMS 0x0000000088a00000| PB 0x0000000088a00000| Untracked 
| 139|0x0000000088b00000, 0x0000000088b00000, 0x0000000088c00000|  0%| F|  |TAMS 0x0000000088b00000| PB 0x0000000088b00000| Untracked 
| 140|0x0000000088c00000, 0x0000000088c00000, 0x0000000088d00000|  0%| F|  |TAMS 0x0000000088c00000| PB 0x0000000088c00000| Untracked 
| 141|0x0000000088d00000, 0x0000000088d00000, 0x0000000088e00000|  0%| F|  |TAMS 0x0000000088d00000| PB 0x0000000088d00000| Untracked 
| 142|0x0000000088e00000, 0x0000000088e00000, 0x0000000088f00000|  0%| F|  |TAMS 0x0000000088e00000| PB 0x0000000088e00000| Untracked 
| 143|0x0000000088f00000, 0x0000000088f00000, 0x0000000089000000|  0%| F|  |TAMS 0x0000000088f00000| PB 0x0000000088f00000| Untracked 
| 144|0x0000000089000000, 0x0000000089000000, 0x0000000089100000|  0%| F|  |TAMS 0x0000000089000000| PB 0x0000000089000000| Untracked 
| 145|0x0000000089100000, 0x0000000089100000, 0x0000000089200000|  0%| F|  |TAMS 0x0000000089100000| PB 0x0000000089100000| Untracked 
| 146|0x0000000089200000, 0x0000000089200000, 0x0000000089300000|  0%| F|  |TAMS 0x0000000089200000| PB 0x0000000089200000| Untracked 
| 147|0x0000000089300000, 0x0000000089339698, 0x0000000089400000| 22%| E|  |TAMS 0x0000000089300000| PB 0x0000000089300000| Complete 
|2047|0x00000000fff00000, 0x0000000100000000, 0x0000000100000000|100%| O|  |TAMS 0x00000000fff00000| PB 0x00000000fff00000| Untracked 

Card table byte_map: [0x00000229b7f50000,0x00000229b8350000] _byte_map_base: 0x00000229b7b50000

Marking Bits: (CMBitMap*) 0x000002299e2a7ce0
 Bits: [0x00000229b8350000, 0x00000229ba350000)

Polling page: 0x000002299dfb0000

Metaspace:

Usage:
  Non-class:     75.23 MB used.
      Class:     12.31 MB used.
       Both:     87.54 MB used.

Virtual space:
  Non-class space:      128.00 MB reserved,      76.25 MB ( 60%) committed,  2 nodes.
      Class space:        1.00 GB reserved,      13.31 MB (  1%) committed,  1 nodes.
             Both:        1.12 GB reserved,      89.56 MB (  8%) committed. 

Chunk freelists:
   Non-Class:  3.45 MB
       Class:  2.72 MB
        Both:  6.17 MB

MaxMetaspaceSize: unlimited
CompressedClassSpaceSize: 1.00 GB
Initial GC threshold: 21.00 MB
Current GC threshold: 148.12 MB
CDS: on
 - commit_granule_bytes: 65536.
 - commit_granule_words: 8192.
 - virtual_space_node_default_size: 8388608.
 - enlarge_chunks_in_place: 1.
 - use_allocation_guard: 0.


Internal statistics:

num_allocs_failed_limit: 6.
num_arena_births: 3820.
num_arena_deaths: 0.
num_vsnodes_births: 3.
num_vsnodes_deaths: 0.
num_space_committed: 1432.
num_space_uncommitted: 0.
num_chunks_returned_to_freelist: 6.
num_chunks_taken_from_freelist: 7928.
num_chunk_merges: 6.
num_chunk_splits: 5186.
num_chunks_enlarged: 3257.
num_inconsistent_stats: 0.

CodeHeap 'non-profiled nmethods': size=120000Kb used=4911Kb max_used=4911Kb free=115089Kb
 bounds [0x00000229af990000, 0x00000229afe70000, 0x00000229b6ec0000]
CodeHeap 'profiled nmethods': size=120000Kb used=17509Kb max_used=17509Kb free=102490Kb
 bounds [0x00000229a7ec0000, 0x00000229a8fe0000, 0x00000229af3f0000]
CodeHeap 'non-nmethods': size=5760Kb used=2108Kb max_used=2169Kb free=3652Kb
 bounds [0x00000229af3f0000, 0x00000229af660000, 0x00000229af990000]
 total_blobs=10185 nmethods=9349 adapters=739
 compilation: enabled
              stopped_count=0, restarted_count=0
 full_count=0

Compilation events (20 events):
Event: 23.447 Thread 0x00000229bd0344f0 10921       1       org.gradle.api.internal.file.collections.ListBackedFileSet::getFiles (5 bytes)
Event: 23.447 Thread 0x00000229bd0344f0 nmethod 10921 0x00000229afdc0310 code [0x00000229afdc04a0, 0x00000229afdc0568]
Event: 23.447 Thread 0x00000229bd0344f0 10913       3       org.gradle.internal.properties.bean.DefaultPropertyWalker$CachedPropertyValue$$Lambda/0x00000229bf7a6160::<init> (10 bytes)
Event: 23.447 Thread 0x00000229bd0344f0 nmethod 10913 0x00000229a8fd2e10 code [0x00000229a8fd2fc0, 0x00000229a8fd3178]
Event: 23.447 Thread 0x00000229bd0344f0 10914       3       org.gradle.internal.properties.bean.DefaultPropertyWalker$CachedPropertyValue$$Lambda/0x00000229bf7a6160::create (10 bytes)
Event: 23.447 Thread 0x00000229bd0344f0 nmethod 10914 0x00000229a8fd3210 code [0x00000229a8fd33c0, 0x00000229a8fd3598]
Event: 23.447 Thread 0x00000229bd0344f0 10915       3       org.gradle.internal.properties.bean.DefaultPropertyWalker$1$$Lambda/0x00000229bf7a58b0::get (12 bytes)
Event: 23.447 Thread 0x00000229bd0344f0 nmethod 10915 0x00000229a8fd3690 code [0x00000229a8fd3860, 0x00000229a8fd3b08]
Event: 23.447 Thread 0x00000229bd0344f0 10916       3       org.gradle.internal.properties.bean.DefaultPropertyWalker$1::lambda$visitLeaf$0 (8 bytes)
Event: 23.447 Thread 0x00000229bd0344f0 nmethod 10916 0x00000229a8fd3c90 code [0x00000229a8fd3e40, 0x00000229a8fd4060]
Event: 23.449 Thread 0x00000229bd0344f0 10923       3       org.gradle.api.internal.file.CompositeFileCollection::visitContents (11 bytes)
Event: 23.450 Thread 0x00000229bd0344f0 nmethod 10923 0x00000229a8fd4210 code [0x00000229a8fd4420, 0x00000229a8fd4ad8]
Event: 23.450 Thread 0x00000229bd0344f0 10925       3       org.gradle.execution.plan.ValuedVfsHierarchy::<init> (20 bytes)
Event: 23.450 Thread 0x00000229bd0344f0 nmethod 10925 0x00000229a8fd4d10 code [0x00000229a8fd4ec0, 0x00000229a8fd5140]
Event: 23.450 Thread 0x00000229bd0344f0 10924       3       org.gradle.api.internal.file.CompositeFileCollection$$Lambda/0x00000229bfaf9ca8::<init> (10 bytes)
Event: 23.450 Thread 0x00000229bd0344f0 nmethod 10924 0x00000229a8fd5210 code [0x00000229a8fd53c0, 0x00000229a8fd5578]
Event: 23.458 Thread 0x00000229bd0344f0 10926       3       java.util.ComparableTimSort::gallopRight (327 bytes)
Event: 23.459 Thread 0x00000229bd0344f0 nmethod 10926 0x00000229a8fd5610 code [0x00000229a8fd5840, 0x00000229a8fd6368]
Event: 23.459 Thread 0x00000229bd0344f0 10927       3       java.util.ComparableTimSort::gallopLeft (327 bytes)
Event: 23.460 Thread 0x00000229bd0344f0 nmethod 10927 0x00000229a8fd6710 code [0x00000229a8fd6940, 0x00000229a8fd7438]

GC Heap History (20 events):
Event: 15.825 GC heap before
{Heap before GC invocations=26 (full 0):
 garbage-first heap   total 119808K, used 99001K [0x0000000080000000, 0x0000000100000000)
  region size 1024K, 36 young (36864K), 4 survivors (4096K)
 Metaspace       used 66547K, committed 68416K, reserved 1114112K
  class space    used 9289K, committed 10240K, reserved 1048576K
}
Event: 15.828 GC heap after
{Heap after GC invocations=27 (full 0):
 garbage-first heap   total 119808K, used 67559K [0x0000000080000000, 0x0000000100000000)
  region size 1024K, 4 young (4096K), 4 survivors (4096K)
 Metaspace       used 66547K, committed 68416K, reserved 1114112K
  class space    used 9289K, committed 10240K, reserved 1048576K
}
Event: 17.388 GC heap before
{Heap before GC invocations=28 (full 0):
 garbage-first heap   total 119808K, used 101351K [0x0000000080000000, 0x0000000100000000)
  region size 1024K, 38 young (38912K), 4 survivors (4096K)
 Metaspace       used 68674K, committed 70528K, reserved 1114112K
  class space    used 9543K, committed 10496K, reserved 1048576K
}
Event: 17.393 GC heap after
{Heap after GC invocations=29 (full 0):
 garbage-first heap   total 119808K, used 70043K [0x0000000080000000, 0x0000000100000000)
  region size 1024K, 5 young (5120K), 5 survivors (5120K)
 Metaspace       used 68674K, committed 70528K, reserved 1114112K
  class space    used 9543K, committed 10496K, reserved 1048576K
}
Event: 17.954 GC heap before
{Heap before GC invocations=29 (full 0):
 garbage-first heap   total 119808K, used 104859K [0x0000000080000000, 0x0000000100000000)
  region size 1024K, 38 young (38912K), 5 survivors (5120K)
 Metaspace       used 71246K, committed 73152K, reserved 1114112K
  class space    used 9898K, committed 10880K, reserved 1048576K
}
Event: 17.958 GC heap after
{Heap after GC invocations=30 (full 0):
 garbage-first heap   total 119808K, used 71381K [0x0000000080000000, 0x0000000100000000)
  region size 1024K, 2 young (2048K), 2 survivors (2048K)
 Metaspace       used 71246K, committed 73152K, reserved 1114112K
  class space    used 9898K, committed 10880K, reserved 1048576K
}
Event: 18.617 GC heap before
{Heap before GC invocations=30 (full 0):
 garbage-first heap   total 119808K, used 106197K [0x0000000080000000, 0x0000000100000000)
  region size 1024K, 36 young (36864K), 2 survivors (2048K)
 Metaspace       used 73861K, committed 75776K, reserved 1114112K
  class space    used 10380K, committed 11328K, reserved 1048576K
}
Event: 18.619 GC heap after
{Heap after GC invocations=31 (full 0):
 garbage-first heap   total 119808K, used 71555K [0x0000000080000000, 0x0000000100000000)
  region size 1024K, 2 young (2048K), 2 survivors (2048K)
 Metaspace       used 73861K, committed 75776K, reserved 1114112K
  class space    used 10380K, committed 11328K, reserved 1048576K
}
Event: 19.600 GC heap before
{Heap before GC invocations=32 (full 0):
 garbage-first heap   total 121856K, used 107395K [0x0000000080000000, 0x0000000100000000)
  region size 1024K, 38 young (38912K), 2 survivors (2048K)
 Metaspace       used 76585K, committed 78592K, reserved 1179648K
  class space    used 10828K, committed 11840K, reserved 1048576K
}
Event: 19.604 GC heap after
{Heap after GC invocations=33 (full 0):
 garbage-first heap   total 121856K, used 72338K [0x0000000080000000, 0x0000000100000000)
  region size 1024K, 4 young (4096K), 4 survivors (4096K)
 Metaspace       used 76585K, committed 78592K, reserved 1179648K
  class space    used 10828K, committed 11840K, reserved 1048576K
}
Event: 20.334 GC heap before
{Heap before GC invocations=33 (full 0):
 garbage-first heap   total 121856K, used 110226K [0x0000000080000000, 0x0000000100000000)
  region size 1024K, 41 young (41984K), 4 survivors (4096K)
 Metaspace       used 79405K, committed 81472K, reserved 1179648K
  class space    used 11229K, committed 12288K, reserved 1048576K
}
Event: 20.339 GC heap after
{Heap after GC invocations=34 (full 0):
 garbage-first heap   total 121856K, used 74053K [0x0000000080000000, 0x0000000100000000)
  region size 1024K, 6 young (6144K), 6 survivors (6144K)
 Metaspace       used 79405K, committed 81472K, reserved 1179648K
  class space    used 11229K, committed 12288K, reserved 1048576K
}
Event: 21.080 GC heap before
{Heap before GC invocations=34 (full 0):
 garbage-first heap   total 121856K, used 107845K [0x0000000080000000, 0x0000000100000000)
  region size 1024K, 39 young (39936K), 6 survivors (6144K)
 Metaspace       used 82105K, committed 84160K, reserved 1179648K
  class space    used 11650K, committed 12672K, reserved 1048576K
}
Event: 21.085 GC heap after
{Heap after GC invocations=35 (full 0):
 garbage-first heap   total 121856K, used 75523K [0x0000000080000000, 0x0000000100000000)
  region size 1024K, 2 young (2048K), 2 survivors (2048K)
 Metaspace       used 82105K, committed 84160K, reserved 1179648K
  class space    used 11650K, committed 12672K, reserved 1048576K
}
Event: 21.812 GC heap before
{Heap before GC invocations=36 (full 0):
 garbage-first heap   total 128000K, used 111363K [0x0000000080000000, 0x0000000100000000)
  region size 1024K, 38 young (38912K), 2 survivors (2048K)
 Metaspace       used 85145K, committed 87168K, reserved 1179648K
  class space    used 12011K, committed 13056K, reserved 1048576K
}
Event: 21.816 GC heap after
{Heap after GC invocations=37 (full 0):
 garbage-first heap   total 128000K, used 78299K [0x0000000080000000, 0x0000000100000000)
  region size 1024K, 5 young (5120K), 5 survivors (5120K)
 Metaspace       used 85145K, committed 87168K, reserved 1179648K
  class space    used 12011K, committed 13056K, reserved 1048576K
}
Event: 22.608 GC heap before
{Heap before GC invocations=37 (full 0):
 garbage-first heap   total 128000K, used 119259K [0x0000000080000000, 0x0000000100000000)
  region size 1024K, 41 young (41984K), 5 survivors (5120K)
 Metaspace       used 88855K, committed 90944K, reserved 1179648K
  class space    used 12477K, committed 13504K, reserved 1048576K
}
Event: 22.617 GC heap after
{Heap after GC invocations=38 (full 0):
 garbage-first heap   total 133120K, used 82606K [0x0000000080000000, 0x0000000100000000)
  region size 1024K, 6 young (6144K), 6 survivors (6144K)
 Metaspace       used 88855K, committed 90944K, reserved 1179648K
  class space    used 12477K, committed 13504K, reserved 1048576K
}
Event: 22.838 GC heap before
{Heap before GC invocations=38 (full 0):
 garbage-first heap   total 133120K, used 118446K [0x0000000080000000, 0x0000000100000000)
  region size 1024K, 41 young (41984K), 6 survivors (6144K)
 Metaspace       used 88937K, committed 91008K, reserved 1179648K
  class space    used 12489K, committed 13504K, reserved 1048576K
}
Event: 22.843 GC heap after
{Heap after GC invocations=39 (full 0):
 garbage-first heap   total 133120K, used 86436K [0x0000000080000000, 0x0000000100000000)
  region size 1024K, 4 young (4096K), 4 survivors (4096K)
 Metaspace       used 88937K, committed 91008K, reserved 1179648K
  class space    used 12489K, committed 13504K, reserved 1048576K
}

Dll operation events (15 events):
Event: 0.013 Loaded shared library C:\Program Files\Java\jdk-21\bin\java.dll
Event: 0.043 Loaded shared library C:\Program Files\Java\jdk-21\bin\jsvml.dll
Event: 0.083 Loaded shared library C:\Program Files\Java\jdk-21\bin\zip.dll
Event: 0.093 Loaded shared library C:\Program Files\Java\jdk-21\bin\instrument.dll
Event: 0.099 Loaded shared library C:\Program Files\Java\jdk-21\bin\net.dll
Event: 0.102 Loaded shared library C:\Program Files\Java\jdk-21\bin\nio.dll
Event: 0.107 Loaded shared library C:\Program Files\Java\jdk-21\bin\zip.dll
Event: 0.425 Loaded shared library C:\Program Files\Java\jdk-21\bin\jimage.dll
Event: 0.527 Loaded shared library C:\Program Files\Java\jdk-21\bin\verify.dll
Event: 0.765 Loaded shared library C:\Users\B NISHIDA\.gradle\native\c067742578af261105cb4f569cf0c3c89f3d7b1fecec35dd04571415982c5e48\windows-amd64\native-platform.dll
Event: 0.788 Loaded shared library C:\Users\B NISHIDA\.gradle\native\38dada09dfb8b06ba9b0570ebf7e218e3eb74d4ef43ca46872605cf95ebc2f47\windows-amd64\native-platform-file-events.dll
Event: 2.489 Loaded shared library C:\Program Files\Java\jdk-21\bin\management.dll
Event: 2.492 Loaded shared library C:\Program Files\Java\jdk-21\bin\management_ext.dll
Event: 2.794 Loaded shared library C:\Program Files\Java\jdk-21\bin\extnet.dll
Event: 3.025 Loaded shared library C:\Program Files\Java\jdk-21\bin\sunmscapi.dll

Deoptimization events (20 events):
Event: 23.146 Thread 0x0000022987ae6210 Uncommon trap: trap_request=0xffffffc6 fr.pc=0x00000229afddf2d0 relative=0x0000000000000910
Event: 23.146 Thread 0x0000022987ae6210 Uncommon trap: reason=bimorphic_or_optimized_type_check action=maybe_recompile pc=0x00000229afddf2d0 method=com.google.common.collect.AbstractMapBasedMultimap$WrappedCollection.refreshIfEmpty()V @ 59 c2
Event: 23.146 Thread 0x0000022987ae6210 DEOPT PACKING pc=0x00000229afddf2d0 sp=0x000000fa875fb260
Event: 23.146 Thread 0x0000022987ae6210 DEOPT UNPACKING pc=0x00000229af4446a2 sp=0x000000fa875fb218 mode 2
Event: 23.184 Thread 0x0000022987ae75c0 Uncommon trap: trap_request=0xffffff45 fr.pc=0x00000229afc685ec relative=0x000000000000028c
Event: 23.184 Thread 0x0000022987ae75c0 Uncommon trap: reason=unstable_if action=reinterpret pc=0x00000229afc685ec method=com.esotericsoftware.kryo.io.Output.writeString(Ljava/lang/CharSequence;)V @ 50 c2
Event: 23.184 Thread 0x0000022987ae75c0 DEOPT PACKING pc=0x00000229afc685ec sp=0x000000fa87efe290
Event: 23.184 Thread 0x0000022987ae75c0 DEOPT UNPACKING pc=0x00000229af4446a2 sp=0x000000fa87efe210 mode 2
Event: 23.186 Thread 0x0000022987ae75c0 DEOPT PACKING pc=0x00000229a8d2242c sp=0x000000fa87efe270
Event: 23.186 Thread 0x0000022987ae75c0 DEOPT UNPACKING pc=0x00000229af444e42 sp=0x000000fa87efd710 mode 0
Event: 23.186 Thread 0x0000022987ae75c0 DEOPT PACKING pc=0x00000229a8d2242c sp=0x000000fa87efe270
Event: 23.186 Thread 0x0000022987ae75c0 DEOPT UNPACKING pc=0x00000229af444e42 sp=0x000000fa87efd710 mode 0
Event: 23.198 Thread 0x0000022987ae6210 Uncommon trap: trap_request=0xffffffc6 fr.pc=0x00000229afcd9ff4 relative=0x0000000000000374
Event: 23.198 Thread 0x0000022987ae6210 Uncommon trap: reason=bimorphic_or_optimized_type_check action=maybe_recompile pc=0x00000229afcd9ff4 method=java.util.ArrayList$ArrayListSpliterator.tryAdvance(Ljava/util/function/Consumer;)Z @ 48 c2
Event: 23.198 Thread 0x0000022987ae6210 DEOPT PACKING pc=0x00000229afcd9ff4 sp=0x000000fa875fc240
Event: 23.198 Thread 0x0000022987ae6210 DEOPT UNPACKING pc=0x00000229af4446a2 sp=0x000000fa875fc1c0 mode 2
Event: 23.217 Thread 0x0000022987ae75c0 DEOPT PACKING pc=0x00000229a8d20c19 sp=0x000000fa87efe270
Event: 23.217 Thread 0x0000022987ae75c0 DEOPT UNPACKING pc=0x00000229af444e42 sp=0x000000fa87efd710 mode 0
Event: 23.219 Thread 0x0000022984451550 DEOPT PACKING pc=0x00000229a8d20c19 sp=0x000000fa858fe740
Event: 23.219 Thread 0x0000022984451550 DEOPT UNPACKING pc=0x00000229af444e42 sp=0x000000fa858fdbe0 mode 0

Classes loaded (20 events):
Event: 22.189 Loading class java/time/Instant$1
Event: 22.190 Loading class java/time/Instant$1 done
Event: 22.304 Loading class java/io/CharArrayWriter
Event: 22.305 Loading class java/io/CharArrayWriter done
Event: 22.308 Loading class java/io/SequenceInputStream
Event: 22.309 Loading class java/io/SequenceInputStream done
Event: 23.083 Loading class java/util/HashMap$EntrySpliterator
Event: 23.084 Loading class java/util/HashMap$EntrySpliterator done
Event: 23.088 Loading class java/util/LinkedList$LLSpliterator
Event: 23.088 Loading class java/util/LinkedList$LLSpliterator done
Event: 23.224 Loading class java/util/stream/ReferencePipeline$4
Event: 23.226 Loading class java/util/stream/ReferencePipeline$4 done
Event: 23.226 Loading class java/util/function/IntBinaryOperator
Event: 23.227 Loading class java/util/function/IntBinaryOperator done
Event: 23.227 Loading class java/util/stream/ReduceOps$6
Event: 23.228 Loading class java/util/stream/ReduceOps$6 done
Event: 23.228 Loading class java/util/stream/ReduceOps$5ReducingSink
Event: 23.228 Loading class java/util/stream/ReduceOps$5ReducingSink done
Event: 23.228 Loading class java/util/stream/ReferencePipeline$4$1
Event: 23.229 Loading class java/util/stream/ReferencePipeline$4$1 done

Classes unloaded (0 events):
No events

Classes redefined (0 events):
No events

Internal exceptions (20 events):
Event: 20.480 Thread 0x00000229ffd70fa0 Exception <a 'sun/nio/fs/WindowsException'{0x00000000873b72b8}> (0x00000000873b72b8) 
thrown [s\open\src\hotspot\share\prims\jni.cpp, line 520]
Event: 20.480 Thread 0x00000229ffd70fa0 Exception <a 'sun/nio/fs/WindowsException'{0x00000000873b86d0}> (0x00000000873b86d0) 
thrown [s\open\src\hotspot\share\prims\jni.cpp, line 520]
Event: 20.481 Thread 0x00000229ffd70fa0 Exception <a 'sun/nio/fs/WindowsException'{0x00000000873b9ae8}> (0x00000000873b9ae8) 
thrown [s\open\src\hotspot\share\prims\jni.cpp, line 520]
Event: 20.710 Thread 0x00000229ffd70fa0 Exception <a 'java/lang/NullPointerException'{0x000000008673a4d8}> (0x000000008673a4d8) 
thrown [s\open\src\hotspot\share\interpreter\linkResolver.cpp, line 1456]
Event: 21.299 Thread 0x00000229ffd70fa0 Exception <a 'java/lang/NoSuchMethodError'{0x000000008790f950}: 'void java.lang.invoke.DelegatingMethodHandle$Holder.reinvoke_L(java.lang.Object, java.lang.Object, int)'> (0x000000008790f950) 
thrown [s\open\src\hotspot\share\interpreter\linkResolver.cpp, line 773]
Event: 21.299 Thread 0x00000229ffd70fa0 Exception <a 'java/lang/NoSuchMethodError'{0x0000000087917008}: 'void java.lang.invoke.Invokers$Holder.invokeExact_MT(java.lang.Object, java.lang.Object, int, java.lang.Object)'> (0x0000000087917008) 
thrown [s\open\src\hotspot\share\interpreter\linkResolver.cpp, line 773]
Event: 21.816 Thread 0x00000229bd020960 Implicit null exception at 0x00000229afd427c8 to 0x00000229afd42ecc
Event: 21.978 Thread 0x00000229ffd70fa0 Exception <a 'java/lang/NoSuchMethodError'{0x0000000087010a20}: static Lcom/android/build/gradle/internal/profile/ProjectData;.<clinit>()V> (0x0000000087010a20) 
thrown [s\open\src\hotspot\share\prims\jni.cpp, line 1106]
Event: 21.985 Thread 0x00000229ffd70fa0 Exception <a 'java/lang/NoSuchMethodError'{0x00000000870679d8}: static Lcom/android/build/gradle/internal/profile/TaskMetadata;.<clinit>()V> (0x00000000870679d8) 
thrown [s\open\src\hotspot\share\prims\jni.cpp, line 1106]
Event: 22.031 Thread 0x00000229ffd70fa0 Exception <a 'sun/nio/fs/WindowsException'{0x0000000086d53178}> (0x0000000086d53178) 
thrown [s\open\src\hotspot\share\prims\jni.cpp, line 520]
Event: 22.072 Thread 0x00000229ffd70fa0 Implicit null exception at 0x00000229afd4fec5 to 0x00000229afd5077c
Event: 22.142 Thread 0x0000022987ae4140 Exception <a 'java/lang/NoSuchMethodError'{0x00000000866649f8}: 'java.lang.Object java.lang.invoke.DirectMethodHandle$Holder.invokeVirtual(java.lang.Object, java.lang.Object, java.lang.Object, java.lang.Object, java.lang.Object, java.lang.Object, java.lang.Object, java.lang.Object, java.lang.Object, java.lang.Object, java.lang.Object, java.lang.Object, java.lang.Object, java.lang.Object, java.lang.Object, java.lang.Object, java.lang.Object, java.lang.Object, java.lang.Object)'> (0x00000000866649f8) 
thrown
Event: 22.159 Thread 0x0000022987ae4140 Exception <a 'java/lang/NoSuchMethodError'{0x00000000865e6898}: 'void java.lang.invoke.DirectMethodHandle$Holder.invokeSpecial(java.lang.Object, java.lang.Object, java.lang.Object, java.lang.Object, int, java.lang.Object, java.lang.Object)'> (0x00000000865e6898) 
thrown [s\open\src\hotspot\share\interpreter\linkResolver.cpp, line 773]
Event: 22.177 Thread 0x0000022987ae4140 Exception <a 'sun/nio/fs/WindowsException'{0x000000008636b8b8}> (0x000000008636b8b8) 
thrown [s\open\src\hotspot\share\prims\jni.cpp, line 520]
Event: 22.208 Thread 0x0000022987ae4140 Exception <a 'java/lang/IncompatibleClassChangeError'{0x00000000862f01f8}: Found class java.lang.Object, but interface was expected> (0x00000000862f01f8) 
thrown [s\open\src\hotspot\share\interpreter\linkResolver.cpp, line 840]
Event: 22.228 Thread 0x0000022987ae4140 Exception <a 'java/lang/NoSuchMethodError'{0x00000000861e8750}: 'int java.lang.invoke.DirectMethodHandle$Holder.invokeStaticInit(java.lang.Object, java.lang.Object, java.lang.Object, java.lang.Object, java.lang.Object)'> (0x00000000861e8750) 
thrown [s\open\src\hotspot\share\interpreter\linkResolver.cpp, line 773]
Event: 22.648 Thread 0x0000022988152e60 Exception <a 'java/lang/NoSuchMethodError'{0x0000000087c0a1e8}: 'java.lang.Object java.lang.invoke.DirectMethodHandle$Holder.invokeSpecialIFC(java.lang.Object, java.lang.Object, java.lang.Object)'> (0x0000000087c0a1e8) 
thrown [s\open\src\hotspot\share\interpreter\linkResolver.cpp, line 773]
Event: 23.119 Thread 0x0000022987ae6210 Exception <a 'sun/nio/fs/WindowsException'{0x00000000881ae7c0}> (0x00000000881ae7c0) 
thrown [s\open\src\hotspot\share\prims\jni.cpp, line 520]
Event: 23.202 Thread 0x0000022987ae6210 Exception <a 'sun/nio/fs/WindowsException'{0x0000000087be6ed8}> (0x0000000087be6ed8) 
thrown [s\open\src\hotspot\share\prims\jni.cpp, line 520]
Event: 23.204 Thread 0x0000022987ae6210 Exception <a 'sun/nio/fs/WindowsException'{0x0000000087bf0340}> (0x0000000087bf0340) 
thrown [s\open\src\hotspot\share\prims\jni.cpp, line 520]

ZGC Phase Switch (0 events):
No events

VM Operations (20 events):
Event: 22.256 Executing VM operation: ICBufferFull
Event: 22.256 Executing VM operation: ICBufferFull done
Event: 22.606 Executing VM operation: ICBufferFull
Event: 22.606 Executing VM operation: ICBufferFull done
Event: 22.607 Executing VM operation: G1CollectForAllocation (G1 Evacuation Pause)
Event: 22.636 Executing VM operation: G1CollectForAllocation (G1 Evacuation Pause) done
Event: 22.838 Executing VM operation: G1CollectForAllocation (G1 Evacuation Pause)
Event: 22.843 Executing VM operation: G1CollectForAllocation (G1 Evacuation Pause) done
Event: 22.884 Executing VM operation: G1PauseRemark
Event: 22.889 Executing VM operation: G1PauseRemark done
Event: 22.911 Executing VM operation: G1PauseCleanup
Event: 22.912 Executing VM operation: G1PauseCleanup done
Event: 23.076 Executing VM operation: HandshakeAllThreads (Deoptimize)
Event: 23.077 Executing VM operation: HandshakeAllThreads (Deoptimize) done
Event: 23.181 Executing VM operation: HandshakeAllThreads (Deoptimize)
Event: 23.181 Executing VM operation: HandshakeAllThreads (Deoptimize) done
Event: 23.182 Executing VM operation: HandshakeAllThreads (Deoptimize)
Event: 23.182 Executing VM operation: HandshakeAllThreads (Deoptimize) done
Event: 23.185 Executing VM operation: ICBufferFull
Event: 23.185 Executing VM operation: ICBufferFull done

Events (20 events):
Event: 22.889 Thread 0x000002299dfdcd70 flushing nmethod 0x00000229afb98710
Event: 22.889 Thread 0x000002299dfdcd70 flushing nmethod 0x00000229afa3f810
Event: 22.889 Thread 0x000002299dfdcd70 flushing nmethod 0x00000229afa3c790
Event: 22.889 Thread 0x000002299dfdcd70 flushing nmethod 0x00000229afad2010
Event: 22.889 Thread 0x000002299dfdcd70 flushing nmethod 0x00000229afa7ff10
Event: 22.889 Thread 0x000002299dfdcd70 flushing nmethod 0x00000229afaa6a10
Event: 22.889 Thread 0x000002299dfdcd70 flushing nmethod 0x00000229af9c2c10
Event: 22.889 Thread 0x000002299dfdcd70 flushing nmethod 0x00000229afa6b310
Event: 22.889 Thread 0x000002299dfdcd70 flushing nmethod 0x00000229af9c1510
Event: 22.997 Thread 0x00000229885157b0 Thread added: 0x00000229885157b0
Event: 22.998 Thread 0x00000229885171f0 Thread added: 0x00000229885171f0
Event: 22.999 Thread 0x0000022988519950 Thread added: 0x0000022988519950
Event: 23.000 Thread 0x00000229885129c0 Thread added: 0x00000229885129c0
Event: 23.001 Thread 0x0000022988519fe0 Thread added: 0x0000022988519fe0
Event: 23.002 Thread 0x0000022988515e40 Thread added: 0x0000022988515e40
Event: 23.003 Thread 0x0000022988514400 Thread added: 0x0000022988514400
Event: 23.004 Thread 0x0000022988513050 Thread added: 0x0000022988513050
Event: 23.005 Thread 0x0000022988514a90 Thread added: 0x0000022988514a90
Event: 23.007 Thread 0x00000229885136e0 Thread added: 0x00000229885136e0
Event: 23.008 Thread 0x0000022988517880 Thread added: 0x0000022988517880


Dynamic libraries:
0x00007ff6cbb10000 - 0x00007ff6cbb20000 	C:\Program Files\Java\jdk-21\bin\java.exe
0x00007ffcd5830000 - 0x00007ffcd5a48000 	C:\WINDOWS\SYSTEM32\ntdll.dll
0x00007ffcd43d0000 - 0x00007ffcd4494000 	C:\WINDOWS\System32\KERNEL32.DLL
0x00007ffcd2b00000 - 0x00007ffcd2ed3000 	C:\WINDOWS\System32\KERNELBASE.dll
0x00007ffcd2930000 - 0x00007ffcd2a41000 	C:\WINDOWS\System32\ucrtbase.dll
0x00007ffc9b200000 - 0x00007ffc9b219000 	C:\Program Files\Java\jdk-21\bin\jli.dll
0x00007ffcd5730000 - 0x00007ffcd57e1000 	C:\WINDOWS\System32\ADVAPI32.dll
0x00007ffc99ed0000 - 0x00007ffc99eeb000 	C:\Program Files\Java\jdk-21\bin\VCRUNTIME140.dll
0x00007ffcd4110000 - 0x00007ffcd41b7000 	C:\WINDOWS\System32\msvcrt.dll
0x00007ffcd42e0000 - 0x00007ffcd4388000 	C:\WINDOWS\System32\sechost.dll
0x00007ffcd3340000 - 0x00007ffcd3368000 	C:\WINDOWS\System32\bcrypt.dll
0x00007ffcd3820000 - 0x00007ffcd3938000 	C:\WINDOWS\System32\RPCRT4.dll
0x00007ffcd3660000 - 0x00007ffcd3812000 	C:\WINDOWS\System32\USER32.dll
0x00007ffcd2ad0000 - 0x00007ffcd2af6000 	C:\WINDOWS\System32\win32u.dll
0x00007ffcd4600000 - 0x00007ffcd4629000 	C:\WINDOWS\System32\GDI32.dll
0x00007ffcd3210000 - 0x00007ffcd3333000 	C:\WINDOWS\System32\gdi32full.dll
0x00007ffcbf7d0000 - 0x00007ffcbfa6c000 	C:\WINDOWS\WinSxS\amd64_microsoft.windows.common-controls_6595b64144ccf1df_6.0.22621.6060_none_2712eda17382d24b\COMCTL32.dll
0x00007ffcd3430000 - 0x00007ffcd34ca000 	C:\WINDOWS\System32\msvcp_win.dll
0x00007ffcc8650000 - 0x00007ffcc865a000 	C:\WINDOWS\SYSTEM32\VERSION.dll
0x00007ffcd3ed0000 - 0x00007ffcd3f01000 	C:\WINDOWS\System32\IMM32.DLL
0x00007ffcc1990000 - 0x00007ffcc199c000 	C:\Program Files\Java\jdk-21\bin\vcruntime140_1.dll
0x00007ffc92de0000 - 0x00007ffc92e6e000 	C:\Program Files\Java\jdk-21\bin\msvcp140.dll
0x00007ffc20e10000 - 0x00007ffc21b25000 	C:\Program Files\Java\jdk-21\bin\server\jvm.dll
0x00007ffcd4080000 - 0x00007ffcd40f1000 	C:\WINDOWS\System32\WS2_32.dll
0x00007ffcd2800000 - 0x00007ffcd284d000 	C:\WINDOWS\SYSTEM32\POWRPROF.dll
0x00007ffccb2f0000 - 0x00007ffccb324000 	C:\WINDOWS\SYSTEM32\WINMM.dll
0x00007ffcd27e0000 - 0x00007ffcd27f3000 	C:\WINDOWS\SYSTEM32\UMPDC.dll
0x00007ffcd1900000 - 0x00007ffcd1918000 	C:\WINDOWS\SYSTEM32\kernel.appcore.dll
0x00007ffcc1970000 - 0x00007ffcc197a000 	C:\Program Files\Java\jdk-21\bin\jimage.dll
0x00007ffcd0440000 - 0x00007ffcd0673000 	C:\WINDOWS\SYSTEM32\DBGHELP.DLL
0x00007ffcd4630000 - 0x00007ffcd49c2000 	C:\WINDOWS\System32\combase.dll
0x00007ffcd4bb0000 - 0x00007ffcd4c88000 	C:\WINDOWS\System32\OLEAUT32.dll
0x00007ffcc8b60000 - 0x00007ffcc8b92000 	C:\WINDOWS\SYSTEM32\dbgcore.DLL
0x00007ffcd2a50000 - 0x00007ffcd2acb000 	C:\WINDOWS\System32\bcryptPrimitives.dll
0x00007ffc99ca0000 - 0x00007ffc99caf000 	C:\Program Files\Java\jdk-21\bin\instrument.dll
0x00007ffc99ae0000 - 0x00007ffc99aff000 	C:\Program Files\Java\jdk-21\bin\java.dll
0x00007ffcd4e80000 - 0x00007ffcd571e000 	C:\WINDOWS\System32\SHELL32.dll
0x00007ffcd30d0000 - 0x00007ffcd320f000 	C:\WINDOWS\System32\wintypes.dll
0x00007ffcd0810000 - 0x00007ffcd1128000 	C:\WINDOWS\SYSTEM32\windows.storage.dll
0x00007ffcd3550000 - 0x00007ffcd3654000 	C:\WINDOWS\System32\SHCORE.dll
0x00007ffcd41c0000 - 0x00007ffcd4229000 	C:\WINDOWS\System32\shlwapi.dll
0x00007ffcd2860000 - 0x00007ffcd2885000 	C:\WINDOWS\SYSTEM32\profapi.dll
0x00007ffc7f6b0000 - 0x00007ffc7f787000 	C:\Program Files\Java\jdk-21\bin\jsvml.dll
0x00007ffc99a70000 - 0x00007ffc99a88000 	C:\Program Files\Java\jdk-21\bin\zip.dll
0x00007ffcae820000 - 0x00007ffcae830000 	C:\Program Files\Java\jdk-21\bin\net.dll
0x00007ffccda10000 - 0x00007ffccdb3c000 	C:\WINDOWS\SYSTEM32\WINHTTP.dll
0x00007ffcd1de0000 - 0x00007ffcd1e49000 	C:\WINDOWS\system32\mswsock.dll
0x00007ffc99a90000 - 0x00007ffc99aa6000 	C:\Program Files\Java\jdk-21\bin\nio.dll
0x00007ffca5860000 - 0x00007ffca5870000 	C:\Program Files\Java\jdk-21\bin\verify.dll
0x00007ffcac520000 - 0x00007ffcac547000 	C:\Users\B NISHIDA\.gradle\native\c067742578af261105cb4f569cf0c3c89f3d7b1fecec35dd04571415982c5e48\windows-amd64\native-platform.dll
0x00007ffc6a630000 - 0x00007ffc6a774000 	C:\Users\B NISHIDA\.gradle\native\38dada09dfb8b06ba9b0570ebf7e218e3eb74d4ef43ca46872605cf95ebc2f47\windows-amd64\native-platform-file-events.dll
0x00007ffc9b590000 - 0x00007ffc9b59a000 	C:\Program Files\Java\jdk-21\bin\management.dll
0x00007ffc9a040000 - 0x00007ffc9a04b000 	C:\Program Files\Java\jdk-21\bin\management_ext.dll
0x00007ffcd39d0000 - 0x00007ffcd39d8000 	C:\WINDOWS\System32\PSAPI.DLL
0x00007ffcd2040000 - 0x00007ffcd205b000 	C:\WINDOWS\SYSTEM32\CRYPTSP.dll
0x00007ffcd1860000 - 0x00007ffcd1897000 	C:\WINDOWS\system32\rsaenh.dll
0x00007ffcd1ed0000 - 0x00007ffcd1ef8000 	C:\WINDOWS\SYSTEM32\USERENV.dll
0x00007ffcd2030000 - 0x00007ffcd203c000 	C:\WINDOWS\SYSTEM32\CRYPTBASE.dll
0x00007ffcd13d0000 - 0x00007ffcd13fd000 	C:\WINDOWS\SYSTEM32\IPHLPAPI.DLL
0x00007ffcd4100000 - 0x00007ffcd4109000 	C:\WINDOWS\System32\NSI.dll
0x00007ffc99fd0000 - 0x00007ffc99fd7000 	C:\Program Files\Java\jdk-21\bin\extnet.dll
0x00007ffc99a60000 - 0x00007ffc99a6e000 	C:\Program Files\Java\jdk-21\bin\sunmscapi.dll
0x00007ffcd2f60000 - 0x00007ffcd30c8000 	C:\WINDOWS\System32\CRYPT32.dll
0x00007ffcd21f0000 - 0x00007ffcd221e000 	C:\WINDOWS\SYSTEM32\ncrypt.dll
0x00007ffcd21b0000 - 0x00007ffcd21e7000 	C:\WINDOWS\SYSTEM32\NTASN1.dll
0x00007ffccdc10000 - 0x00007ffccdc18000 	C:\WINDOWS\system32\wshunix.dll

dbghelp: loaded successfully - version: 4.0.5 - missing functions: none
symbol engine: initialized successfully - sym options: 0x614 - pdb path: .;C:\Program Files\Java\jdk-21\bin;C:\WINDOWS\SYSTEM32;C:\WINDOWS\WinSxS\amd64_microsoft.windows.common-controls_6595b64144ccf1df_6.0.22621.6060_none_2712eda17382d24b;C:\Program Files\Java\jdk-21\bin\server;C:\Users\B NISHIDA\.gradle\native\c067742578af261105cb4f569cf0c3c89f3d7b1fecec35dd04571415982c5e48\windows-amd64;C:\Users\B NISHIDA\.gradle\native\38dada09dfb8b06ba9b0570ebf7e218e3eb74d4ef43ca46872605cf95ebc2f47\windows-amd64

VM Arguments:
jvm_args: --add-opens=java.base/java.util=ALL-UNNAMED --add-opens=java.base/java.lang=ALL-UNNAMED --add-opens=java.base/java.lang.invoke=ALL-UNNAMED --add-opens=java.prefs/java.util.prefs=ALL-UNNAMED --add-opens=java.base/java.nio.charset=ALL-UNNAMED --add-opens=java.base/java.net=ALL-UNNAMED --add-opens=java.base/java.util.concurrent.atomic=ALL-UNNAMED -Xmx2048m -Dfile.encoding=UTF-8 -Duser.country=IN -Duser.language=en -Duser.variant -javaagent:C:\Users\B NISHIDA\.gradle\wrapper\dists\gradle-8.7-bin\bhs2wmbdwecv87pi65oeuq5iu\gradle-8.7\lib\agents\gradle-instrumentation-agent-8.7.jar 
java_command: org.gradle.launcher.daemon.bootstrap.GradleDaemon 8.7
java_class_path (initial): C:\Users\B NISHIDA\.gradle\wrapper\dists\gradle-8.7-bin\bhs2wmbdwecv87pi65oeuq5iu\gradle-8.7\lib\gradle-launcher-8.7.jar
Launcher Type: SUN_STANDARD

[Global flags]
     intx CICompilerCount                          = 4                                         {product} {ergonomic}
     uint ConcGCThreads                            = 3                                         {product} {ergonomic}
     uint G1ConcRefinementThreads                  = 10                                        {product} {ergonomic}
   size_t G1HeapRegionSize                         = 1048576                                   {product} {ergonomic}
    uintx GCDrainStackTargetSize                   = 64                                        {product} {ergonomic}
   size_t InitialHeapSize                          = 98566144                                  {product} {ergonomic}
   size_t MarkStackSize                            = 4194304                                   {product} {ergonomic}
   size_t MaxHeapSize                              = 2147483648                                {product} {command line}
   size_t MaxNewSize                               = 1287651328                                {product} {ergonomic}
   size_t MinHeapDeltaBytes                        = 1048576                                   {product} {ergonomic}
   size_t MinHeapSize                              = 8388608                                   {product} {ergonomic}
    uintx NonNMethodCodeHeapSize                   = 5839372                                {pd product} {ergonomic}
    uintx NonProfiledCodeHeapSize                  = 122909434                              {pd product} {ergonomic}
    uintx ProfiledCodeHeapSize                     = 122909434                              {pd product} {ergonomic}
    uintx ReservedCodeCacheSize                    = 251658240                              {pd product} {ergonomic}
     bool SegmentedCodeCache                       = true                                      {product} {ergonomic}
   size_t SoftMaxHeapSize                          = 2147483648                             {manageable} {ergonomic}
     bool UseCompressedOops                        = true                           {product lp64_product} {ergonomic}
     bool UseG1GC                                  = true                                      {product} {ergonomic}
     bool UseLargePagesIndividualAllocation        = false                                  {pd product} {ergonomic}

Logging:
Log output configuration:
 #0: stdout all=warning uptime,level,tags foldmultilines=false
 #1: stderr all=off uptime,level,tags foldmultilines=false

Environment Variables:
JAVA_HOME=C:\Program Files\Java\jdk-21
CLASSPATH=C:\Users\B NISHIDA\AndroidStudioProjects\MyApplication3\\gradle\wrapper\gradle-wrapper.jar
PATH=C:\Program Files\Python312\Scripts\;C:\Program Files\Python312\;C:\Program Files (x86)\VMware\VMware Workstation\bin\;C:\Program Files\Common Files\Oracle\Java\javapath;C:\Program Files (x86)\Common Files\Oracle\Java\javapath;C:\Program Files\Python311\Scripts\;C:\Program Files\Python311\;C:\WINDOWS\system32;C:\WINDOWS;C:\WINDOWS\System32\Wbem;C:\WINDOWS\System32\WindowsPowerShell\v1.0\;C:\WINDOWS\System32\OpenSSH\;C:\Program Files\dotnet\;C:\Program Files\Java\jdk-21\bin;C:\Program Files\Git\cmd;C:\Program Files\Git\mingw64\bin;C:\Program Files\Git\usr\bin;C:\Users\B NISHIDA\AppData\Local\Microsoft\WindowsApps;;C:\intelFPGA\20.1\modelsim_ase\win32aloem;C:\Users\B NISHIDA\AppData\Local\Programs\Microsoft VS Code\bin;C:\Users\B NISHIDA\AppData\Local\Programs\Antigravity\bin
USERNAME=B NISHIDA
OS=Windows_NT
PROCESSOR_IDENTIFIER=AMD64 Family 23 Model 104 Stepping 1, AuthenticAMD
TMP=C:\Users\BNISHI~1\AppData\Local\Temp
TEMP=C:\Users\BNISHI~1\AppData\Local\Temp




Periodic native trim disabled

---------------  S Y S T E M  ---------------

OS:
 Windows 11 , 64 bit Build 22621 (10.0.22621.5415)
OS uptime: 9 days 23:23 hours

CPU: total 12 (initial active 12) (12 cores per cpu, 2 threads per core) family 23 model 104 stepping 1 microcode 0x0, cx8, cmov, fxsr, ht, mmx, 3dnowpref, sse, sse2, sse3, ssse3, sse4a, sse4.1, sse4.2, popcnt, lzcnt, tsc, tscinvbit, avx, avx2, aes, clmul, bmi1, bmi2, adx, sha, fma, vzeroupper, clflush, clflushopt, rdtscp, rdpid, f16c
Processor Information for processor 0
  Max Mhz: 2100, Current Mhz: 2100, Mhz Limit: 2100
Processor Information for processor 1
  Max Mhz: 2100, Current Mhz: 2100, Mhz Limit: 2100
Processor Information for processor 2
  Max Mhz: 2100, Current Mhz: 2100, Mhz Limit: 2100
Processor Information for processor 3
  Max Mhz: 2100, Current Mhz: 2100, Mhz Limit: 2100
Processor Information for processor 4
  Max Mhz: 2100, Current Mhz: 2100, Mhz Limit: 2100
Processor Information for processor 5
  Max Mhz: 2100, Current Mhz: 2100, Mhz Limit: 2100
Processor Information for processor 6
  Max Mhz: 2100, Current Mhz: 2100, Mhz Limit: 2100
Processor Information for processor 7
  Max Mhz: 2100, Current Mhz: 2100, Mhz Limit: 2100
Processor Information for processor 8
  Max Mhz: 2100, Current Mhz: 2100, Mhz Limit: 2100
Processor Information for processor 9
  Max Mhz: 2100, Current Mhz: 1988, Mhz Limit: 2100
Processor Information for processor 10
  Max Mhz: 2100, Current Mhz: 2100, Mhz Limit: 2100
Processor Information for processor 11
  Max Mhz: 2100, Current Mhz: 2100, Mhz Limit: 2100

Memory: 4k page, system-wide physical 6005M (301M free)
TotalPageFile size 24437M (AvailPageFile size 5M)
current process WorkingSet (physical memory assigned to process): 409M, peak: 411M
current process commit charge ("private bytes"): 456M, peak: 458M

vm_info: Java HotSpot(TM) 64-Bit Server VM (21.0.1+12-LTS-29) for windows-amd64 JRE (21.0.1+12-LTS-29), built on 2023-10-05T13:27:09Z by "mach5one" with MS VC++ 17.1 (VS2022)

END.
